Loading tweets...
Doing 10 cross folds...
Loading Data...
Training Model...

----- Results -----
Macro F1: 17.964
-----
Micro F1: 32.786
Precision: 32.786
Recall: 32.786

--- Details ---
Training data len: 88731 Testing data len: 9858
Training data class counts: 0: 17763, 1: 12159, 2: 8337, 3: 6124, 4: 5800, 5: 3947, 6: 3430, 7: 3260, 8: 3114, 9: 3037, 10: 2793, 11: 2606, 12: 2489, 13: 2432, 14: 2333, 15: 2296, 16: 2296, 17: 2246, 18: 2269
Testing  data class counts: 0: 1882, 1: 1338, 2: 908, 3: 641, 4: 647, 5: 438, 6: 397, 7: 384, 8: 385, 9: 331, 10: 332, 11: 297, 12: 296, 13: 258, 14: 276, 15: 242, 16: 283, 17: 262, 18: 261

--- Matrix ---
 0: 1362  288   62   63   22   19   17    4    7   20    4    2    1    1    0    2    8    0    0   ∑ = 1882
 1:  299  690  128   44   41   18   21    7   11   50   12    0    2    1    0    3   11    0    0   ∑ = 1338
 2:  109  198  484   13   28   13   18    8    6   15    5    0    1    2    0    0    5    1    2   ∑ =  908
 3:  327  164   30   56   12   12    3    2    7   13    3    0    0    0    1    4    7    0    0   ∑ =  641
 4:  133  225   78   21   97   21   16   10   15   15    9    0    1    1    0    2    3    0    0   ∑ =  647
 5:  152  115   47   18   23   48   10    8    4    6    0    0    1    0    0    1    5    0    0   ∑ =  438
 6:   71   65   64   21   24    6  120    9    8    3    2    1    1    0    0    2    0    0    0   ∑ =  397
 7:   83   99   81    9   20    9   18   26    4   13    5    0    1    0    0    7    9    0    0   ∑ =  384
 8:   98  127   35   18   20    6   13    9   40    8    4    0    1    0    0    4    2    0    0   ∑ =  385
 9:   22   70   10    1    9    0    7    0    2  209    1    0    0    0    0    0    0    0    0   ∑ =  331
10:   66  107   58    6   27    5    7    1    9   20   15    0    1    0    1    5    3    0    1   ∑ =  332
11:  126   71   27   22    9    4    4    2    5    9    4    7    0    1    0    3    3    0    0   ∑ =  297
12:  145   74   19   21   10    2    5    1    2    6    1    0    4    0    0    0    6    0    0   ∑ =  296
13:   41   94   63    7   16    5   10    7    2    5    5    0    0    1    0    1    1    0    0   ∑ =  258
14:  132   74   12   27    6    6    4    0    4    2    0    0    0    0    1    2    6    0    0   ∑ =  276
15:   92   54   20   15   13    3    2    6    2    9    1    0    0    0    0   14   11    0    0   ∑ =  242
16:   72   62   54    9    8    4    2    7    2    2    1    2    0    0    0    0   58    0    0   ∑ =  283
17:  154   59    6   17    3    5    2    0    5    5    1    1    0    0    0    2    2    0    0   ∑ =  262
18:   49  101   53    2   23    9    5    3    1    9    2    0    0    1    0    0    3    0    0   ∑ =  261

Loading Data...
Training Model...

----- Results -----
Macro F1: 17.827
-----
Micro F1: 32.928
Precision: 32.928
Recall: 32.928

--- Details ---
Training data len: 88731 Testing data len: 9858
Training data class counts: 0: 17643, 1: 12193, 2: 8335, 3: 6064, 4: 5774, 5: 3968, 6: 3464, 7: 3280, 8: 3148, 9: 3057, 10: 2816, 11: 2613, 12: 2488, 13: 2447, 14: 2337, 15: 2262, 16: 2338, 17: 2246, 18: 2258
Testing  data class counts: 0: 2002, 1: 1304, 2: 910, 3: 701, 4: 673, 5: 417, 6: 363, 7: 364, 8: 351, 9: 311, 10: 309, 11: 290, 12: 297, 13: 243, 14: 272, 15: 276, 16: 241, 17: 262, 18: 272

--- Matrix ---
 0: 1451  291   58   68   32   23   10   15    9   23    5    0    1    1    0    1   13    1    0   ∑ = 2002
 1:  292  689  127   45   53   19   13    4   14   29    4    4    0    1    0    3    7    0    0   ∑ = 1304
 2:  110  220  456   15   25    6   26   12   11   10    4    1    0    3    1    2    8    0    0   ∑ =  910
 3:  342  170   38   63   21   13    7    7    7   11    4    0    0    3    0    4   11    0    0   ∑ =  701
 4:  145  239   87   12   89   23   28    7   10   18    5    1    0    0    1    1    7    0    0   ∑ =  673
 5:  137  103   43    6   36   57   11    7    6    3    2    1    0    0    0    0    5    0    0   ∑ =  417
 6:   61   71   51    8   22    6  125    7    4    3    1    0    1    1    0    0    1    0    1   ∑ =  363
 7:   94  104   61   14   25    8   17   17    2    7    4    0    0    1    0    4    6    0    0   ∑ =  364
 8:  101  116   26   15   21    7    7    4   32   11    6    1    0    0    0    1    3    0    0   ∑ =  351
 9:   22   70   15    4    9    0    8    2    3  172    3    0    0    0    0    1    2    0    0   ∑ =  311
10:   55  112   52    8   18    5    7    4   10   18   14    0    0    3    0    0    2    0    1   ∑ =  309
11:  125   79   21   17   10    5    5    1    2   14    0    4    1    0    0    3    3    0    0   ∑ =  290
12:  140   94   17   21    6    4    3    0    2    4    0    0    1    1    0    2    1    0    1   ∑ =  297
13:   38   71   73    4   22    2    6    8    2    4    1    0    0    4    0    4    4    0    0   ∑ =  243
14:  147   67   12   21   10    2    2    1    1    3    1    0    0    0    0    3    1    1    0   ∑ =  272
15:   86   84   23   15   12    2    2    6    2    4    1    0    0    0    1   23   15    0    0   ∑ =  276
16:   65   55   48    8    6    0    2    2    0    5    1    0    0    1    0    3   45    0    0   ∑ =  241
17:  135   55   17   31    7    1    1    0    1    5    1    1    0    0    0    2    4    1    0   ∑ =  262
18:   42  106   57    3   21    4    6    5    9   11    2    0    1    0    0    2    0    0    3   ∑ =  272

Loading Data...
Training Model...

----- Results -----
Macro F1: 17.755
-----
Micro F1: 32.735
Precision: 32.735
Recall: 32.735

--- Details ---
Training data len: 88731 Testing data len: 9858
Training data class counts: 0: 17715, 1: 12145, 2: 8293, 3: 6095, 4: 5756, 5: 3913, 6: 3428, 7: 3304, 8: 3183, 9: 3015, 10: 2802, 11: 2623, 12: 2509, 13: 2419, 14: 2374, 15: 2288, 16: 2343, 17: 2255, 18: 2271
Testing  data class counts: 0: 1930, 1: 1352, 2: 952, 3: 670, 4: 691, 5: 472, 6: 399, 7: 340, 8: 316, 9: 353, 10: 323, 11: 280, 12: 276, 13: 271, 14: 235, 15: 250, 16: 236, 17: 253, 18: 259

--- Matrix ---
 0: 1366  294   74   72   36   15    8    8   11   18    2    1    1    0    0    2   20    0    2   ∑ = 1930
 1:  285  702  131   28   69   26   17    7   14   46   10    1    1    1    0    2   12    0    0   ∑ = 1352
 2:  119  230  472   11   36    6   28    9    6   14    7    0    0    1    0    1   12    0    0   ∑ =  952
 3:  348  145   36   64   27   12    7    2    7    9    1    0    1    0    1    1    9    0    0   ∑ =  670
 4:  149  243   88   17   91   28   24   12    9   16    2    0    0    3    0    6    3    0    0   ∑ =  691
 5:  157  123   54   20   29   51   13    2    5    6    3    0    0    1    1    2    5    0    0   ∑ =  472
 6:   61   70   64   11   19    3  136   12   14    2    2    1    0    1    0    1    2    0    0   ∑ =  399
 7:   66  109   66    8   40    8   13    8    3    3    3    0    0    1    0    3    9    0    0   ∑ =  340
 8:   76   91   52    9   19    9   11    4   25   12    4    0    0    0    0    3    1    0    0   ∑ =  316
 9:   35   72   10    1   12    1    8    3    1  203    2    0    0    0    0    2    3    0    0   ∑ =  353
10:   64  117   45   13   23    1   11    4    7    9   22    1    0    2    0    0    3    1    0   ∑ =  323
11:  104   83   25   21   14    4    5    1    4    8    3    3    0    0    0    1    4    0    0   ∑ =  280
12:  135   78   17   17    4    5    2    0    3    5    5    0    0    1    0    1    3    0    0   ∑ =  276
13:   48   73   78   13   19    6    7    6    3    6    4    0    0    5    0    0    3    0    0   ∑ =  271
14:  128   55    6   23    6    3    1    2    1    3    0    1    0    0    1    2    3    0    0   ∑ =  235
15:   77   69   16   18   10    4    3    6    3    9    1    0    1    0    1   19   11    0    2   ∑ =  250
16:   58   47   35   12   12    0    3    4    2    3    0    1    0    0    0    2   57    0    0   ∑ =  236
17:  129   62   11   26    3    6    1    0    2    4    0    0    0    0    1    2    5    1    0   ∑ =  253
18:   35   93   56    8   25    4   14    4    3   10    3    0    0    1    0    1    1    0    1   ∑ =  259

Loading Data...
Training Model...

----- Results -----
Macro F1: 18.656
-----
Micro F1: 33.658
Precision: 33.658
Recall: 33.658

--- Details ---
Training data len: 88731 Testing data len: 9858
Training data class counts: 0: 17657, 1: 12117, 2: 8324, 3: 6111, 4: 5791, 5: 3920, 6: 3447, 7: 3299, 8: 3170, 9: 3026, 10: 2818, 11: 2621, 12: 2503, 13: 2424, 14: 2344, 15: 2277, 16: 2336, 17: 2256, 18: 2290
Testing  data class counts: 0: 1988, 1: 1380, 2: 921, 3: 654, 4: 656, 5: 465, 6: 380, 7: 345, 8: 329, 9: 342, 10: 307, 11: 282, 12: 282, 13: 266, 14: 265, 15: 261, 16: 243, 17: 252, 18: 240

--- Matrix ---
 0: 1419  299   74   67   43   20    9    9   11   18    3    2    1    0    0    4    9    0    0   ∑ = 1988
 1:  328  697  156   30   58   18   12    6   15   41    8    0    0    1    0    2    8    0    0   ∑ = 1380
 2:   94  232  483   11   21    7   25   17    5    8    7    0    0    0    0    1   10    0    0   ∑ =  921
 3:  312  166   34   71   17   10    8    5    6    8    2    0    0    1    1    1   12    0    0   ∑ =  654
 4:  161  211   68   18  107   18   20   10   14   16    5    0    0    1    0    4    3    0    0   ∑ =  656
 5:  154  135   45   15   32   53   10    5    5    4    0    0    0    0    0    0    6    1    0   ∑ =  465
 6:   53   73   53   10   23    3  141    4    9    2    2    0    0    1    0    2    3    0    1   ∑ =  380
 7:   62   83   92    9   31   11   12   23    7    7    3    0    0    1    0    1    3    0    0   ∑ =  345
 8:   86   91   39    9   22    7   14    4   42    7    1    0    0    1    0    3    2    0    1   ∑ =  329
 9:   35   75   17    2   11    1    7    4    0  186    1    0    0    1    0    1    1    0    0   ∑ =  342
10:   73  102   43    7   19    5   12    9    7   11   15    0    0    1    0    0    3    0    0   ∑ =  307
11:  117   82   16   19   11    3    9    3    4   11    1    1    0    0    0    3    2    0    0   ∑ =  282
12:  110   81   22   32    7    4    3    2    1   11    2    2    2    0    1    0    1    0    1   ∑ =  282
13:   41   95   61    4   23    7    8    4    2    8    5    0    0    4    0    2    2    0    0   ∑ =  266
14:  150   61   11   27    2    3    3    1    2    0    0    1    0    0    0    2    1    1    0   ∑ =  265
15:   88   76   18   19    9    3    1    5    5    3    3    0    0    0    0   21   10    0    0   ∑ =  261
16:   67   58   41    5    8    1    2    5    1    2    0    0    0    0    0    1   52    0    0   ∑ =  243
17:  145   49   14   25    5    2    2    0    0    2    2    1    0    0    0    0    4    1    0   ∑ =  252
18:   35   88   52    8   22    4    5    3    9    6    2    0    0    0    1    2    3    0    0   ∑ =  240

Loading Data...
Training Model...

----- Results -----
Macro F1: 18.31
-----
Micro F1: 33.364
Precision: 33.364
Recall: 33.364

--- Details ---
Training data len: 88731 Testing data len: 9858
Training data class counts: 0: 17637, 1: 12156, 2: 8332, 3: 6067, 4: 5823, 5: 3933, 6: 3454, 7: 3266, 8: 3135, 9: 3046, 10: 2813, 11: 2643, 12: 2491, 13: 2416, 14: 2333, 15: 2267, 16: 2327, 17: 2270, 18: 2322
Testing  data class counts: 0: 2008, 1: 1341, 2: 913, 3: 698, 4: 624, 5: 452, 6: 373, 7: 378, 8: 364, 9: 322, 10: 312, 11: 260, 12: 294, 13: 274, 14: 276, 15: 271, 16: 252, 17: 238, 18: 208

--- Matrix ---
 0: 1435  314   64   67   24   17   18    3    6   25    5    2    0    1    1    7   16    3    0   ∑ = 2008
 1:  294  709  135   32   50   21   22    3    6   45    8    2    0    0    0    5    9    0    0   ∑ = 1341
 2:  106  220  447   16   38    8   28    9    9   16    5    0    0    2    0    1    7    1    0   ∑ =  913
 3:  333  177   39   77   17   11    7    4    8    9    4    0    0    0    0    0   11    1    0   ∑ =  698
 4:  129  239   81   20   85   15   11    5   10   18    4    0    0    1    0    0    5    0    1   ∑ =  624
 5:  138  128   38   16   36   57    8    9    9    3    3    1    0    0    0    0    6    0    0   ∑ =  452
 6:   58   61   64   11   19    2  132   10    2    4    2    1    0    0    0    1    6    0    0   ∑ =  373
 7:   76   96   81    6   44    7   12   21    9    6    3    0    0    1    0    8    8    0    0   ∑ =  378
 8:   86  124   46   18   27    2    8    2   33    4    3    0    2    0    0    4    4    1    0   ∑ =  364
 9:   31   73   11    3    9    2    5    3    0  184    0    0    0    0    0    0    1    0    0   ∑ =  322
10:   68  102   61    6   22    2    9    1   10    9   18    0    0    0    0    1    3    0    0   ∑ =  312
11:  108   81    7   16    6    5    4    1    3   11    4    5    0    0    0    3    6    0    0   ∑ =  260
12:  141   85   21   16    5    3    5    1    6    5    0    0    0    0    0    1    5    0    0   ∑ =  294
13:   57   82   60    6   22    6    6    7    4   12    3    1    0    4    0    0    4    0    0   ∑ =  274
14:  132   75    4   32    6    9    2    3    1    6    2    0    0    0    0    2    2    0    0   ∑ =  276
15:   90   67   44   18    4    3    3    3    1    9    1    0    0    0    0   18    9    1    0   ∑ =  271
16:   58   59   40    7    7    1    2    9    1    0    0    0    0    0    0    6   62    0    0   ∑ =  252
17:  124   56   14   27    4    4    0    0    2    2    0    0    0    0    0    0    4    1    0   ∑ =  238
18:   33   74   57    2   20    2    9    2    0    4    0    0    0    1    1    0    2    0    1   ∑ =  208

Loading Data...
Training Model...

----- Results -----
Macro F1: 17.936
-----
Micro F1: 33.526
Precision: 33.526
Recall: 33.526

--- Details ---
Training data len: 88731 Testing data len: 9858
Training data class counts: 0: 17677, 1: 12130, 2: 8285, 3: 6072, 4: 5805, 5: 3953, 6: 3430, 7: 3257, 8: 3169, 9: 3039, 10: 2844, 11: 2612, 12: 2499, 13: 2406, 14: 2361, 15: 2299, 16: 2321, 17: 2278, 18: 2294
Testing  data class counts: 0: 1968, 1: 1367, 2: 960, 3: 693, 4: 642, 5: 432, 6: 397, 7: 387, 8: 330, 9: 329, 10: 281, 11: 291, 12: 286, 13: 284, 14: 248, 15: 239, 16: 258, 17: 230, 18: 236

--- Matrix ---
 0: 1444  286   49   61   26   24   14   10   10   19    5    2    0    1    0    1   16    0    0   ∑ = 1968
 1:  290  717  132   36   54   28   21    5   20   36    4    2    0    0    0    0   22    0    0   ∑ = 1367
 2:  147  231  461   10   24    7   35    9    7    8    5    2    0    1    0    1   12    0    0   ∑ =  960
 3:  353  166   32   67   23    9    1    7   10    9    1    1    0    1    0    5    8    0    0   ∑ =  693
 4:  134  231   73   16   99   14   20    7   11   24    4    1    0    0    1    1    6    0    0   ∑ =  642
 5:  134  124   46   17   36   43    9    4    7    2    3    2    0    0    0    0    5    0    0   ∑ =  432
 6:   65   80   57   12   23    3  129    2    9    8    4    0    0    0    0    2    3    0    0   ∑ =  397
 7:   72  110   85    5   36    9   14   27   10    3    3    0    0    1    0    1   11    0    0   ∑ =  387
 8:   88   92   36   18   21    3   11    3   39    6    8    0    0    1    0    1    3    0    0   ∑ =  330
 9:   29   76   20    3    5    1    5    0    0  188    1    0    0    0    0    0    1    0    0   ∑ =  329
10:   47  107   48   12   20    3   12    2    3   16    7    0    0    1    0    1    2    0    0   ∑ =  281
11:  113   88   16   15   10    5    6    4    4   15    1    3    0    1    0    4    6    0    0   ∑ =  291
12:  155   62   13   18    9    9    2    1    4    2    0    0    5    0    0    0    6    0    0   ∑ =  286
13:   48   93   66    8   16    7    9   11    7    4    6    0    0    4    0    0    4    1    0   ∑ =  284
14:  136   59   10   18    7    1    2    2    3    2    1    0    1    0    1    2    2    1    0   ∑ =  248
15:   75   70   11   18    9    0    7    8    3    7    4    0    0    1    0   16   10    0    0   ∑ =  239
16:   76   54   41    5    5    3    5    6    1    4    1    0    0    0    0    3   54    0    0   ∑ =  258
17:  134   46   12   16    5    7    1    2    1    0    0    0    0    0    0    2    4    0    0   ∑ =  230
18:   41   78   46    7   20    6   14    2    6    9    1    1    0    1    0    1    2    0    1   ∑ =  236

Loading Data...
Training Model...

----- Results -----
Macro F1: 17.962
-----
Micro F1: 33.455
Precision: 33.455
Recall: 33.455

--- Details ---
Training data len: 88731 Testing data len: 9858
Training data class counts: 0: 17621, 1: 12170, 2: 8354, 3: 6121, 4: 5805, 5: 3960, 6: 3449, 7: 3274, 8: 3113, 9: 2999, 10: 2815, 11: 2622, 12: 2520, 13: 2424, 14: 2326, 15: 2295, 16: 2313, 17: 2271, 18: 2279
Testing  data class counts: 0: 2024, 1: 1327, 2: 891, 3: 644, 4: 642, 5: 425, 6: 378, 7: 370, 8: 386, 9: 369, 10: 310, 11: 281, 12: 265, 13: 266, 14: 283, 15: 243, 16: 266, 17: 237, 18: 251

--- Matrix ---
 0: 1445  295   53   85   35   25   16   10    6   30    4    0    0    1    0    3   16    0    0   ∑ = 2024
 1:  283  699  127   42   56   22   14    3   16   47    3    1    0    1    0    3   10    0    0   ∑ = 1327
 2:  114  210  464   11   30    9   12    6    8   10    9    0    0    2    0    1    4    0    1   ∑ =  891
 3:  311  148   37   66   16   11    7    7    9    5    3    0    0    0    2    7   13    1    1   ∑ =  644
 4:  137  223   85   18   92   21   25    6    7   16    5    1    0    1    1    1    2    1    0   ∑ =  642
 5:  136  133   41   19   23   44   10    3    7    4    1    0    0    0    0    1    3    0    0   ∑ =  425
 6:   74   61   44    6   28    7  129   10    7    4    2    0    0    1    0    3    2    0    0   ∑ =  378
 7:   76   95   94   13   27    7   10   22    1    8    3    0    0    0    0    3   11    0    0   ∑ =  370
 8:   84  117   50   18   26    8   25    3   34    8    6    0    0    0    0    4    2    1    0   ∑ =  386
 9:   38   87   17    7    8    0    2    2    0  203    2    0    0    0    0    1    1    0    1   ∑ =  369
10:   69   98   62    7   18    3   11    6   10    4   16    0    0    0    2    0    4    0    0   ∑ =  310
11:  113   75   18   12   11    4    7    5    2   17    3    3    0    0    0    5    6    0    0   ∑ =  281
12:  122   82   14   15    5    4    6    0    4    6    0    0    2    0    0    2    2    1    0   ∑ =  265
13:   51   74   69    6   19    7   10    3    4    5    8    0    0    3    2    0    4    0    1   ∑ =  266
14:  144   71   14   19   10    4    6    0    3    2    0    1    0    0    1    2    5    1    0   ∑ =  283
15:   84   55   30   13   12    1    4    0    3    9    2    0    1    0    0   21    8    0    0   ∑ =  243
16:   63   72   40   13   12    5    1    4    0    1    2    1    0    0    0    0   52    0    0   ∑ =  266
17:  136   44   16   25    4    3    2    1    3    0    0    1    0    0    0    1    1    0    0   ∑ =  237
18:   32   80   71    4   22    4   12    3    2    9    4    0    0    2    0    1    3    0    2   ∑ =  251

Loading Data...
Training Model...

----- Results -----
Macro F1: 17.495
-----
Micro F1: 32.42
Precision: 32.42
Recall: 32.42

--- Details ---
Training data len: 88731 Testing data len: 9858
Training data class counts: 0: 17707, 1: 12155, 2: 8318, 3: 6055, 4: 5820, 5: 3977, 6: 3439, 7: 3318, 8: 3144, 9: 3039, 10: 2793, 11: 2600, 12: 2492, 13: 2387, 14: 2369, 15: 2289, 16: 2305, 17: 2238, 18: 2286
Testing  data class counts: 0: 1938, 1: 1342, 2: 927, 3: 710, 4: 627, 5: 408, 6: 388, 7: 326, 8: 355, 9: 329, 10: 332, 11: 303, 12: 293, 13: 303, 14: 240, 15: 249, 16: 274, 17: 270, 18: 244

--- Matrix ---
 0: 1341  346   64   61   23   23   16    9   10   27    3    5    0    0    0    3    6    0    1   ∑ = 1938
 1:  277  702  156   24   46   38   18    6    8   46    8    0    0    0    1    6    6    0    0   ∑ = 1342
 2:  107  230  470    6   31   12   19   16    9   13    3    2    0    1    0    1    7    0    0   ∑ =  927
 3:  347  167   26   69   24   18   11   10    6    9    1    1    0    1    0    4   16    0    0   ∑ =  710
 4:  130  214   75   21   97   11   19    9   14   22    6    0    0    1    0    2    5    0    1   ∑ =  627
 5:  127  114   46   15   33   44    8    7    6    3    1    0    0    0    0    0    4    0    0   ∑ =  408
 6:   64   74   71    4   17    4  132    8    5    5    1    0    0    0    0    0    2    1    0   ∑ =  388
 7:   61   90   67    7   22   13   20   21    2    9    5    1    0    0    0    3    5    0    0   ∑ =  326
 8:   93  115   45   15   18    4   12    5   41    4    2    0    0    0    0    0    1    0    0   ∑ =  355
 9:   35   72   10    2    6    1    6    1    1  188    5    0    0    0    0    1    1    0    0   ∑ =  329
10:   59  128   43   13   19    0   11    8    9   24   14    1    0    0    0    0    3    0    0   ∑ =  332
11:  129   96   12   20    9    4    7    2    5    6    4    2    0    0    0    2    4    1    0   ∑ =  303
12:  127   92   24   14    8    3    4    0    3    6    2    0    0    0    0    3    7    0    0   ∑ =  293
13:   54   97   74    6   26    6    9   10    6    5    3    0    0    1    0    2    4    0    0   ∑ =  303
14:  133   48   12   22    9    3    3    0    1    2    0    1    0    0    0    1    5    0    0   ∑ =  240
15:   82   66   25   14   12    4    5   10    0    7    3    0    1    0    0   12    8    0    0   ∑ =  249
16:   60   59   62    4    3    1   11    2    1    3    0    0    0    1    0    5   62    0    0   ∑ =  274
17:  134   68   13   36    4    2    3    1    1    5    0    0    0    0    0    3    0    0    0   ∑ =  270
18:   38   78   67    5   23    4    5    4    6   10    0    0    0    0    0    1    3    0    0   ∑ =  244

Loading Data...
Training Model...

----- Results -----
Macro F1: 17.9
-----
Micro F1: 33.465
Precision: 33.465
Recall: 33.465

--- Details ---
Training data len: 88731 Testing data len: 9858
Training data class counts: 0: 17692, 1: 12108, 2: 8333, 3: 6095, 4: 5804, 5: 3959, 6: 3436, 7: 3275, 8: 3135, 9: 3037, 10: 2805, 11: 2583, 12: 2550, 13: 2451, 14: 2362, 15: 2264, 16: 2316, 17: 2271, 18: 2255
Testing  data class counts: 0: 1953, 1: 1389, 2: 912, 3: 670, 4: 643, 5: 426, 6: 391, 7: 369, 8: 364, 9: 331, 10: 320, 11: 320, 12: 235, 13: 239, 14: 247, 15: 274, 16: 263, 17: 237, 18: 275

--- Matrix ---
 0: 1422  285   68   65   25   19    8    5   13   22    3    0    0    1    0    6   11    0    0   ∑ = 1953
 1:  317  729  128   40   54   18   13    8   12   50    8    1    0    0    1    2    8    0    0   ∑ = 1389
 2:  117  206  476   13   27    7   24    9    5    6    6    1    0    1    0    0   12    0    2   ∑ =  912
 3:  337  161   31   67   15   13    8    7    3    9    4    0    0    0    1    2   12    0    0   ∑ =  670
 4:  140  217   92   20   80   26   16    9    6   22    3    0    0    4    0    3    4    0    1   ∑ =  643
 5:  139  101   59   17   30   42   10    8    6    6    2    0    0    0    0    1    5    0    0   ∑ =  426
 6:   60   69   48   17   23    6  138    8    6    6    1    1    1    1    0    3    3    0    0   ∑ =  391
 7:   81   96   82    6   34    6   18   24    5    7    1    0    0    0    0    1    8    0    0   ∑ =  369
 8:   87  122   36   16   29    6   12    4   33    8    5    1    0    0    0    2    3    0    0   ∑ =  364
 9:   36   78   11    6    7    1    5    2    1  180    3    1    0    0    0    0    0    0    0   ∑ =  331
10:   54  112   66   11   19    3    9    4    4   16   16    0    0    0    0    3    2    0    1   ∑ =  320
11:  125  109   17   20   12    3    5    1    2   15    1    5    0    0    0    0    5    0    0   ∑ =  320
12:  118   53   17   21    7    4    1    2    2    4    0    0    1    0    0    1    4    0    0   ∑ =  235
13:   46   63   60    3   23    8   16    4    4    4    3    0    0    1    0    1    2    0    1   ∑ =  239
14:  134   56   14   20    4    5    1    3    2    3    0    0    0    0    0    1    4    0    0   ∑ =  247
15:   88   83   22   16   16    1    3    7    0   10    2    1    0    0    0   17    8    0    0   ∑ =  274
16:   60   50   40   15   11    3    4    4    1    3    1    0    0    0    0    4   67    0    0   ∑ =  263
17:  122   54   12   22    5    7    8    0    2    1    0    2    0    0    0    0    2    0    0   ∑ =  237
18:   44  100   53    5   28    8   12    2    6   10    6    0    0    0    0    0    0    0    1   ∑ =  275

Loading Data...
Training Model...

----- Results -----
Macro F1: 18.036
-----
Micro F1: 32.928
Precision: 32.928
Recall: 32.928

--- Details ---
Training data len: 88722 Testing data len: 9858
Training data class counts: 0: 17693, 1: 12140, 2: 8294, 3: 6081, 4: 5845, 5: 3935, 6: 3466, 7: 3263, 8: 3180, 9: 3017, 10: 2826, 11: 2604, 12: 2524, 13: 2404, 14: 2342, 15: 2305, 16: 2316, 17: 2241, 18: 2246
Testing  data class counts: 0: 1948, 1: 1356, 2: 950, 3: 683, 4: 602, 5: 449, 6: 361, 7: 381, 8: 319, 9: 351, 10: 299, 11: 299, 12: 261, 13: 286, 14: 267, 15: 233, 16: 263, 17: 266, 18: 284

--- Matrix ---
 0: 1388  278   72   74   23   23   17    5   12   30    3    1    0    0    0    7   13    1    1   ∑ = 1948
 1:  314  705  139   35   52   15   14    3   14   35    8    0    0    3    0    4   13    0    2   ∑ = 1356
 2:  111  219  485   18   23   10   24   18    7   10    3    0    0    1    2    0   17    0    2   ∑ =  950
 3:  344  159   34   62   25   11    4    4    7   10    4    1    1    0    1    4   12    0    0   ∑ =  683
 4:  138  212   76   15   83   16   19    7   13   13    3    0    0    0    0    2    5    0    0   ∑ =  602
 5:  156  124   40   16   27   48    7    6   10    5    4    0    0    0    0    1    5    0    0   ∑ =  449
 6:   60   77   46    4   24    4  122    5    6    5    5    0    0    0    0    1    2    0    0   ∑ =  361
 7:   80   97   90    9   32    9   18   21    5    5    0    2    0    1    0    4    8    0    0   ∑ =  381
 8:   72   99   47   20   25    5   10    2   26    6    5    1    0    0    0    0    1    0    0   ∑ =  319
 9:   36   80   12    3    7    3    7    4    1  194    0    0    0    0    0    2    2    0    0   ∑ =  351
10:   62  103   52    6   19    2    9    4    8   11   15    0    0    1    0    0    7    0    0   ∑ =  299
11:  126   92   18   20    7    1    5    2    2   10    1    6    0    0    2    3    4    0    0   ∑ =  299
12:  122   72   16   19   10    6    3    0    2    5    0    0    3    0    0    0    2    1    0   ∑ =  261
13:   39   81   81    7   26   10    8    7    3    5    6    0    0    8    0    1    4    0    0   ∑ =  286
14:  146   60   11   23    6    5    5    0    3    4    0    0    0    0    0    1    3    0    0   ∑ =  267
15:   90   59   20   12   10    3    2    2    2   10    1    0    0    0    0   16    6    0    0   ∑ =  233
16:   59   67   48    8    8    2    2    0    0    3    0    1    0    0    0    5   60    0    0   ∑ =  263
17:  150   51   16   24    4    4    3    0    4    1    0    0    1    0    0    3    5    0    0   ∑ =  266
18:   35  103   61   10   30    7   13    5    4    9    2    0    0    0    0    0    1    0    4   ∑ =  284


----- Results for all folds -----
Macro F1: 18.001
-----
Micro F1: 33.126
Precision: 33.126
Recall: 33.126

--- Matrix ---
 0: 14073  2976   638   683   289   208   133    78    95   232    37    15     4     6     1    36   128     5     4   ∑ = 19641
 1:  2979  7039  1359   356   533   223   165    52   130   425    73    11     3     8     2    30   106     0     2   ∑ = 13496
 2:  1134  2196  4698   124   283    85   239   113    73   110    54     6     1    14     3     8    94     2     7   ∑ =  9244
 3:  3354  1623   337   662   197   120    63    55    70    92    27     3     2     6     7    32   111     2     1   ∑ =  6764
 4:  1396  2254   803   178   920   193   198    82   109   180    46     3     1    12     3    22    43     1     3   ∑ =  6447
 5:  1430  1200   459   159   305   487    96    59    65    42    19     4     1     1     1     6    49     1     0   ∑ =  4384
 6:   627   701   562   104   222    44  1304    75    70    42    22     4     3     5     0    15    24     1     2   ∑ =  3827
 7:   751   979   799    86   311    87   152   210    48    68    30     3     1     6     0    35    78     0     0   ∑ =  3644
 8:   871  1094   412   156   228    57   123    40   345    74    44     3     3     2     0    22    22     2     1   ∑ =  3499
 9:   319   753   133    32    83    10    60    21     9  1907    18     1     0     1     0     8    12     0     1   ∑ =  3368
10:   617  1088   530    89   204    29    98    43    77   138   152     2     1     8     3    10    32     1     3   ∑ =  3125
11:  1186   856   177   182    99    38    57    22    33   116    22    39     1     2     2    27    43     1     0   ∑ =  2903
12:  1315   773   180   194    71    44    34     7    29    54    10     2    18     2     1    10    37     2     2   ∑ =  2785
13:   463   823   685    64   212    64    89    67    37    58    44     1     0    35     2    11    32     1     2   ∑ =  2690
14:  1382   626   106   232    66    41    29    12    21    27     4     4     1     0     4    18    32     4     0   ∑ =  2609
15:   852   683   229   158   107    24    32    53    21    77    19     1     3     1     2   177    96     1     2   ∑ =  2538
16:   638   583   449    86    80    20    34    43     9    26     6     5     0     2     0    29   569     0     0   ∑ =  2579
17:  1363   544   131   249    44    41    23     4    21    25     4     6     1     0     1    15    31     4     0   ∑ =  2507
18:   384   901   573    54   234    52    95    33    46    87    22     1     1     6     2     8    18     0    13   ∑ =  2530

