Loading tweets...
Doing 10 cross folds...
Loading Data...
Training Model...

----- Results -----
Macro F1: 4.802
-----
Micro F1: 5.478
Precision: 5.478
Recall: 5.478

--- Details ---
Training data len: 88731 Testing data len: 9858
Training data class counts: 0: 17763, 1: 12159, 2: 8337, 3: 6124, 4: 5800, 5: 3947, 6: 3430, 7: 3260, 8: 3114, 9: 3037, 10: 2793, 11: 2606, 12: 2489, 13: 2432, 14: 2333, 15: 2296, 16: 2296, 17: 2246, 18: 2269
Testing  data class counts: 0: 1882, 1: 1338, 2: 908, 3: 641, 4: 647, 5: 438, 6: 397, 7: 384, 8: 385, 9: 331, 10: 332, 11: 297, 12: 296, 13: 258, 14: 276, 15: 242, 16: 283, 17: 262, 18: 261

--- Matrix ---
 0: 107  99 101 106  94  99  92 108  94 111  99  76  96  86  99  99 111 100 105   ∑ = 1882
 1:  59  80  77  62  66  73  72  58  75  71  74  72  69  78  71  70  78  70  63   ∑ = 1338
 2:  51  38  49  45  56  47  40  43  58  50  40  39  60  47  52  48  45  41  59   ∑ =  908
 3:  34  36  39  38  26  33  29  37  45  37  35  35  25  52  30  24  45  26  15   ∑ =  641
 4:  36  39  34  32  43  30  22  45  28  33  34  37  25  37  37  27  42  30  36   ∑ =  647
 5:  18  15  20  18  22  22  26  22  17  28  27  29  23  24  28  27  22  23  27   ∑ =  438
 6:  23  18  20  23  24  23  19  12  25  25  32  14  17  27  10  17  24  21  23   ∑ =  397
 7:  21  13  32  21  28  25  20  23  17  20  22  18  19  22  16  19  14  18  16   ∑ =  384
 8:  11  22  25  24  24  17  21  15  15  19  27  24  18  13  19  17  17  28  29   ∑ =  385
 9:  17  20  16  15  19  16  14  14  20  19  19  18  24  24   9  22  12  15  18   ∑ =  331
10:  18  17  23  12  14  20  13  20  18  15  21  10  18  19  18  22  21  11  22   ∑ =  332
11:  19  22  18  13  10  11  17  16  22  18  15  22   7  16  21  16   9  14  11   ∑ =  297
12:  18  16  16  14  18  20  13  17  15  19  13  15   9  12  13  21  15  13  19   ∑ =  296
13:  12  13  14  10  13  15  10  18  14  19   7  21  16   9  11  12  12  18  14   ∑ =  258
14:  18  21  12  14  12  13  12  11  19   9  22  13  14  11  12  20  19  15   9   ∑ =  276
15:  11  10  11  11   8  15  12  12  13  12   7  17  12  20  14  13  11  21  12   ∑ =  242
16:  13  14  17  16  14  15  10  14  21  19  18  13  18  14  15  14   7  15  16   ∑ =  283
17:  20  16  16  16  15  11  10  14  15  13  10   9  11   6  16  16  17  14  17   ∑ =  262
18:  14  14   9  20  12  12  10  13  18  20  20  18  10  15   6   5  13  14  18   ∑ =  261

Loading Data...
Training Model...

----- Results -----
Macro F1: 4.638
-----
Micro F1: 5.214
Precision: 5.214
Recall: 5.214

--- Details ---
Training data len: 88731 Testing data len: 9858
Training data class counts: 0: 17643, 1: 12193, 2: 8335, 3: 6064, 4: 5774, 5: 3968, 6: 3464, 7: 3280, 8: 3148, 9: 3057, 10: 2816, 11: 2613, 12: 2488, 13: 2447, 14: 2337, 15: 2262, 16: 2338, 17: 2246, 18: 2258
Testing  data class counts: 0: 2002, 1: 1304, 2: 910, 3: 701, 4: 673, 5: 417, 6: 363, 7: 364, 8: 351, 9: 311, 10: 309, 11: 290, 12: 297, 13: 243, 14: 272, 15: 276, 16: 241, 17: 262, 18: 272

--- Matrix ---
 0: 105 108 102 109 112  85 106  97 102 124  99 120 102 109  94 113 106 103 106   ∑ = 2002
 1:  81  67  53  62  67  56  63  67  80  64  61  63  76  75  67  85  77  80  60   ∑ = 1304
 2:  48  46  46  50  54  40  54  32  48  45  54  41  61  44  44  42  53  51  57   ∑ =  910
 3:  36  37  39  41  33  44  42  32  48  34  29  40  41  30  32  40  40  35  28   ∑ =  701
 4:  33  35  27  31  30  29  30  44  38  39  41  44  39  31  41  27  29  46  39   ∑ =  673
 5:  18  23  25  17  24  17  20  20  25  21  14  24  26  24  20  21  24  26  28   ∑ =  417
 6:  21  19  19  15  19  22  18  18  22  16  21  15  15  16  24  19  26  21  17   ∑ =  363
 7:  22  16  21  22  15  19  24  20  24  14  19  19  16  28  17  24  12  14  18   ∑ =  364
 8:  19  20  21  14  19  19  16  24  23  25  20  23  17  19  13  15  11  14  19   ∑ =  351
 9:  12  14  22  19  18  22  13  14  16  15  12  15   9  17  16  14  20  23  20   ∑ =  311
10:   9  11  16  18  17  20  19  18  18  19  13  13  19  13  17  21  19  20   9   ∑ =  309
11:  17  12  13  14  10  20  12  12  19  13  16  19  14  16  12  16  20  17  18   ∑ =  290
12:  13  13  15  19  11  17  19  12  12  16   9  23  16  17  16  21  16  17  15   ∑ =  297
13:  12  12  16  10  15  14  10  11  10  16  19  12  14  10   9  10  16  13  14   ∑ =  243
14:  20  15  17  14   8  12  12  12  16  14  19  13  19  12  11  19  14  17   8   ∑ =  272
15:  19  17  15  15  18  15  12  16  21  12  15  18   8  10  11  14  17  13  10   ∑ =  276
16:  12  15  13  18  12   8  14  14  10   8  11  17  11   8  10  10  16  17  17   ∑ =  241
17:  12  12   9  10   9  19  12  12  12  12  19  15  22  16  12  19  13  21   6   ∑ =  262
18:  16  10  13  11  18  14  17  19   8  15  16  14  16  16  13  11  20  13  12   ∑ =  272

Loading Data...
Training Model...

----- Results -----
Macro F1: 5.06
-----
Micro F1: 5.681
Precision: 5.681
Recall: 5.681

--- Details ---
Training data len: 88731 Testing data len: 9858
Training data class counts: 0: 17715, 1: 12145, 2: 8293, 3: 6095, 4: 5756, 5: 3913, 6: 3428, 7: 3304, 8: 3183, 9: 3015, 10: 2802, 11: 2623, 12: 2509, 13: 2419, 14: 2374, 15: 2288, 16: 2343, 17: 2255, 18: 2271
Testing  data class counts: 0: 1930, 1: 1352, 2: 952, 3: 670, 4: 691, 5: 472, 6: 399, 7: 340, 8: 316, 9: 353, 10: 323, 11: 280, 12: 276, 13: 271, 14: 235, 15: 250, 16: 236, 17: 253, 18: 259

--- Matrix ---
 0: 112 108 114 114  90 103  96  87 102 103 108  95  90 100  90  98 103 125  92   ∑ = 1930
 1:  67  75  72  63  63  70  67  56  66  60  67  83  86  80  78  67  71  81  80   ∑ = 1352
 2:  58  44  47  52  51  57  52  49  52  52  46  42  52  38  51  59  49  51  50   ∑ =  952
 3:  46  28  55  39  33  38  31  37  38  39  36  31  26  31  35  34  31  34  28   ∑ =  670
 4:  42  28  30  29  40  37  39  26  38  41  47  36  37  38  28  41  36  43  35   ∑ =  691
 5:  18  30  22  31  21  23  23  21  25  21  22  29  27  31  23  26  28  24  27   ∑ =  472
 6:  19  20  21  30  25  14  22  30  15  23  22  29   8  21  23  21  21  22  13   ∑ =  399
 7:  17  16  21  16  17  19  11  17  17  13  18  17  17  23  18  20  23  19  21   ∑ =  340
 8:  13  19  15  17  18  16  12  16  26  19   6  13  25  24  13  20  20  12  12   ∑ =  316
 9:  25  19  14  20  15  18  26  19  16  21  11  17  18  17  19  16  17  25  20   ∑ =  353
10:  16  17  17  21  11  14  13  16  12  20  27  11  18  22  14  18  17  21  18   ∑ =  323
11:  10  15  16   9  13  12  13  12  11  20  18  21  17  13  19  13  16  15  17   ∑ =  280
12:  15  11  10  16  26  12  15  13  14  16  15  11  15  13  15  17  14  13  15   ∑ =  276
13:  12  13  14  17  15  15  13  21  16  15  15   8  13  18  15  13  12  13  13   ∑ =  271
14:   8  13  14  16  10  14   9  15  13   8  13  17   9  14  13  13   4  17  15   ∑ =  235
15:  13  14  10  12  11  10  11  11   9  10  18  15  16  14  17  16  19  12  12   ∑ =  250
16:   7  16  14   9  13  12   9  13  11  18  19  13   7  15  11  14   8  15  12   ∑ =  236
17:  15  16  12  19  10  12  10  10  14  19  15  10  13  17  15  13  15   9   9   ∑ =  253
18:  12  22  13  16   9  15  17  16  10  13  11  13  19  14  11  13  10  14  11   ∑ =  259

Loading Data...
Training Model...

----- Results -----
Macro F1: 4.861
-----
Micro F1: 5.518
Precision: 5.518
Recall: 5.518

--- Details ---
Training data len: 88731 Testing data len: 9858
Training data class counts: 0: 17657, 1: 12117, 2: 8324, 3: 6111, 4: 5791, 5: 3920, 6: 3447, 7: 3299, 8: 3170, 9: 3026, 10: 2818, 11: 2621, 12: 2503, 13: 2424, 14: 2344, 15: 2277, 16: 2336, 17: 2256, 18: 2290
Testing  data class counts: 0: 1988, 1: 1380, 2: 921, 3: 654, 4: 656, 5: 465, 6: 380, 7: 345, 8: 329, 9: 342, 10: 307, 11: 282, 12: 282, 13: 266, 14: 265, 15: 261, 16: 243, 17: 252, 18: 240

--- Matrix ---
 0: 111 116 107  98 105 117 101 101  96 108  96  88 102 102 100 127  90  98 125   ∑ = 1988
 1:  70  81  66  58  70  79  68  80  76  84  70  71  76  78  67  77  76  76  57   ∑ = 1380
 2:  45  56  48  36  36  38  45  59  46  46  46  50  51  47  61  42  49  56  64   ∑ =  921
 3:  24  45  33  34  28  37  37  35  34  33  44  32  31  35  42  40  41  18  31   ∑ =  654
 4:  34  39  33  44  37  30  33  36  38  34  37  31  31  36  36  26  33  36  32   ∑ =  656
 5:  18  32  28  25  26  16  35  21  38  21  15  30  28  16  23  24  20  22  27   ∑ =  465
 6:  21  17  22  22  26   9  24  26  17  24  19  20  30  16  18  27  10  17  15   ∑ =  380
 7:  17  18  17  20  13  12  15  19  24  18  17  23  20  17  14  23  19  21  18   ∑ =  345
 8:  19  15  25  14  19  22  13  19  27   8  16  18  20  14  15  21  18  11  15   ∑ =  329
 9:  16  17  11  21  19  17  12  15  17  20  21  17  20  19  19  21  18  16  26   ∑ =  342
10:  12  24  11  17  19  17  11  11  21  21  17  20  14  16  11  21  15  15  14   ∑ =  307
11:  17   8  16  20  12  16  18  10  13  17  16  12  11  14  16  19  16  15  16   ∑ =  282
12:   8  16  14  12  14  13  14  14  18  14  11  16  16  19  11  14  16  23  19   ∑ =  282
13:  11  10   9  19  12  10  15  18  14  10  12  17  12  20  12  16  21  19   9   ∑ =  266
14:  15  12  13  12  22  13  17  19  15   6  16  13   7  15  15  15  14  10  16   ∑ =  265
15:  16  11  18  14  12  10  13  13  17   8  18  12  13  11  13  13  11  16  22   ∑ =  261
16:  17  12  10  11   9  19  12  18  14  11   6  15  21   9  10  15  12  13   9   ∑ =  243
17:   8  20  13   9  17  14  11   9  16  20  16   8  13  19  11   8  15  13  12   ∑ =  252
18:  14  12  15   7  12  11  15   8  12  20  14   9  14  18  14  13  16   7   9   ∑ =  240

Loading Data...
Training Model...

----- Results -----
Macro F1: 4.737
-----
Micro F1: 5.366
Precision: 5.366
Recall: 5.366

--- Details ---
Training data len: 88731 Testing data len: 9858
Training data class counts: 0: 17637, 1: 12156, 2: 8332, 3: 6067, 4: 5823, 5: 3933, 6: 3454, 7: 3266, 8: 3135, 9: 3046, 10: 2813, 11: 2643, 12: 2491, 13: 2416, 14: 2333, 15: 2267, 16: 2327, 17: 2270, 18: 2322
Testing  data class counts: 0: 2008, 1: 1341, 2: 913, 3: 698, 4: 624, 5: 452, 6: 373, 7: 378, 8: 364, 9: 322, 10: 312, 11: 260, 12: 294, 13: 274, 14: 276, 15: 271, 16: 252, 17: 238, 18: 208

--- Matrix ---
 0: 104 116 115  99 107 102 100 102  85 105 110 119 116 105 113 115  82  97 116   ∑ = 2008
 1:  64  70  77  82  62  73  74  85  63  73  60  76  64  63  62  82  72  77  62   ∑ = 1341
 2:  46  42  49  40  47  42  42  54  56  52  60  41  51  46  48  42  43  48  64   ∑ =  913
 3:  42  27  32  38  37  39  46  45  35  41  36  42  42  28  29  35  40  36  28   ∑ =  698
 4:  39  33  36  30  40  28  17  31  32  30  34  41  29  34  36  34  31  36  33   ∑ =  624
 5:  24  21  29  26  27  27  36  28  16  24  23  22  19  27  26  14  22  24  17   ∑ =  452
 6:  17  22  23  21  17  14  28  22  25  15  20  21  19  16  19  17  23  16  18   ∑ =  373
 7:  15  14  24  14  21  17  19  20  24  16  22  17  24  32  23  19  17  18  22   ∑ =  378
 8:  28  18  18  31  13  17  19  23  16  21  15  14  25  19  13  20  15  18  21   ∑ =  364
 9:  15  24  19  17  12  13  15  12  12  26  26  12  15   9  15  19  21  18  22   ∑ =  322
10:  12  19  15  23  11  14  19  15  10  23  17  14  22  11  19  18  13  24  13   ∑ =  312
11:  15  11  13  18  13  19  15  11  12  17  14  13  13  13  17  16  13   8   9   ∑ =  260
12:  18  14  16  20  17  23  14  11  16  19  10  17  14  16  11  10  14  12  22   ∑ =  294
13:  21  12  11  13  15   9  20  12  14  13  17  17  15  11  24  11  18   9  12   ∑ =  274
14:  11  10  10  23  14  17  16  16  13  15  17  15   8  13  16  22  14  12  14   ∑ =  276
15:  19   9  12  16  17  19  12  20  15  17  16  14  12  12   8  10  18  15  10   ∑ =  271
16:  15  10  11   8  14  13   7  10  15  19  14  12  18  19  13  16  11  12  15   ∑ =  252
17:   7  17  15  12  16  10  14  12  15  17  15   6   8  19   9  16  14   9   7   ∑ =  238
18:  18  11  10  13   9  10  13  10  16  12   9  15  13   9   3   6  11  10  10   ∑ =  208

Loading Data...
Training Model...

----- Results -----
Macro F1: 4.597
-----
Micro F1: 5.295
Precision: 5.295
Recall: 5.295

--- Details ---
Training data len: 88731 Testing data len: 9858
Training data class counts: 0: 17677, 1: 12130, 2: 8285, 3: 6072, 4: 5805, 5: 3953, 6: 3430, 7: 3257, 8: 3169, 9: 3039, 10: 2844, 11: 2612, 12: 2499, 13: 2406, 14: 2361, 15: 2299, 16: 2321, 17: 2278, 18: 2294
Testing  data class counts: 0: 1968, 1: 1367, 2: 960, 3: 693, 4: 642, 5: 432, 6: 397, 7: 387, 8: 330, 9: 329, 10: 281, 11: 291, 12: 286, 13: 284, 14: 248, 15: 239, 16: 258, 17: 230, 18: 236

--- Matrix ---
 0: 113 100 114  99 111 111  97 111  97 101 114 108  99  99  98 102 104  88 102   ∑ = 1968
 1:  70  73  52  74  81  83  73  80  60  72  76  74  64  70  71  73  77  73  71   ∑ = 1367
 2:  55  41  50  65  48  48  52  45  62  41  53  51  49  46  49  55  55  51  44   ∑ =  960
 3:  34  48  33  39  24  31  30  35  39  47  31  32  37  41  38  40  39  36  39   ∑ =  693
 4:  30  29  30  36  25  30  34  36  42  41  33  40  26  43  40  42  30  27  28   ∑ =  642
 5:  26  19  19  17  24  30  29  23  22  27  23  26  17  25  13  23  20  23  26   ∑ =  432
 6:  23  18  19  23  16  28  17  19  23  16  19  25  21  21  25  22  21  20  21   ∑ =  397
 7:  19  27  14  16  22  20  17  19  19  24  30  20  15  22  22  19  19  21  22   ∑ =  387
 8:  24  15  23  21  24  11  14  16  12  17  21  25  16  16  17  15  13  14  16   ∑ =  330
 9:  17  16  10  15  22  20  11  20  19  26  18  15  16  18  13  20  23  15  15   ∑ =  329
10:  10   8  13  18  13  15  14  12  14  17  15  19  20  20  11  16  16  15  15   ∑ =  281
11:  14  18  13  22  21  12  16  17  13  12   8  16  15  17  16  21  12  11  17   ∑ =  291
12:  15  18  17   9  20  15  12  19  13   9  16  16  20  10  18  12  18  16  13   ∑ =  286
13:  15  12  21   9  16  12  15  13  12  13  13  20  12  20  13   8  25  18  17   ∑ =  284
14:  10  13  15  12  17  19  15   6  10  13  10  17  22  12   9   6  17  10  15   ∑ =  248
15:   9  16  13   7  10  11  13  13   8  13  13  13  19  11  13   9  20  18  10   ∑ =  239
16:  13  17  10  16  13  13   6  17  19  16   8   9  14  13  15  15  13  14  17   ∑ =  258
17:  14   8  12  12   8  13  14  11  19  13  14  13   9  16  18   8  14   6   8   ∑ =  230
18:  11  17  13  11  15   8  23  16   9  13  11   9  11  14  13  13  11   8  10   ∑ =  236

Loading Data...
Training Model...

----- Results -----
Macro F1: 4.858
-----
Micro F1: 5.336
Precision: 5.336
Recall: 5.336

--- Details ---
Training data len: 88731 Testing data len: 9858
Training data class counts: 0: 17621, 1: 12170, 2: 8354, 3: 6121, 4: 5805, 5: 3960, 6: 3449, 7: 3274, 8: 3113, 9: 2999, 10: 2815, 11: 2622, 12: 2520, 13: 2424, 14: 2326, 15: 2295, 16: 2313, 17: 2271, 18: 2279
Testing  data class counts: 0: 2024, 1: 1327, 2: 891, 3: 644, 4: 642, 5: 425, 6: 378, 7: 370, 8: 386, 9: 369, 10: 310, 11: 281, 12: 265, 13: 266, 14: 283, 15: 243, 16: 266, 17: 237, 18: 251

--- Matrix ---
 0:  87 108 105 115 128  91  93 108 104 117 108 106 101 110 108  97 110 104 124   ∑ = 2024
 1:  75  72  67  79  67  62  66  75  63  54  79  77  81  71  74  72  74  63  56   ∑ = 1327
 2:  42  38  56  41  48  44  54  47  55  55  44  41  42  57  45  47  54  38  43   ∑ =  891
 3:  30  28  37  35  48  24  36  30  39  33  33  28  35  28  37  40  35  34  34   ∑ =  644
 4:  31  39  29  21  34  31  37  39  40  35  30  30  32  32  40  38  28  38  38   ∑ =  642
 5:  25  20  24  20  16  24  30  20  27  25  18  20  24  26  26  22  20  22  16   ∑ =  425
 6:  31  24  22  16  13  22  24  11  22  14  20  18  29  17  17  24  22  14  18   ∑ =  378
 7:  18  29  18  15  20  19  14  23  21  15  20  15  21  12  15  18  30  23  24   ∑ =  370
 8:  19  19  28  14  16  27  22  16  16  20  17  19  30  28  18  21  24  20  12   ∑ =  386
 9:  16  26  16  19  13  21  18  14  20  24  24  17  23  19  17  19  21  20  22   ∑ =  369
10:  10  16  25  17   8  20  20  19  14  19  15  16  16  18  13  14  10  19  21   ∑ =  310
11:  16  13  19  14  14  12  18  23  15  15  11  18  15  17  15  12  17  11   6   ∑ =  281
12:  11  15  16  10   8  16  20  14  17  18  10  12  15  14  11   9  20  19  10   ∑ =  265
13:  19  10  11  15  10  22   8  15  10  10   7  12  18  21  12  15  16  21  14   ∑ =  266
14:  17  18  13  11  10   9  17  21  14  13  16   8  17  14  16  19  11  21  18   ∑ =  283
15:  21  15  13   5  17  14  19  11  21  10   6  12   6  13  16   8  14  13   9   ∑ =  243
16:  19  20  19  11  10  11  21  11  14  18  10   7  12   7  13  14  11  27  11   ∑ =  266
17:  12   9  10   9  12   8  16  10  17  13  21   9   8  15  11   8  16  10  23   ∑ =  237
18:  10  14   8  18   7  11  17  17  14  13  10  16  10  21  17  14   3  14  17   ∑ =  251

Loading Data...
Training Model...

----- Results -----
Macro F1: 5.277
-----
Micro F1: 5.721
Precision: 5.721
Recall: 5.721

--- Details ---
Training data len: 88731 Testing data len: 9858
Training data class counts: 0: 17707, 1: 12155, 2: 8318, 3: 6055, 4: 5820, 5: 3977, 6: 3439, 7: 3318, 8: 3144, 9: 3039, 10: 2793, 11: 2600, 12: 2492, 13: 2387, 14: 2369, 15: 2289, 16: 2305, 17: 2238, 18: 2286
Testing  data class counts: 0: 1938, 1: 1342, 2: 927, 3: 710, 4: 627, 5: 408, 6: 388, 7: 326, 8: 355, 9: 329, 10: 332, 11: 303, 12: 293, 13: 303, 14: 240, 15: 249, 16: 274, 17: 270, 18: 244

--- Matrix ---
 0: 102  93 103 125 117 107 104  94  84 123 107  99  89  89 105 106  91 105  95   ∑ = 1938
 1:  72  68  67  78  76  69  69  69  67  67  84  65  76  73  63  87  61  68  63   ∑ = 1342
 2:  52  47  41  52  39  47  45  44  37  53  59  50  55  56  58  53  48  38  53   ∑ =  927
 3:  39  33  32  43  40  31  45  48  31  35  32  30  43  41  26  41  42  46  32   ∑ =  710
 4:  31  31  26  29  37  41  28  41  35  29  21  34  36  39  29  38  33  35  34   ∑ =  627
 5:  21  21  22  21  30  22  17  19  24  22  19  27  23  15  23  24  23  16  19   ∑ =  408
 6:  19  25  23  17  25  21  25  21  16  27  20  18  17  21  14  22  15  26  16   ∑ =  388
 7:  17  20  13  18  20  14  21  18  15  19  17  21  18  13  17  10  16  22  17   ∑ =  326
 8:  17  17  19  17  15  16  23  11  28  12  27  25  16  14  17  21  15  22  23   ∑ =  355
 9:  18  12  23  23  16  12  19  14  17  18  24  20  11  17  17  16  21  23   8   ∑ =  329
10:  22  10  27  18  17  10  17  17   9  24  24  13  14  19  19  19  13  22  18   ∑ =  332
11:  12  21  13  20  18  12  22  14  22  16  16  12   8  21  13  20  19   7  17   ∑ =  303
12:  15  11  13  18  17  11  12  19  17  17  17  16  26  14  14  10  21  14  11   ∑ =  293
13:  15  16  17   9  21  16  13  16  16  13  23  12  17  19  20  11  16  17  16   ∑ =  303
14:  11  14  14   8  12  14  13  15  16  10  16  14  20   9  13   7  11  14   9   ∑ =  240
15:  14  12  13  17  19   8  17  12  15  21  12   7  11  17  10  10   8  17   9   ∑ =  249
16:  17  11  13  11  14   9  14   6   9  12  22  23  17  16  10  14  21  20  15   ∑ =  274
17:  15  11  13  10  18  12  19  10  16  18  12   8  13  13  13  14  12  23  20   ∑ =  270
18:  14  10  12   8  15  11  13  10  17  18  10  16   9  11  13  16  13  14  14   ∑ =  244

Loading Data...
Training Model...

----- Results -----
Macro F1: 4.598
-----
Micro F1: 5.265
Precision: 5.265
Recall: 5.265

--- Details ---
Training data len: 88731 Testing data len: 9858
Training data class counts: 0: 17692, 1: 12108, 2: 8333, 3: 6095, 4: 5804, 5: 3959, 6: 3436, 7: 3275, 8: 3135, 9: 3037, 10: 2805, 11: 2583, 12: 2550, 13: 2451, 14: 2362, 15: 2264, 16: 2316, 17: 2271, 18: 2255
Testing  data class counts: 0: 1953, 1: 1389, 2: 912, 3: 670, 4: 643, 5: 426, 6: 391, 7: 369, 8: 364, 9: 331, 10: 320, 11: 320, 12: 235, 13: 239, 14: 247, 15: 274, 16: 263, 17: 237, 18: 275

--- Matrix ---
 0: 114 105 122 116 101 115  88  80 111 102 110  77 108  88  91 103 122 106  94   ∑ = 1953
 1:  70  79  69  75  69  79  72  64  66  65  81  87  81  68  68  78  71  75  72   ∑ = 1389
 2:  52  52  44  41  40  40  59  36  47  57  45  45  61  44  47  58  48  47  49   ∑ =  912
 3:  34  36  36  39  36  32  49  45  31  36  42  30  30  27  35  30  31  31  40   ∑ =  670
 4:  41  39  36  36  19  37  37  39  23  31  34  42  39  27  28  31  27  31  46   ∑ =  643
 5:  19  24  25  26  21  25  16  18  21  18  25  16  30  21  20  22  31  26  22   ∑ =  426
 6:  18  17  18  24  23  25  16  14  14  12  19  22  20  25  24  25  22  29  24   ∑ =  391
 7:  21  21  16  17  16  24  23  17  27  13  18  17  20  20  23  13  18  19  26   ∑ =  369
 8:  18  22  19  16  22  20  21  26  16  24  25  18  16  17  16  15  17  18  18   ∑ =  364
 9:   9  13  13  22  24  22  22  17  16  20  14  19  19  15  15  17  14  20  20   ∑ =  331
10:  18  15  10  15  19  14  20  14  19  18  23  18  20  22  12  15  14  18  16   ∑ =  320
11:  20  11  25  17  23  16  17  19  18  13  15  11  25  11  16  12  22  22   7   ∑ =  320
12:  16  13  15  14  14  10  10  16  11   8  12  10  11  13  18  11  10  15   8   ∑ =  235
13:  10   9   7  12  15   8  16  11  14  15  11  13  18  12  12  11  14  20  11   ∑ =  239
14:  20  12  19  10  10  14   8  15  10  12   8   9  15  18  17   9  11  11  19   ∑ =  247
15:  15  20  21  19  12  14  14  26  14  18   8  10  14  11  15   8  11  12  12   ∑ =  274
16:  13  11  15  13  14  16  11  12  10  16  13  17  10  15  14  10  19  16  18   ∑ =  263
17:   9  17   9  14  14   8  10  19  11   5  17  10  13  17   6  16  15  18   9   ∑ =  237
18:  17  11  18  17  15  16  11  18  13  13  16  14  11  11   9  14  18  22  11   ∑ =  275

Loading Data...
Training Model...

----- Results -----
Macro F1: 4.973
-----
Micro F1: 5.701
Precision: 5.701
Recall: 5.701

--- Details ---
Training data len: 88722 Testing data len: 9858
Training data class counts: 0: 17693, 1: 12140, 2: 8294, 3: 6081, 4: 5845, 5: 3935, 6: 3466, 7: 3263, 8: 3180, 9: 3017, 10: 2826, 11: 2604, 12: 2524, 13: 2404, 14: 2342, 15: 2305, 16: 2316, 17: 2241, 18: 2246
Testing  data class counts: 0: 1948, 1: 1356, 2: 950, 3: 683, 4: 602, 5: 449, 6: 361, 7: 381, 8: 319, 9: 351, 10: 299, 11: 299, 12: 261, 13: 286, 14: 267, 15: 233, 16: 263, 17: 266, 18: 284

--- Matrix ---
 0: 122 111  93 106  92 114 112  90 117 104  98 101  82 101  85 106 113 103  98   ∑ = 1948
 1:  54  70  68  85  76  82  71  70  76  57  69  67  76  78  66  63  74  77  77   ∑ = 1356
 2:  55  47  58  58  39  45  57  51  35  48  56  46  56  50  36  49  48  65  51   ∑ =  950
 3:  35  41  35  45  39  46  25  25  30  28  40  39  32  38  34  40  34  36  41   ∑ =  683
 4:  35  30  30  39  33  33  44  24  33  29  36  27  23  24  33  21  39  39  30   ∑ =  602
 5:  28  22  15  20  26  27  25  21  25  27  24  21  22  23  23  29  21  27  23   ∑ =  449
 6:  19  22  14  23  18  27  22  23  16  18  21  15  12  18  19  19  15  20  20   ∑ =  361
 7:  28  26  14  19  15  19  12  23  20  18  13  16  18  30  20  31  14  26  19   ∑ =  381
 8:  16  19  12  19  12  18  16  15  23  12  11  17  23  14  13  24  12  24  19   ∑ =  319
 9:  30  16  14  17  18  19  19  19  18  14  15  21  18  21  16  17  21  18  20   ∑ =  351
10:   9  14  13  12  20  21  19  12  13   7  21  16  10  16  28  15  12  25  16   ∑ =  299
11:  11  17  10  16  17  18  17  18  11   9  15  11  20  17  27  15  12  18  20   ∑ =  299
12:  14  15   9  18  11  15   8  12  21  11  14   9   8  10  18  16  22  13  17   ∑ =  261
13:  17  16  12  26  14  23  12  13   9  16  13  18  13  17  18  10  12  16  11   ∑ =  286
14:  17  15   9  17  16   6  18  14  12  17  11  17  20  11  13  17   9  11  17   ∑ =  267
15:  12   3  24   9  10  13  17  12  14  10   7  17  12  11  14  11  10  14  13   ∑ =  233
16:  14  16  11  13  12  10   9  16  12  18  19  11  20  11  11  12  20  17  11   ∑ =  263
17:  13  18  24  15  17  13  14   5  12  13  13  11  12  19  16  11  11  15  14   ∑ =  266
18:  18  19  19  11  17  12  19  11  13  10  19  13  14  20  19   9  18  14   9   ∑ =  284


----- Results for all folds -----
Macro F1: 4.845
-----
Micro F1: 5.457
Precision: 5.457
Recall: 5.457

--- Matrix ---
 0: 1077 1064 1076 1087 1057 1044  989  978  992 1098 1049  989  985  989  983 1066 1032 1029 1057   ∑ = 19641
 1:  682  735  668  718  697  726  695  704  692  667  721  735  749  734  687  754  731  740  661   ∑ = 13496
 2:  504  451  488  480  458  448  500  460  496  499  503  446  538  475  491  495  492  486  534   ∑ =  9244
 3:  354  359  371  391  344  355  370  369  370  363  358  339  342  351  338  364  378  332  316   ∑ =  6764
 4:  352  342  311  327  338  326  321  361  347  342  347  362  317  341  348  325  328  361  351   ∑ =  6447
 5:  215  227  229  221  237  233  257  213  240  234  210  244  239  232  225  232  231  233  232   ∑ =  4384
 6:  211  202  201  214  206  205  215  196  195  190  213  197  188  198  193  213  199  206  185   ∑ =  3827
 7:  195  200  190  178  187  188  176  199  208  170  196  183  188  219  185  196  182  201  203   ∑ =  3644
 8:  184  186  205  187  182  183  177  181  202  177  185  196  206  178  154  189  162  181  184   ∑ =  3499
 9:  175  177  158  188  176  180  169  158  171  203  184  171  173  176  156  181  188  193  191   ∑ =  3368
10:  136  151  170  171  149  165  165  154  148  183  193  150  171  176  162  179  150  190  162   ∑ =  3125
11:  151  148  156  163  151  148  165  152  156  150  144  155  145  155  172  160  156  138  138   ∑ =  2903
12:  143  142  141  150  156  152  137  147  154  147  127  145  150  138  145  141  166  155  149   ∑ =  2785
13:  144  123  132  140  146  144  132  148  129  140  137  150  148  157  146  117  162  164  131   ∑ =  2690
14:  147  143  136  137  131  131  137  144  138  117  148  136  151  129  135  147  124  138  140   ∑ =  2609
15:  149  127  150  125  134  129  140  146  147  131  120  135  123  130  131  112  139  151  119   ∑ =  2538
16:  140  142  133  126  125  126  113  131  135  155  140  137  148  127  122  134  138  166  141   ∑ =  2579
17:  125  144  133  126  136  120  130  112  147  143  152   99  122  157  127  129  142  138  125   ∑ =  2507
18:  144  140  130  132  129  120  155  138  130  147  136  137  127  149  118  114  133  130  121   ∑ =  2530

