Loading tweets...
Doing 10 cross folds...
Loading Data...
Training Model...

----- Results -----
Macro F1: 28.876
-----
Micro F1: 41.795
Precision: 41.795
Recall: 41.795

--- Details ---
Training data len: 445170 Testing data len: 49463
Training data class counts: 0: 96723, 1: 46687, 2: 45745, 3: 24670, 4: 22130, 5: 20956, 6: 19181, 7: 16525, 8: 15272, 9: 14462, 10: 14490, 11: 13692, 12: 12511, 13: 11656, 14: 12170, 15: 12020, 16: 11781, 17: 11557, 18: 11887, 19: 11055
Testing  data class counts: 0: 10752, 1: 5145, 2: 5114, 3: 2785, 4: 2445, 5: 2313, 6: 2092, 7: 1827, 8: 1727, 9: 1668, 10: 1537, 11: 1644, 12: 1345, 13: 1299, 14: 1278, 15: 1364, 16: 1292, 17: 1268, 18: 1344, 19: 1224

--- Matrix ---
 0: 8637  618  215  234   61   88   61   50   35  106   21   79  420    7   15   15   13   62   12    3   ∑ = 10752
 1:   25 2358  832  380  197  168  229  152  102  152   90  188   23    7   52   22   62   68   35    3   ∑ =  5145
 2:   13 1022 2718  129  258  130  185   42   57   69   62  133    5    3   58   61   57   61   40   11   ∑ =  5114
 3:   29  816  293  800   59  107   97   82   88  195   25   72    6   11   22   20   12   29   19    3   ∑ =  2785
 4:    5  472  360   62 1043   34  113   40   24   35   66   60    5    3   14   45   14   24   24    2   ∑ =  2445
 5:   16  653  437  210   95  251  139   48   33  122   47   67    5    2   35   17   53   62   20    1   ∑ =  2313
 6:    7  558  385   98  155   82  332   69   43   43   42  102   16    3   29   42   30   29   24    3   ∑ =  2092
 7:    2  475  242  117  126   66  108  342   20   39   58   79    4    0   24   21   13   54   37    0   ∑ =  1827
 8:   12  510  157  310   48   63   94   54  219   82   22   84    6    2   10   18    8   20    7    1   ∑ =  1727
 9:   12  445  236  263   62  102   51   24   35  285   20   47    4    3   13   10   14   31   10    1   ∑ =  1668
10:    0  209  154   31   98   34   48   30   11   12  668   33    2    2   12   12    4   14  163    0   ∑ =  1537
11:    6  255  116   31   35   38   75   25   19   15   28  928    4    3   25   13    6   10   10    2   ∑ =  1644
12:  586   13    5    3    2    6   13    1    0    0    0    1  712    0    0    0    0    1    2    0   ∑ =  1345
13:   15  385  163  245   36   46   46   37   57   79   12   49    3   67   14   12    7   16   10    0   ∑ =  1299
14:    2  275  416   64   70   69   72   27   25   54   19   40    5    4   45   21   33   23   10    4   ∑ =  1278
15:    2  296  361   59  146   33   96   21   36   30   20   41    1    1   11  171    5   13   19    2   ∑ =  1364
16:    2  393  333   63   74   75   78   32   17   30   19   55    2    1   23    6   56   23   10    0   ∑ =  1292
17:    1  119   56   26   32   20   26   37    8    8    8   23    0    1    7    2    5  887    1    1   ∑ =  1268
18:    1  204  186   31   82   29   45   39   17   15  458   34    3    0   16   13    6   16  148    1   ∑ =  1344
19:    5  286  374   81   64   57   88   25   27   30   23   38    2    2   32   14   38   17   15    6   ∑ =  1224

Loading Data...
Training Model...

----- Results -----
Macro F1: 29.061
-----
Micro F1: 42.242
Precision: 42.242
Recall: 42.242

--- Details ---
Training data len: 445170 Testing data len: 49463
Training data class counts: 0: 96651, 1: 46630, 2: 45710, 3: 24729, 4: 22159, 5: 20921, 6: 19180, 7: 16517, 8: 15273, 9: 14606, 10: 14423, 11: 13823, 12: 12468, 13: 11654, 14: 12132, 15: 12041, 16: 11769, 17: 11527, 18: 11928, 19: 11029
Testing  data class counts: 0: 10824, 1: 5202, 2: 5149, 3: 2726, 4: 2416, 5: 2348, 6: 2093, 7: 1835, 8: 1726, 9: 1524, 10: 1604, 11: 1513, 12: 1388, 13: 1301, 14: 1316, 15: 1343, 16: 1304, 17: 1298, 18: 1303, 19: 1250

--- Matrix ---
 0: 8775  583  248  247   60   76   58   44   44   97   19   65  382    0   17   12   12   72   10    3   ∑ = 10824
 1:   29 2428  800  389  190  162  226  138  103  184   81  179   20    8   38   17   66  101   40    3   ∑ =  5202
 2:    6 1015 2812  128  212  119  211   70   50   64   59  133    3    3   54   85   49   42   31    3   ∑ =  5149
 3:   26  793  273  751   78  124   90   81   78  194   36   61   11   10   23   24   12   38   21    2   ∑ =  2726
 4:    2  476  347   64 1055   43   99   37   36   21   41   48    7    1   15   55    9   25   34    1   ∑ =  2416
 5:   10  667  481  208   99  213  137   42   55  125   42   72    8    6   44   14   55   53   13    4   ∑ =  2348
 6:    5  547  434   78  170   80  311   46   48   41   43  114   15    5   28   44   30   19   29    6   ∑ =  2093
 7:    4  489  249  120  134   52  104  316   20   49   53   81    2    4   26   26    7   62   35    2   ∑ =  1835
 8:   22  487  193  314   69   54   85   60  203   62   18   86    8    9   13   10    7   20    6    0   ∑ =  1726
 9:   10  390  233  251   55   70   68   15   35  254   18   49    2    1   18   14   13   23    4    1   ∑ =  1524
10:    1  257  183   15   89   38   38   26    9    5  694   55    2    0   10    7    6   12  156    1   ∑ =  1604
11:    3  233   96   29   41   35   69   31   20   15   14  865    4    2    8   12    8   17   10    1   ∑ =  1513
12:  577    9    5    1    1    3    5    4    2    1    0    5  771    0    0    0    0    0    4    0   ∑ =  1388
13:   11  365  176  258   44   49   45   34   68   92   12   26    0   72    7    4    8   20    8    2   ∑ =  1301
14:    2  282  438   78   75   63   62   24   42   45   20   43    2    0   60   10   30   20   16    4   ∑ =  1316
15:    7  301  349   65  131   32   92   20   32   24   28   42    0    3   13  166    7   13   17    1   ∑ =  1343
16:    4  362  329   55   76   97   76   21   28   45   21   57    2    4   27    4   58   19   15    4   ∑ =  1304
17:    4  114   62   27   26   24   19   27    6   14   14   23    0    0    6    1    7  918    4    2   ∑ =  1298
18:    2  207  179   27   88   29   34   23   11   12  451   42    0    0    8   13    4    9  163    1   ∑ =  1303
19:    1  315  369   86   67   49   82   25   44   32   24   24    4    2   39   10   33   18   17    9   ∑ =  1250

Loading Data...
Training Model...

----- Results -----
Macro F1: 29.101
-----
Micro F1: 41.779
Precision: 41.779
Recall: 41.779

--- Details ---
Training data len: 445170 Testing data len: 49463
Training data class counts: 0: 96886, 1: 46619, 2: 45803, 3: 24782, 4: 22033, 5: 20945, 6: 19177, 7: 16532, 8: 15289, 9: 14506, 10: 14453, 11: 13849, 12: 12438, 13: 11633, 14: 12093, 15: 12058, 16: 11718, 17: 11522, 18: 11831, 19: 11003
Testing  data class counts: 0: 10589, 1: 5213, 2: 5056, 3: 2673, 4: 2542, 5: 2324, 6: 2096, 7: 1820, 8: 1710, 9: 1624, 10: 1574, 11: 1487, 12: 1418, 13: 1322, 14: 1355, 15: 1326, 16: 1355, 17: 1303, 18: 1400, 19: 1276

--- Matrix ---
 0: 8504  597  239  235   50   70   61   46   47  114   33   74  421    2   14    9   15   48    9    1   ∑ = 10589
 1:   33 2431  774  399  196  173  202  162  107  180   82  213   11    6   41   20   77   68   34    4   ∑ =  5213
 2:   10 1008 2756  125  215  120  180   57   55   66   70  111    2    6   60   78   48   46   38    5   ∑ =  5056
 3:   23  785  266  752   64  109   91   78   98  179   37   70    6    6   28   15   13   28   21    4   ∑ =  2673
 4:    6  488  358   59 1130   39  107   31   31   28   58   57    3    4   27   39   15   28   31    3   ∑ =  2542
 5:   22  700  443  213   82  236  125   56   44  122   38   67    7    5   37   16   58   38   12    3   ∑ =  2324
 6:    6  565  418   88  157  108  295   32   49   34   54   96   14    5   28   47   34   27   33    6   ∑ =  2096
 7:    4  503  210  127  132   72  100  319   25   32   74   76   12    3   18   18   10   54   31    0   ∑ =  1820
 8:   20  518  164  285   85   43   84   56  216   60   22   89    8    5   15   10    7   18    5    0   ∑ =  1710
 9:   19  457  214  241   46   73   61   38   33  298   17   41    4    5   22   13   11   25    6    0   ∑ =  1624
10:    6  232  194   25   81   27   47   28   10   16  688   39    2    0   13   10    5   14  136    1   ∑ =  1574
11:    3  235  101   30   26   24   72   26   34   12   21  842    3    2   14    8    6   15   13    0   ∑ =  1487
12:  569   12    4    4    3    0   11    2    0    0    1    3  804    0    1    0    0    4    0    0   ∑ =  1418
13:   18  401  121  294   35   50   35   35   66   88   14   40    2   62    7   18    8   17   10    1   ∑ =  1322
14:    1  300  422   88   76   85   63   19   28   46   24   43    3    3   61   13   38   21   16    5   ∑ =  1355
15:    3  281  377   59  123   36   78   23   40   22   27   38    0    1   16  167    5   12   18    0   ∑ =  1326
16:    5  379  356   52   67  100   82   27   30   38   23   50    0    2   30   10   62   30   11    1   ∑ =  1355
17:    6  149   59   30   24   38   19   34   12   12   10   28    1    0    9    0    4  861    6    1   ∑ =  1303
18:    0  229  214   33   78   30   54   25    7   14  439   51    0    0   11   17    6   17  173    2   ∑ =  1400
19:    5  336  377   68   83   62   93   21   26   28   22   40    5    1   34   18   27   12   10    8   ∑ =  1276

Loading Data...
Training Model...

----- Results -----
Macro F1: 29.134
-----
Micro F1: 42.05
Precision: 42.05
Recall: 42.05

--- Details ---
Training data len: 445170 Testing data len: 49463
Training data class counts: 0: 96751, 1: 46562, 2: 45815, 3: 24729, 4: 22195, 5: 20893, 6: 19127, 7: 16570, 8: 15316, 9: 14465, 10: 14440, 11: 13748, 12: 12486, 13: 11637, 14: 12062, 15: 12056, 16: 11762, 17: 11550, 18: 11928, 19: 11078
Testing  data class counts: 0: 10724, 1: 5270, 2: 5044, 3: 2726, 4: 2380, 5: 2376, 6: 2146, 7: 1782, 8: 1683, 9: 1665, 10: 1587, 11: 1588, 12: 1370, 13: 1318, 14: 1386, 15: 1328, 16: 1311, 17: 1275, 18: 1303, 19: 1201

--- Matrix ---
 0: 8656  578  242  231   57   74   59   47   35  104   27   65  404    7   21   17   10   72   17    1   ∑ = 10724
 1:   32 2439  826  402  191  169  230  148   99  163  104  223   14    7   36   22   65   74   24    2   ∑ =  5270
 2:   12  958 2759  132  239  116  175   57   47   71   65  123    2    1   59   69   50   50   42   17   ∑ =  5044
 3:   23  785  269  766   78  119   95   66   94  213   28   67    9    4   29   18    9   37   14    3   ∑ =  2726
 4:    2  437  342   65 1051   35   98   28   35   28   56   60    5    4   21   54   11   22   24    2   ∑ =  2380
 5:   25  711  474  198  101  222  112   46   41  124   38   88    8    2   41   10   61   52   17    5   ∑ =  2376
 6:    4  600  401  107  167   96  322   51   51   31   44   99   19    2   26   33   48   25   17    3   ∑ =  2146
 7:    4  434  246  143  130   60   92  337   25   33   56   78    5    5   20   23    5   50   34    2   ∑ =  1782
 8:   23  489  180  298   62   60   73   70  190   91   19   49    7    9   13   12    9   13   13    3   ∑ =  1683
 9:   10  435  239  266   56   76   75   35   27  290   19   51    3    2   19   17    6   29   10    0   ∑ =  1665
10:    2  216  176   32   81   35   59   20   14   22  651   39    6    1   13    8    6   11  194    1   ∑ =  1587
11:    6  218   94   35   45   30   69   26   29   22   27  929    1    2    8    5    9   18   13    2   ∑ =  1588
12:  570   13    5    6    3    3    9    3    0    2    1    0  754    0    0    1    0    0    0    0   ∑ =  1370
13:   13  402  155  255   51   36   40   34   58   75   19   39    5   70   14   10   12   15   13    2   ∑ =  1318
14:    4  310  438   72   62   78   65   29   28   49   29   44    6    7   70   18   31   32    7    7   ∑ =  1386
15:    4  277  353   61  155   34   72   29   36   23   28   48    1    0    7  177    3    7   11    2   ∑ =  1328
16:    4  367  348   51   76   88   71   22   25   39   19   51    7    2   33   12   65   21    6    4   ∑ =  1311
17:    5  127   67   32   24   21   18   24    8    3    9   24    0    1   10    5    4  892    0    1   ∑ =  1275
18:    0  203  188   32   86   28   59   28    7   12  435   40    2    0    9    9    5    7  152    1   ∑ =  1303
19:    2  308  370   73   84   64   75   21   13   24   20   42    3    2   18   19   21   14   21    7   ∑ =  1201

Loading Data...
Training Model...

----- Results -----
Macro F1: 29.25
-----
Micro F1: 42.141
Precision: 42.141
Recall: 42.141

--- Details ---
Training data len: 445170 Testing data len: 49463
Training data class counts: 0: 96690, 1: 46603, 2: 45884, 3: 24672, 4: 22108, 5: 20903, 6: 19156, 7: 16503, 8: 15323, 9: 14582, 10: 14437, 11: 13789, 12: 12504, 13: 11677, 14: 12060, 15: 12053, 16: 11796, 17: 11550, 18: 11877, 19: 11003
Testing  data class counts: 0: 10785, 1: 5229, 2: 4975, 3: 2783, 4: 2467, 5: 2366, 6: 2117, 7: 1849, 8: 1676, 9: 1548, 10: 1590, 11: 1547, 12: 1352, 13: 1278, 14: 1388, 15: 1331, 16: 1277, 17: 1275, 18: 1354, 19: 1276

--- Matrix ---
 0: 8759  594  234  224   62   62   53   49   43  102   16   77  405    2    9    9   21   55    9    0   ∑ = 10785
 1:   33 2425  798  397  232  184  192  134   89  172   82  209   15   10   46   22   60   84   44    1   ∑ =  5229
 2:    7 1014 2667   97  234  117  193   61   55   77   57  107    4    1   62   68   52   52   45    5   ∑ =  4975
 3:   22  859  279  771   82  109   92   96   96  175   34   70    7    6   16   16   12   25   16    0   ∑ =  2783
 4:    2  465  357   51 1100   31   88   40   44   22   65   63    3    7   16   48   15   18   31    1   ∑ =  2467
 5:   10  697  472  212   88  239  108   46   61  101   42   84   12    6   32   12   78   48   16    2   ∑ =  2366
 6:    2  576  399   90  182   86  339   33   45   38   47   93   15    3   37   38   36   26   26    6   ∑ =  2117
 7:    2  516  225  136  134   49   95  340   25   29   75   83    4    7   21   22    7   55   24    0   ∑ =  1849
 8:   19  473  199  294   48   55   82   56  200   79   27   62    5    6   11   11   10   30    7    2   ∑ =  1676
 9:   14  422  209  227   45   78   43   23   28  311   16   39    1    4   23   13    6   28   16    2   ∑ =  1548
10:    5  225  190   19   94   37   44   34    5   16  687   48    1    1    8    8    3   15  149    1   ∑ =  1590
11:    2  222  104   29   41   31   67   22   22   13   23  898    4    5   12    9   17    9   15    2   ∑ =  1547
12:  603    6    3    0    2    3   17    1    1    1    4    5  702    0    1    1    0    0    2    0   ∑ =  1352
13:   21  379  113  245   37   56   45   47   62   69   18   40    3   81   13    8   10   18   11    2   ∑ =  1278
14:    3  318  438   70   76   58   77   24   31   46   32   43    4    4   60   27   42   20   11    4   ∑ =  1388
15:    2  290  371   60  139   22   68   21   44   18   23   40    4    2   12  184    9   10   12    0   ∑ =  1331
16:    2  353  340   70   69   87   75   30   32   34   17   44    1    4   24   11   53   17   10    4   ∑ =  1277
17:    6  137   55   34   25   23   13   33   10   12   14   24    1    3   14    3    9  852    5    2   ∑ =  1275
18:    3  195  172   25   76   26   48   15   19   16  495   42    4    3    5   19    7   10  173    1   ∑ =  1354
19:    2  310  407   83   74   52   83   20   33   33   14   36    4    1   38   15   29   25   14    3   ∑ =  1276

Loading Data...
Training Model...

----- Results -----
Macro F1: 28.947
-----
Micro F1: 42.092
Precision: 42.092
Recall: 42.092

--- Details ---
Training data len: 445170 Testing data len: 49463
Training data class counts: 0: 96727, 1: 46755, 2: 45764, 3: 24751, 4: 22072, 5: 20955, 6: 19058, 7: 16457, 8: 15283, 9: 14502, 10: 14411, 11: 13848, 12: 12429, 13: 11690, 14: 12112, 15: 12006, 16: 11794, 17: 11488, 18: 11970, 19: 11098
Testing  data class counts: 0: 10748, 1: 5077, 2: 5095, 3: 2704, 4: 2503, 5: 2314, 6: 2215, 7: 1895, 8: 1716, 9: 1628, 10: 1616, 11: 1488, 12: 1427, 13: 1265, 14: 1336, 15: 1378, 16: 1279, 17: 1337, 18: 1261, 19: 1181

--- Matrix ---
 0: 8678  621  257  222   50   69   58   44   27  106   23   77  419    3    5    9   10   57   12    1   ∑ = 10748
 1:   35 2372  690  413  208  162  220  141  103  158   97  205   15   14   40   19   72   59   52    2   ∑ =  5077
 2:    8  930 2817  135  231  117  204   52   51   74   68  109    8    4   61   77   50   48   41   10   ∑ =  5095
 3:   19  800  285  734   83   87   96   89  106  171   45   60   12   10   23   23    7   32   19    3   ∑ =  2704
 4:    4  470  351   60 1147   42   89   34   28   31   61   63    4    4   19   44    7   21   24    0   ∑ =  2503
 5:   17  700  447  187   85  217  130   46   55  122   30   73    7    4   38   23   64   54   12    3   ∑ =  2314
 6:    9  603  410   87  168  111  340   55   58   44   46   87   18    4   37   38   42   32   24    2   ∑ =  2215
 7:    7  502  255  144  137   70  106  294   33   32   70   81    1    2   28   17   19   56   39    2   ∑ =  1895
 8:   20  509  164  331   46   58   94   47  187   84   21   84    7    3   12    8    8   21   10    2   ∑ =  1716
 9:   17  446  217  246   60   86   57   18   37  292   22   35    2    3   16   14   14   30   15    1   ∑ =  1628
10:    4  215  204   33   89   45   47   25    8   17  663   49    5    2    8   14    7   22  156    3   ∑ =  1616
11:    3  220   76   33   47   37   63   22   28    7   24  861    6    1   12    6   13   15   14    0   ∑ =  1488
12:  610   14    4    0    3    0    7    0    1    3    1    5  774    0    1    1    0    1    2    0   ∑ =  1427
13:   18  385  170  238   32   44   48   36   52   80   15   31    2   57   13   12    7   18    6    1   ∑ =  1265
14:    5  337  412   68   64   65   87   26   23   42   27   39    3    2   52   27   25   18   11    3   ∑ =  1336
15:    8  306  339   61  155   23   90   20   35   26   25   51    1    2   11  196    4   14   11    0   ∑ =  1378
16:    2  366  291   64   73   83   93   29   26   33   17   41    4    3   33   17   60   21   17    6   ∑ =  1279
17:   11  123   70   36   30   27   22   32    9   11   12   24    2    1   12    2    8  902    3    0   ∑ =  1337
18:    1  191  167   22   80   29   53   23   14    7  419   40    1    1   11   18    2   11  170    1   ∑ =  1261
19:    2  305  360   70   65   47   79   34   31   34   11   34    2    2   28   14   30   18    8    7   ∑ =  1181

Loading Data...
Training Model...

----- Results -----
Macro F1: 28.788
-----
Micro F1: 41.534
Precision: 41.534
Recall: 41.534

--- Details ---
Training data len: 445170 Testing data len: 49463
Training data class counts: 0: 96817, 1: 46725, 2: 45844, 3: 24725, 4: 22057, 5: 20966, 6: 19094, 7: 16459, 8: 15340, 9: 14535, 10: 14358, 11: 13833, 12: 12470, 13: 11663, 14: 12055, 15: 12026, 16: 11710, 17: 11547, 18: 11890, 19: 11056
Testing  data class counts: 0: 10658, 1: 5107, 2: 5015, 3: 2730, 4: 2518, 5: 2303, 6: 2179, 7: 1893, 8: 1659, 9: 1595, 10: 1669, 11: 1503, 12: 1386, 13: 1292, 14: 1393, 15: 1358, 16: 1363, 17: 1278, 18: 1341, 19: 1223

--- Matrix ---
 0: 8573  624  255  245   49   80   58   36   31  100   16   70  411    4   13   11   18   47   17    0   ∑ = 10658
 1:   34 2396  752  373  204  203  211  129   99  177   95  179   14   14   37   13   64   76   33    4   ∑ =  5107
 2:    5 1037 2695  111  228   89  174   67   63   70   59  112    3    4   50   80   59   58   45    6   ∑ =  5015
 3:   36  783  299  734   73   77   77   93  108  210   40   77   10    6   27   12    8   41   18    1   ∑ =  2730
 4:    3  470  391   71 1108   39  102   32   34   24   58   63    2    5   17   51    9   13   25    1   ∑ =  2518
 5:   11  632  469  222  105  213  115   53   61  126   30   87    6    4   27   15   50   58   15    4   ∑ =  2303
 6:    2  588  437  108  175  106  298   45   67   37   36  103   27    1   24   40   31   22   30    2   ∑ =  2179
 7:    4  490  266  132  140   86   92  305   33   41   65   63    6    4   21   23    8   73   40    1   ∑ =  1893
 8:   15  451  192  295   59   52   85   62  200   76   17   72    5    3   16   20    9   23    6    1   ∑ =  1659
 9:    7  480  211  214   45   77   60   22   50  280   20   35    6    1   23   10    6   37    7    4   ∑ =  1595
10:    5  209  213   31  103   35   52   31    8   20  715   36    2    0   15   15    8   16  154    1   ∑ =  1669
11:    2  197  114   28   40   38   72   26   33   11   16  875    3    3   12   14    6    5    8    0   ∑ =  1503
12:  578   14    4    2    6    2   14    1    0    0    2    5  756    0    1    0    0    1    0    0   ∑ =  1386
13:   15  389  145  252   39   52   39   35   56   93   19   35    2   63    9   12   11   15   11    0   ∑ =  1292
14:    6  300  432   81   96   79   69   22   43   48   26   30    3    1   70   15   31   20   16    5   ∑ =  1393
15:    5  303  377   67  148   27   76   15   41   21   21   40    0    2   10  183    7    5    8    2   ∑ =  1358
16:    5  371  342   59   83  108   92   22   12   53   17   41    6    3   26    9   68   23   20    3   ∑ =  1363
17:    3  143   60   32   30   29   20   34   10    9   12   19    1    2    9    3    8  846    5    3   ∑ =  1278
18:    2  211  177   31   63   37   61   25    7   14  468   34    3    2    8   18    8   13  158    1   ∑ =  1341
19:    4  276  397   84   85   52   89   20   22   35   14   36    4    4   25   10   30   14   14    8   ∑ =  1223

Loading Data...
Training Model...

----- Results -----
Macro F1: 29.138
-----
Micro F1: 42.591
Precision: 42.591
Recall: 42.591

--- Details ---
Training data len: 445170 Testing data len: 49463
Training data class counts: 0: 96616, 1: 46628, 2: 45660, 3: 24676, 4: 22141, 5: 20895, 6: 19169, 7: 16558, 8: 15313, 9: 14478, 10: 14407, 11: 13826, 12: 12478, 13: 11666, 14: 12199, 15: 12077, 16: 11792, 17: 11586, 18: 11965, 19: 11040
Testing  data class counts: 0: 10859, 1: 5204, 2: 5199, 3: 2779, 4: 2434, 5: 2374, 6: 2104, 7: 1794, 8: 1686, 9: 1652, 10: 1620, 11: 1510, 12: 1378, 13: 1289, 14: 1249, 15: 1307, 16: 1281, 17: 1239, 18: 1266, 19: 1239

--- Matrix ---
 0: 8848  604  245  250   59   70   47   47   28   81   20   68  383    5   12   11   10   61    9    1   ∑ = 10859
 1:   37 2490  768  343  195  166  198  153   95  167  110  203   17   13   43   29   58   73   46    0   ∑ =  5204
 2:    5 1028 2845  118  221  132  199   48   52   78   82  126    1    8   51   65   36   50   39   15   ∑ =  5199
 3:   32  833  270  796   89   99   92   69  103  176   33   82    3    7   19   14   13   33   16    0   ∑ =  2779
 4:    1  444  348   66 1109   44   70   42   38   25   56   57    3    0   18   57    7   25   21    3   ∑ =  2434
 5:   12  697  467  202   95  222  134   50   51  142   36   66    7   10   44   15   50   52   22    0   ∑ =  2374
 6:    1  587  384   96  172   90  299   47   43   39   45  106   25    3   39   47   36   18   24    3   ∑ =  2104
 7:    2  482  231  135  120   60  101  321   30   42   65   75    8    6   25   13    9   52   16    1   ∑ =  1794
 8:   16  492  165  291   54   59   80   54  224   86   13   67    9    4    7   22    7   21   14    1   ∑ =  1686
 9:   11  477  203  248   56   86   62   21   36  285   27   40    4    3   22   13    4   36   14    4   ∑ =  1652
10:    0  215  185   38   95   35   53   35    7   28  653   46    5    2   13   20   10   15  165    0   ∑ =  1620
11:    3  213  125   34   35   33   62   24   23    9   11  870    5    2   15   11   11   13    8    3   ∑ =  1510
12:  600   14    4    5    2    1    2    4    2    0    1    3  738    0    0    0    0    2    0    0   ∑ =  1378
13:   19  420  148  251   38   36   34   40   57   73   19   34    2   72   10    9    7   14    6    0   ∑ =  1289
14:    3  298  385   58   70   83   59   29   22   61   17   31    6    1   55   11   30   17   12    1   ∑ =  1249
15:    5  264  369   66  168   20   65   18   36   26   28   40    3    0   11  166    5    6   11    0   ∑ =  1307
16:    6  389  301   55   76   87   71   23   25   42   23   50    1    6   25   12   53   18   12    6   ∑ =  1281
17:    4  118   48   37   25   26   10   36    9   13   10   25    0    2    5    3    4  861    3    0   ∑ =  1239
18:    2  169  185   28  100   21   44   24    8    8  447   43    3    1    5   13    2   14  149    0   ∑ =  1266
19:    2  315  384   62   68   53   85   27   23   25   34   44    2    1   33   11   20   20   19   11   ∑ =  1239

Loading Data...
Training Model...

----- Results -----
Macro F1: 29.174
-----
Micro F1: 42.094
Precision: 42.094
Recall: 42.094

--- Details ---
Training data len: 445170 Testing data len: 49463
Training data class counts: 0: 96787, 1: 46597, 2: 45824, 3: 24620, 4: 22141, 5: 21003, 6: 19103, 7: 16535, 8: 15343, 9: 14502, 10: 14380, 11: 13757, 12: 12497, 13: 11631, 14: 12071, 15: 12093, 16: 11809, 17: 11520, 18: 11904, 19: 11053
Testing  data class counts: 0: 10688, 1: 5235, 2: 5035, 3: 2835, 4: 2434, 5: 2266, 6: 2170, 7: 1817, 8: 1656, 9: 1628, 10: 1647, 11: 1579, 12: 1359, 13: 1324, 14: 1377, 15: 1291, 16: 1264, 17: 1305, 18: 1327, 19: 1226

--- Matrix ---
 0: 8609  616  240  235   66   68   59   48   45   98   31   71  381    3   20   12    9   62   15    0   ∑ = 10688
 1:   29 2467  799  392  214  171  191  140  125  180  110  164   16   11   42   20   53   81   29    1   ∑ =  5235
 2:   10  927 2811  110  216  109  196   63   54   86   55  105    4    4   68   60   57   53   33   14   ∑ =  5035
 3:   24  868  279  775   63   96  100   81  101  225   39   64    8   13   11   29    9   29   18    3   ∑ =  2835
 4:    1  490  344   61 1056   44   97   29   39   28   67   60    2    5   19   44    9   15   24    0   ∑ =  2434
 5:   11  690  445  180  101  223  117   47   55  120   33   67    5    2   32   19   44   55   17    3   ∑ =  2266
 6:    4  603  386   96  163  118  342   53   44   42   46  103   20    4   28   35   36   22   23    2   ∑ =  2170
 7:    5  461  255  121  127   55   89  332   30   51   77   60    3    5   29   21    8   53   34    1   ∑ =  1817
 8:   14  470  192  301   55   55   86   56  192   61   25   66    4    4   20   14    8   21   10    2   ∑ =  1656
 9:   12  479  202  243   53   62   74   31   33  295   20   37    1    3   13   21    9   27   10    3   ∑ =  1628
10:    3  232  196   21  100   42   37   30   15   19  690   46    2    4    9   17    5   21  158    0   ∑ =  1647
11:    4  260  112   28   41   42   82   31   26   19   20  849    4    2   21    9    7    9   13    0   ∑ =  1579
12:  569   14    4    2    1    3    7    0    0    0    2    3  749    0    2    0    0    2    1    0   ∑ =  1359
13:   12  409  170  248   45   36   39   27   64  102   15   32    4   76   11    7   10   12    4    1   ∑ =  1324
14:    0  317  439   78   81   78   72   30   30   43   24   43    3    1   60   17   29   19    8    5   ∑ =  1377
15:    9  285  341   54  131   28   78   14   44   27   28   43    2    0    9  171    7    7   13    0   ∑ =  1291
16:    4  349  326   64   75   82   63   20   25   39   22   62    3    1   23    9   54   27   12    4   ∑ =  1264
17:    2  133   64   25   26   25   18   31    6   19    8   29    0    2   10    3    4  893    6    1   ∑ =  1305
18:    3  199  170   29   87   23   43   31   17   25  438   54    5    1   10   11    2    9  169    1   ∑ =  1327
19:    5  293  370   74   79   63   81   19   21   36   19   43    1    2   29   10   45   18   10    8   ∑ =  1226

Loading Data...
Training Model...

----- Results -----
Macro F1: 29.501
-----
Micro F1: 42.464
Precision: 42.464
Recall: 42.464

--- Details ---
Training data len: 445167 Testing data len: 49463
Training data class counts: 0: 96627, 1: 46682, 2: 45682, 3: 24741, 4: 22139, 5: 20984, 6: 19212, 7: 16512, 8: 15239, 9: 14532, 10: 14444, 11: 13859, 12: 12423, 13: 11688, 14: 12078, 15: 12026, 16: 11726, 17: 11578, 18: 11899, 19: 11096
Testing  data class counts: 0: 10848, 1: 5150, 2: 5177, 3: 2714, 4: 2436, 5: 2285, 6: 2061, 7: 1840, 8: 1760, 9: 1598, 10: 1583, 11: 1476, 12: 1433, 13: 1267, 14: 1369, 15: 1358, 16: 1347, 17: 1247, 18: 1332, 19: 1182

--- Matrix ---
 0: 8719  599  226  254   56   83   56   55   44  100   24   84  430    0   23   15    7   63   10    0   ∑ = 10848
 1:   35 2353  779  409  227  153  195  159   89  180   88  194   16   13   45   25   65   85   36    4   ∑ =  5150
 2:    8  939 2924  134  193  116  197   64   57   73   55  134    3    3   60   72   53   54   28   10   ∑ =  5177
 3:   21  835  285  726   70  108   94   67  107  165   30   75    7   10   21   20   14   40   15    4   ∑ =  2714
 4:    1  449  361   65 1077   42  100   33   29   33   64   61    0    2   28   41    7   17   25    1   ∑ =  2436
 5:   18  670  424  213  114  227  112   43   52  110   38   79    7    1   36   21   56   49   12    3   ∑ =  2285
 6:    2  561  374   86  147   95  340   40   50   39   47   91   18    6   40   43   35   21   24    2   ∑ =  2061
 7:    3  482  220  141  137   69   90  351   33   38   55   82    2    2   16   23    3   64   28    1   ∑ =  1840
 8:   16  533  199  287   46   68   86   49  212   78   33   61    9    5   11   19    7   23   17    1   ∑ =  1760
 9:   20  445  217  238   69   79   51   28   31  280   14   43    3    1   18   21   10   21    9    0   ∑ =  1598
10:    3  204  202   22   83   33   53   29    9   19  705   42    2    0    7    4    4   14  147    1   ∑ =  1583
11:    3  177  112   29   38   43   63   25   29   20   16  865    3    3   11   13    8    5   13    0   ∑ =  1476
12:  583   17    5    0    0    4   15    1    1    1    3    3  796    1    2    0    0    0    1    0   ∑ =  1433
13:   17  376  145  244   43   44   46   32   61   89   18   35    3   64   12    9    7   16    6    0   ∑ =  1267
14:    4  295  440   89   73   73   78   33   22   53   18   33    1    6   61   17   34   23   14    2   ∑ =  1369
15:    8  287  378   50  142   40   72   22   38   24   25   37    2    1    6  202    8    7    9    0   ∑ =  1358
16:    2  399  340   63   62   94   84   42   19   39   26   51    0    3   22   11   57   18   13    2   ∑ =  1347
17:    5  131   60   26   25   29   16   32    3   14    5   16    0    0    2    1    7  868    4    3   ∑ =  1247
18:    3  196  156   29   84   35   59   26   12   16  450   48    0    0   12   18    7   11  169    1   ∑ =  1332
19:    0  293  378   58   86   53   74   16   18   31   17   41    2    3   36    9   31   15   13    8   ∑ =  1182


----- Results for all folds -----
Macro F1: 29.101
-----
Micro F1: 42.078
Precision: 42.078
Recall: 42.078

--- Matrix ---
 0: 86758  6034  2401  2377   570   740   570   466   379  1008   230   730  4056    33   149   120   125   599   120    10   ∑ = 107475
 1:   322 24159  7818  3897  2054  1711  2094  1456  1011  1713   939  1957   161   103   420   209   642   769   373    24   ∑ =  51832
 2:    84  9878 27804  1219  2247  1165  1914   581   541   728   632  1193    35    37   583   715   511   514   382    96   ∑ =  50859
 3:   255  8157  2798  7605   739  1035   924   802   979  1903   347   698    79    83   219   191   109   332   177    23   ∑ =  27455
 4:    27  4661  3559   624 10876   393   963   346   338   275   592   592    34    35   194   478   103   208   263    14   ∑ =  24575
 5:   152  6817  4559  2045   965  2263  1229   477   508  1214   374   750    72    42   366   162   569   521   156    28   ∑ =  23269
 6:    42  5788  4028   934  1656   972  3218   471   498   388   450   994   187    36   316   407   358   241   254    35   ∑ =  21273
 7:    37  4834  2399  1316  1317   639   977  3257   274   386   648   758    47    38   228   207    89   573   318    10   ∑ =  18352
 8:   177  4932  1805  3006   572   567   849   564  2043   759   217   720    68    50   128   144    80   210    95    13   ∑ =  16999
 9:   132  4476  2181  2437   547   789   602   255   345  2870   193   417    30    26   187   146    93   287   101    16   ∑ =  16130
10:    29  2214  1897   267   913   361   478   288    96   174  6814   433    29    12   108   115    58   154  1578     9   ∑ =  16027
11:    35  2230  1050   306   389   351   694   258   263   143   200  8782    37    25   138   100    91   116   117    10   ∑ =  15335
12:  5845   126    43    23    23    25   100    17     7     8    15    33  7556     1     8     3     0    11    12     0   ∑ =  13856
13:   159  3911  1506  2530   400   449   417   357   601   840   161   361    26   684   110   101    87   161    85     9   ∑ =  12955
14:    30  3032  4260   746   743   731   704   263   294   487   236   389    36    29   594   176   323   213   121    40   ∑ =  13447
15:    53  2890  3615   602  1438   295   787   203   382   241   253   420    14    12   106  1783    60    94   129     7   ∑ =  13384
16:    36  3728  3306   596   731   901   785   268   239   392   204   502    26    29   266   101   586   217   126    34   ∑ =  13073
17:    47  1294   601   305   267   262   181   320    81   115   102   235     5    12    84    23    60  8780    37    14   ∑ =  12825
18:    17  2004  1794   287   824   287   500   259   119   139  4500   428    21     8    95   149    49   117  1624    10   ∑ =  13231
19:    28  3037  3786   739   755   552   829   228   258   308   198   378    29    20   312   130   304   171   141    75   ∑ =  12278

