Key
name_of_configuration
Max Macro-F1: Macro-F1 for each epoch starting with the first and going to the last.
char_bi_lstm_us_train_17 
26.616: 12.547  18.339  20.912  21.136  22.54   23.959  24.239  24.73   24.878  25.602  26.216  24.885  25.537  25.611  26.425  26.251  26.616 
27.242: 14.432  18.115  21.423  23.005  24.259  24.233  25.137  25.416  25.281  25.738  26.343  26.79   26.616  26.861  26.922  27.242  26.626 
26.264: 13.461  17.723  21.139  21.26   22.805  23.845  23.628  24.465  25.647  24.883  25.65   25.251  25.674  26.173  26.058  25.491  26.264 
27.469: 13.412  17.719  21.718  22.315  23.25   23.921  24.719  25.463  26.028  25.873  26.423  25.821  26.292  27.018  26.464  27.164  27.469 
26.679: 13.978  18.39   21.529  22.413  23.686  23.701  24.329  24.808  24.936  25.818  26.18   26.118  26.189  26.267  26.679  25.952  26.536 
26.975: 12.848  15.926  20.28   22.012  22.291  23.701  24.38   23.955  24.708  25.672  26.144  25.973  25.67   26.599  26.975  26.888  26.302 
25.298: 12.28   16.368  20.267  21.809  22.125  23.355  24.458  23.86   24.714  25.16   25.298 
char_bi_lstm_us_train_17_128_128 
28.336: 12.664  19.207  22.069  23.076  24.294  25.01   26.561  26.694  27.898  27.612  27.941  27.717  28.084  28.214  28.096  27.862  28.336 
29.204: 15.327  21.114  23.727  24.886  25.649  26.681  26.768  27.305  27.816  27.682  28.075  28.524  28.373  28.51   29.029  28.778  29.204 
29.019: 15.422  20.205  22.87   23.402  25.447  26.17   26.793  27.315  27.43   27.652  28.181  28.177  28.389  28.489  28.472  28.697  29.019 
28.828: 14.585  20.451  23.226  24.863  25.9    27.017  26.827  28.272  28.152  28.336  27.7    28.193  28.525  28.828  28.811  28.828  28.485 
29.148: 13.962  19.766  22.064  24.456  24.821  26.13   27.077  27.45   27.858  28.245  28.45   28.535  28.419  29.148  29.119  28.343  28.06  
28.464: 14.858  21.025  23.714  24.914  25.709  26.979  27.315  27.321  28.464  27.959 
char_bi_lstm_us_train_17_64_64 
26.598: 9.522   14.333  17.718  20.976  22.569  22.812  23.665  24.8    24.568  24.981  25.394  26.279  26.144  26.15   25.932  26.598  26.228 
26.939: 11.067  17.244  21.312  22.142  23.303  23.611  24.28   24.591  24.757  25.747  25.265  25.955  26.616  26.138  26.876  26.939  26.582 
26.613: 12.258  15.598  17.428  21.913  22.066  23.563  24.133  23.836  25.626  25.736  25.48   26.007  26.249  25.756  26.288  26.613  26.528 
26.743: 9.233   14.606  18.828  21.1    23.279  22.871  23.717  24.399  25.081  25.197  25.277  25.723  25.354  25.979  26.061  26.743  25.879 
27.232: 8.881   14.577  18.854  21.513  23.3    23.984  25.323  24.418  25.153  25.697  26.154  26.482  26.833  26.094  27.232  26.948  26.901 
26.491: 13.08   15.738  20.524  22.334  23.158  23.119  24.012  25.124  24.922  25.458  26.491  25.769 
char_cnn_bilstm_us_train_128_128 
28.572: 22.38   24.627  25.996  27.063  27.213  28.296  27.462  28.572  28.197  28.555  28.172  28.29   28.293 
29.526: 20.272  24.392  25.624  26.943  27.467  28.721  28.779  28.501  29.041  29.526  29.09   29.15   28.764  29.126  28.221 
29.353: 23.087  24.994  26.626  27.671  27.943  28.583  28.415  28.501  28.656  28.79   28.619  29.028  28.927  29.338  29.168  29.035  28.851  28.936  29.353  29.167  29.087  29.258  29.081  28.972 
29.361: 22.796  26.154  27.056  28.025  27.933  28.062  28.995  28.54   28.409  29.013  29.173  28.874  29.093  29.249  29.361  28.499  28.732  28.847  28.814  29.026 
29.015: 22.205  25.512  26.052  27.434  27.765  27.824  27.727  27.652  27.894  28.333  28.576  28.706  28.381  28.744  29.015  28.273  28.663  28.507  28.905  28.822 
29.562: 24.136  26.35   28.214  28.604  29.118  29.018  29.057  28.839  29.139  28.853  29.257  29.562  28.801  29.362  29.062  29.023  29.513 
28.982: 21.798  24.256  25.925  26.634  27.401  27.689  27.91   28.203  27.845  28.514  28.265  27.823  28.482  28.309  28.76   28.982  28.278  28.246  28.529  28.51   27.91  
29.329: 22.905  26.156  26.282  27.535  28.485  27.718  28.165  28.804  28.925  28.851  29.329  29.18   29.094  29.26   28.749  29.203 
29.896: 23.203  25.815  27.09   27.069  28.382  28.7    28.387  28.776  28.635  29.01   29.009  29.896  29.353  29.435  29.4    29.427  29.457 
29.282: 22.466  24.884  27.118  27.237  27.973  28.778  28.693  28.813  28.651  28.716  28.362  28.89   28.805  28.919  29.282  28.873  29.115  29.115  28.967  28.703 
char_cnn_lstm_us_train 
29.096: 22.311  25.558  26.136  26.105  27.635  27.461  28.299  28.018  27.62   28.273  28.041  28.772  28.332  28.17   29.012  28.95   28.523  29.096  28.807  28.137  29.038  28.289  28.785 
29.707: 21.586  25.61   25.644  26.723  27.279  27.521  27.883  27.74   27.255  28.056  28.866  28.09   28.129  28.932  28.9    28.301  29.177  28.493  29.707  29.289  28.28   28.661  28.537  29.54  
28.261: 22.931  24.606  25.176  26.431  26.927  26.895  27.419  26.753  27.244  28.261  27.585  27.763  27.451  27.675  27.986 
28.926: 21.976  24.566  25.332  26.818  27.363  27.401  27.403  28.029  27.671  27.611  27.586  28.055  28.499  28.682  28.457  28.226  28.172  28.619  28.887  28.926  28.556  28.451  28.277  28.405  28.777 
29.789: 22.583  25.126  26.437  27.561  27.429  28.108  27.768  28.558  27.198  28.546  27.846  28.96   28.787  28.196  29.499  29.232  29.384  29.789  29.109  29.273  29.359  28.689  29.567 
29.218: 22.928  24.825  26.162  26.725  27.107  27.956  28.3    28.378  28.289  28.907  28.824  29.218  28.992  28.449  28.545  28.293  28.997 
28.333: 21.78   24.293  24.396  25.673  26.072  26.066  26.806  27.338  27.717  28.019  28.333  27.821  28.01   27.746  27.729  28.178 
29.13 : 20.827  25.209  25.486  25.835  27.43   27.113  27.912  27.639  27.111  28.513  27.457  28.144  28.847  28.95   28.313  28.746  28.876  29.13   28.49   28.706  28.549  28.844  28.939 
28.833: 22.85   25.676  25.955  26.907  27.487  27.628  27.97   27.261  27.836  27.725  28.202  28.21   28.372  28.099  28.353  27.665  28.722  28.331  28.833  28.445  28.671  28.479  28.498  28.451 
28.868: 23.819  25.075  25.758  26.639  26.381  26.867  28.22   27.06   28.0    27.753  28.521  28.474  28.575  28.251  28.071  28.568  28.023  28.868  28.394  28.66   28.604  28.345  28.84  
char_cnn_lstm_us_train_128_128 
29.471: 22.252  25.203  25.51   26.755  27.408  28.359  27.976  28.206  28.151  28.462  28.732  28.911  28.313  28.091  28.342  28.923  28.809  28.897  28.475  29.137  28.62   28.728  29.412  29.471  29.011  29.213  28.648  28.285  29.005 
29.362: 21.486  24.662  26.045  27.513  27.874  28.317  27.907  29.024  28.662  28.288  29.075  28.521  29.362  29.285  29.321  29.027  28.423  29.216 
29.243: 22.279  24.519  25.929  26.36   26.872  27.809  27.792  27.425  27.884  28.429  28.253  28.683  28.522  28.467  28.656  28.791  28.525  29.2    28.805  29.243  28.747  28.764  29.211  28.876  28.721 
29.636: 22.17   25.039  27.162  26.853  27.814  27.975  28.234  28.501  29.185  28.787  28.444  29.061  29.29   29.094  29.242  28.881  29.491  29.636  28.982  29.278  29.218  28.856  29.088 
29.47 : 21.681  25.29   26.204  26.972  27.663  28.427  28.258  28.783  28.63   29.137  29.439  28.653  29.252  29.339  28.934  29.47   29.337  29.21   29.237  29.39   29.074 
28.961: 22.52   25.227  25.847  27.048  27.387  28.376  27.753  28.043  28.792  28.227  28.961  28.399  28.317  28.958  28.285  28.508 
28.505: 22.973  24.498  26.344  26.816  27.21   26.668  27.35   27.558  27.578  28.505  28.271  27.99   28.017  28.277  28.437 
29.763: 22.542  24.988  26.212  27.205  27.52   28.682  28.332  28.468  28.611  28.518  29.36   28.273  29.763  29.29   29.356  29.143  29.094  29.183 
29.373: 22.09   24.457  26.045  26.465  28.258  27.379  27.618  28.858  29.373  28.554  28.535  28.615  29.143  28.967 
29.218: 22.916  25.042  26.095  26.94   27.928  27.677  28.431  28.858  28.606  28.331  29.022  29.218  28.81   29.138  28.66   28.633  28.683 
char_cnn_lstm_us_train_17 
28.951: 21.811  25.203  26.328  25.898  27.246  26.519  27.505  27.735  27.393  27.954  28.754  28.287  28.951  28.11   28.505  28.452  28.504 
29.167: 22.64   24.171  25.84   26.641  26.982  27.42   27.909  28.317  28.954  28.463  29.167  28.934  28.832  28.92   28.445  28.966  29.027 
28.908: 22.006  25.162  25.49   25.348  27.357  27.266  28.397  27.733  28.578  28.111  28.381  27.808  28.49   28.908  28.329  27.989  28.11  
29.197: 22.305  25.158  24.634  26.513  27.159  27.114  27.65   27.808  27.635  28.546  28.559  29.197  28.416  29.005  28.959  29.059  28.669 
29.404: 22.349  25.479  26.402  27.381  27.177  27.369  27.523  27.476  27.172  27.706  28.024  28.682  28.365  28.764  28.787  29.404  28.757 
29.001: 22.2    24.409  26.693  26.035  27.986  28.089  27.979  27.977  29.001  27.786  28.385  28.195  28.869  28.986  28.154  28.095  28.923 
28.686: 21.581  24.533  26.541  26.638  26.736  27.541  27.803  28.04   27.737  28.686  27.916  28.161  27.773  28.26   28.26   28.374  28.254 
28.876: 22.488  24.127  25.33   27.114  25.718  26.392  27.423  27.346  28.031  28.613  28.723  28.524  28.695  28.876  28.47   28.568  28.494 
28.891: 20.643  24.863  25.781  27.308  27.357  27.171  26.673  28.267  27.339  28.141  28.107  28.586  28.891  28.41   28.85   28.773  28.589 
28.733: 22.034  25.101  26.727  27.387  26.503  26.62   27.9    27.824  28.214  27.47   28.384  27.9    28.255  28.73   28.733  28.316  28.092 
char_lstm_us_train_17 
24.356: 9.04    14.689  16.704  18.097  20.602  21.652  22.364  21.532  22.602  23.448  23.17   23.744  23.731  23.935  23.899  24.113  24.356 
24.357: 12.488  15.453  16.624  17.931  20.914  21.494  22.767  22.763  23.304  23.078  23.727  23.337  23.484  24.176  23.678  24.357  24.126 
24.204: 11.574  15.136  16.705  18.681  20.568  21.873  21.796  22.063  22.59   22.203  22.905  22.861  22.486  23.852  24.204  23.245  23.072 
23.881: 9.081   14.455  16.179  20.305  21.106  20.524  22.222  22.41   22.312  22.638  22.981  23.365  23.366  23.881  23.559  23.64   23.279 
23.917: 11.077  14.818  17.122  19.502  20.057  21.202  21.791  22.009  22.11   22.039  22.974  22.588  23.742  23.237  23.834  23.571  23.917 
25.158: 12.487  15.895  17.347  20.148  20.815  22.139  21.412  22.388  22.625  22.874  23.073  24.314  23.985  23.621  23.913  25.158  24.552 
24.101: 9.421   14.67   16.68   19.875  20.912  20.822  22.028  21.866  22.09   22.554  22.801  22.75   22.829  22.921  24.101  23.368  23.708 
24.549: 8.978   13.01   15.688  17.46   19.945  21.146  21.602  21.995  21.658  22.208  21.992  23.085  22.818  23.21   23.688  23.481  24.549 
24.321: 9.346   15.357  17.474  19.93   21.298  21.389  21.678  22.611  22.754  22.587  23.268  23.457  23.397  23.487  23.47   23.256  24.321 
24.961: 9.124   15.325  19.467  20.637  21.488  22.076  21.901  22.775  23.478  23.058  23.375  23.395  24.099  23.884  24.204  24.961  24.564 
char_lstm_us_train_17_128_128 
27.684: 11.979  17.185  21.304  22.572  23.113  24.551  25.066  26.599  26.148  26.459  26.825  26.459  27.684  27.16   27.454  27.466  27.606 
27.744: 11.982  16.661  19.046  22.93   23.656  24.363  25.085  25.55   26.305  26.934  26.959  26.292  27.274  26.853  27.386  27.184  27.744 
27.793: 13.125  17.081  19.732  21.663  23.22   24.219  24.48   24.975  25.83   26.361  25.986  26.26   26.298  26.83   26.867  26.511  27.793 
28.01 : 12.438  16.475  21.56   22.503  24.763  25.496  25.593  26.083  26.541  26.853  26.128  26.609  27.733  27.366  28.01   27.45   27.831 
28.334: 13.235  17.04   21.048  22.171  23.317  24.894  24.786  24.774  26.353  25.992  26.241  26.715  26.964  27.656  27.238  27.438  28.334 
28.549: 12.59   17.582  20.721  23.19   23.961  24.691  25.769  25.229  26.439  26.5    27.028  28.367  27.642  28.307  27.882  28.204  28.549 
26.961: 12.176  16.762  20.567  22.013  24.286  23.973  24.421  24.911  25.09   25.659  26.064  26.454  26.556  26.617  26.77   26.961  26.918 
28.237: 13.383  17.184  21.191  22.506  23.635  24.578  24.991  26.227  25.766  26.137  27.088  26.987  26.731  27.043  27.121  28.237  26.986 
27.476: 12.651  17.074  20.488  22.552  22.751  24.157  25.081  25.023  25.612  25.695  25.992  26.591  26.554  26.46   26.906  26.411  27.476 
27.511: 12.27   16.284  19.421  21.744  23.933  24.912  25.096  25.385  26.327  26.02   26.746  26.818  27.511  27.411  26.86   27.371  26.889 
