Loading tweets...
Doing 10 cross folds...
Loading Data...
Training Model...

----- Results -----
Macro F1: 32.909
-----
Micro F1: 46.105
Precision: 46.105
Recall: 46.105

--- Details ---
Training data len: 440649 Testing data len: 48960
Training data class counts: 0: 95697, 1: 46190, 2: 45307, 3: 24287, 4: 21965, 5: 20805, 6: 19021, 7: 16325, 8: 15113, 9: 14311, 10: 14396, 11: 13535, 12: 12371, 13: 11514, 14: 12070, 15: 11887, 16: 11643, 17: 11435, 18: 11799, 19: 10978
Testing  data class counts: 0: 10622, 1: 5077, 2: 5067, 3: 2743, 4: 2439, 5: 2281, 6: 2082, 7: 1805, 8: 1712, 9: 1648, 10: 1530, 11: 1633, 12: 1328, 13: 1290, 14: 1276, 15: 1351, 16: 1281, 17: 1255, 18: 1331, 19: 1209

--- Matrix ---
 0: 8848  610  248  245   42  100   42   59   27   62   36   34  173    7    5   13    2   57    6    6   ∑ = 10622
 1:   72 2903  665  368  143  165  143  143   71   69   90   74    0    9   13   28   12   67   38    4   ∑ =  5077
 2:   34  828 3171  119  173  125  123   51   26   51   68   57    0    5   23   75   10   61   54   13   ∑ =  5067
 3:   46  872  255  933   30  124   52   89   75   99   43   32    0   11   12   21    4   30   12    3   ∑ =  2743
 4:   13  381  382   71 1168   31   88   72   12   14   60   27    0    5    9   52    1   21   30    2   ∑ =  2439
 5:   29  732  456  202   76  327  100   60   29   69   41   39    0    2   17   17   14   54   16    1   ∑ =  2281
 6:   18  553  489   90  133   98  385   77   26   24   35   49    1    1   19   33    6   22   20    3   ∑ =  2082
 7:   22  510  221  146  107   57   87  422   14   21   57   24    0    3    9   19    5   48   27    6   ∑ =  1805
 8:   33  524  180  346   34   63   70   54  236   44   24   40    0    6   11   10    3   22   10    2   ∑ =  1712
 9:   30  505  232  268   38  113   40   41   26  234   22   19    0    8   11   16    4   29    9    3   ∑ =  1648
10:    4  167  157   29   50   30   35   34   14    4  769   13    0    1    6    6    3   10  198    0   ∑ =  1530
11:   14  285  146   40   28   41   57   27   21    6   21  909    0    2    3   14    0    8   11    0   ∑ =  1633
12:  658   12    6    4    2    4   14    2    3    0    0    0  622    0    0    0    0    0    1    0   ∑ =  1328
13:   29  434  160  284   27   49   24   40   48   48   12   20    0   82    8    6    2   10    7    0   ∑ =  1290
14:    7  325  433   92   35   80   81   31   14   25   16   17    0    5   45   20    4   25   17    4   ∑ =  1276
15:   10  245  387   60  142   33   68   41   29   13   28   16    0    1   10  244    2   11   11    0   ∑ =  1351
16:    8  429  383   50   57   97   64   37   10   16   19   27    0    1   12    9   28   24    8    2   ∑ =  1281
17:   10  111   58   21   24   19   20   27    5    4    4    7    0    1    3    1    0  937    2    1   ∑ =  1255
18:    5  174  172   30   62   22   25   49    9    8  423   12    0    1    8   11    2   10  305    3   ∑ =  1331
19:    9  291  460   85   58   75   69   22   15   15   18   17    0    2   19   12    4   16   17    5   ∑ =  1209

Loading Data...
Training Model...

----- Results -----
Macro F1: 32.688
-----
Micro F1: 46.27
Precision: 46.27
Recall: 46.27

--- Details ---
Training data len: 440649 Testing data len: 48960
Training data class counts: 0: 95596, 1: 46111, 2: 45285, 3: 24354, 4: 22010, 5: 20755, 6: 19033, 7: 16305, 8: 15123, 9: 14453, 10: 14326, 11: 13677, 12: 12323, 13: 11513, 14: 12043, 15: 11918, 16: 11636, 17: 11411, 18: 11833, 19: 10944
Testing  data class counts: 0: 10723, 1: 5156, 2: 5089, 3: 2676, 4: 2394, 5: 2331, 6: 2070, 7: 1825, 8: 1702, 9: 1506, 10: 1600, 11: 1491, 12: 1376, 13: 1291, 14: 1303, 15: 1320, 16: 1288, 17: 1279, 18: 1297, 19: 1243

--- Matrix ---
 0: 9015  614  236  247   45   83   45   60   33   44   26   24  151    9    6   17    2   58    7    1   ∑ = 10723
 1:   66 2913  643  395  163  169  135  129   74   93   87   82    0    8   23   23   16   93   43    1   ∑ =  5156
 2:   23  783 3205  141  176  124  160   52   25   40   71   68    0    3   27   77    7   61   39    7   ∑ =  5089
 3:   41  822  280  907   50  116   54   86   69   88   35   14    0   13   14   19    3   39   24    2   ∑ =  2676
 4:   11  395  362   57 1140   45   75   63   25    9   48   25    0    4    8   63    5   20   36    3   ∑ =  2394
 5:   24  755  508  210   60  309   99   53   32   72   39   39    0    8   21   12   15   56   17    2   ∑ =  2331
 6:   10  529  517   86  135  105  351   49   39   21   45   55    0    5   23   49    6   15   28    2   ∑ =  2070
 7:   16  500  244  145   87   49   66  444   18   30   53   38    0    5   13   17    1   58   39    2   ∑ =  1825
 8:   34  551  182  309   40   75   63   65  228   35   17   40    0    6    7   15    2   17   13    3   ∑ =  1702
 9:   27  443  241  260   35   88   44   31   31  194   20   23    0    3    8   15    1   29   11    2   ∑ =  1506
10:    2  214  150   26   58   32   42   36    8    2  784   23    0    2    9    8    4    6  194    0   ∑ =  1600
11:   15  220  154   28   29   36   63   27   22    6   20  837    0    2    3    4    1   17    7    0   ∑ =  1491
12:  651   18    3    2    0    3    9    2    1    0    3    1  682    0    0    0    0    0    1    0   ∑ =  1376
13:   28  394  158  314   35   63   26   41   34   58   21   16    0   73    5    7    1   11    4    2   ∑ =  1291
14:    5  330  449   74   61   72   55   38   23   35   28   27    0    0   43    7    9   24   20    3   ∑ =  1303
15:   12  231  383   65  115   34   82   36   21   19   22   16    0    3    7  252    4    6   10    2   ∑ =  1320
16:   13  427  375   54   44  112   64   15   19   22   26   28    0    3   14   11   27   15   12    7   ∑ =  1288
17:   13  102   64   30   21   15   17   21    4    7   12   11    0    0    2    1    2  955    2    0   ∑ =  1279
18:    6  148  170   38   61   19   36   37   15    3  433   17    0    2    4    9    1    9  289    0   ∑ =  1297
19:    5  327  440   97   50   58   85   30   18   17   20   10    0    8   21   11    5   19   16    6   ∑ =  1243

Loading Data...
Training Model...

----- Results -----
Macro F1: 32.395
-----
Micro F1: 45.733
Precision: 45.733
Recall: 45.733

--- Details ---
Training data len: 440649 Testing data len: 48960
Training data class counts: 0: 95850, 1: 46137, 2: 45320, 3: 24396, 4: 21864, 5: 20792, 6: 19026, 7: 16334, 8: 15136, 9: 14355, 10: 14365, 11: 13702, 12: 12315, 13: 11494, 14: 12008, 15: 11924, 16: 11589, 17: 11393, 18: 11740, 19: 10909
Testing  data class counts: 0: 10469, 1: 5130, 2: 5054, 3: 2634, 4: 2540, 5: 2294, 6: 2077, 7: 1796, 8: 1689, 9: 1604, 10: 1561, 11: 1466, 12: 1384, 13: 1310, 14: 1338, 15: 1314, 16: 1335, 17: 1297, 18: 1390, 19: 1278

--- Matrix ---
 0: 8731  630  223  259   33   86   49   46   47   57   25   28  161    6    5   16    3   50   12    2   ∑ = 10469
 1:   75 2960  677  413  104  182  124  127   67   73   69   87    0    9   24   13    7   71   42    6   ∑ =  5130
 2:   31  774 3266  119  149  138  137   47   38   36   67   49    0    7   22   63   11   42   53    5   ∑ =  5054
 3:   55  800  257  890   42   99   53  112   82   95   42   31    0    6    8   20    3   25   13    1   ∑ =  2634
 4:   16  414  397   69 1218   45   77   60   13   14   75   29    0    2   15   44    3   19   29    1   ∑ =  2540
 5:   29  738  487  221   49  315   94   61   34   74   36   39    0   11   19   11   14   41   17    4   ∑ =  2294
 6:   15  551  512   91  116  111  345   58   39   19   53   48    0    6    9   43   13   19   26    3   ∑ =  2077
 7:   17  524  212  147   86   73   75  420   14   21   63   26    0    7    9   17    4   59   21    1   ∑ =  1796
 8:   31  546  195  332   39   52   61   66  217   35   25   36    0   10    4   12    2   14   11    1   ∑ =  1689
 9:   25  503  227  266   32  104   46   41   42  217   17   12    0    8   15   12    0   25   12    0   ∑ =  1604
10:    7  204  160   27   50   38   27   45   13    7  727   18    0    2    4    8    2    9  212    1   ∑ =  1561
11:    8  248  120   43   22   38   52   33   20    7   20  814    0    3    8    9    1    9   10    1   ∑ =  1466
12:  662    8    7    2    3    2   13    3    1    0    0    2  676    0    0    1    0    4    0    0   ∑ =  1384
13:   32  382  139  338   31   64   33   43   49   42   19   15    0   83    4   11    0   12   10    3   ∑ =  1310
14:    7  330  440   95   58   93   80   37   17   34   29   21    0    3   36   15    1   24   16    2   ∑ =  1338
15:   12  204  418   60  128   36   61   44   27   11   34   15    0    1    7  227    2   11   15    1   ∑ =  1314
16:   11  404  408   49   49  136   76   24   16   24   22   23    0    2    9    8   31   30   12    1   ∑ =  1335
17:   13  158   66   31   19   15   14   27    5    6   12    8    0    1    4    2    0  912    4    0   ∑ =  1297
18:    1  198  184   31   56   24   40   42    5   13  437   16    0    0    8   21    1   14  298    1   ∑ =  1390
19:    9  347  455   81   68   65   84   29   13   19   22   22    1    1   12    9    7   15   11    8   ∑ =  1278

Loading Data...
Training Model...

----- Results -----
Macro F1: 32.97
-----
Micro F1: 46.083
Precision: 46.083
Recall: 46.083

--- Details ---
Training data len: 440649 Testing data len: 48960
Training data class counts: 0: 95689, 1: 46073, 2: 45383, 3: 24353, 4: 22044, 5: 20730, 6: 18965, 7: 16380, 8: 15160, 9: 14308, 10: 14359, 11: 13600, 12: 12334, 13: 11503, 14: 11965, 15: 11924, 16: 11616, 17: 11424, 18: 11839, 19: 11000
Testing  data class counts: 0: 10630, 1: 5194, 2: 4991, 3: 2677, 4: 2360, 5: 2356, 6: 2138, 7: 1750, 8: 1665, 9: 1651, 10: 1567, 11: 1568, 12: 1365, 13: 1301, 14: 1381, 15: 1314, 16: 1308, 17: 1266, 18: 1291, 19: 1187

--- Matrix ---
 0: 8866  615  229  257   39   76   46   45   30   67   32   34  180    7    7   15    2   59   21    3   ∑ = 10630
 1:   56 2919  701  418  131  196  147  146   56   79   86   93    0   10   16   18    8   78   33    3   ∑ =  5194
 2:   31  756 3201  104  170  118  145   67   33   40   61   56    0    3   22   60   10   59   50    5   ∑ =  4991
 3:   53  831  232  883   49  134   65   84   76  111   26   34    0    7   10   21    2   35   22    2   ∑ =  2677
 4:   15  386  360   70 1139   44   69   50   19   14   53   21    0    6    7   60    0   16   29    2   ∑ =  2360
 5:   27  818  489  200   68  315   92   55   33   67   34   49    0    3   16   10   12   43   23    2   ∑ =  2356
 6:   13  585  503  103  124  106  357   73   46   18   46   50    0    3   21   44    7   20   15    4   ∑ =  2138
 7:   16  450  219  137  103   63   88  440   14   25   51   26    0    7    9   13    1   51   35    2   ∑ =  1750
 8:   33  535  168  325   40   59   47   58  231   56   19   30    0    8    7   14    1   21    6    7   ∑ =  1665
 9:   33  518  234  307   33   88   49   29   27  220   22   14    0    6   10   17    2   30    8    4   ∑ =  1651
10:    4  185  153   43   63   23   42   38    8    6  735   12    0    1    6   10    2   11  225    0   ∑ =  1567
11:   14  248  118   35   37   31   63   29   23   14   28  892    0    3    4    5    1   12   10    1   ∑ =  1568
12:  623   17    5    5    0    4   11    2    0    0    3    0  693    0    0    1    1    0    0    0   ∑ =  1365
13:   26  427  157  263   32   51   39   51   53   28   16   18    0  100    5   13    2   13    6    1   ∑ =  1301
14:   11  341  489   91   48   88   64   38   31   24   25   21    0    2   37   15    9   25   18    4   ∑ =  1381
15:    8  207  408   57  129   45   61   34   28   10   22   19    0    1    4  256    1    8   15    1   ∑ =  1314
16:   10  429  412   54   46  110   69   22   11   23   18   18    0    2   15   10   28   22    7    2   ∑ =  1308
17:   10  113   59   28   20   16   14   22    7    1    5    4    0    3    3    5    0  953    3    0   ∑ =  1266
18:    3  165  162   25   62   24   35   42    5    5  420   17    0    0    8   13    3   11  289    2   ∑ =  1291
19:    9  315  453   67   51   67   65   28    6   24   20   17    0    0   11   12    5   17   12    8   ∑ =  1187

Loading Data...
Training Model...

----- Results -----
Macro F1: 32.731
-----
Micro F1: 46.289
Precision: 46.289
Recall: 46.289

--- Details ---
Training data len: 440649 Testing data len: 48960
Training data class counts: 0: 95648, 1: 46077, 2: 45453, 3: 24278, 4: 21956, 5: 20740, 6: 19006, 7: 16303, 8: 15178, 9: 14415, 10: 14348, 11: 13643, 12: 12359, 13: 11544, 14: 11964, 15: 11928, 16: 11659, 17: 11441, 18: 11788, 19: 10921
Testing  data class counts: 0: 10671, 1: 5190, 2: 4921, 3: 2752, 4: 2448, 5: 2346, 6: 2097, 7: 1827, 8: 1647, 9: 1544, 10: 1578, 11: 1525, 12: 1340, 13: 1260, 14: 1382, 15: 1310, 16: 1265, 17: 1249, 18: 1342, 19: 1266

--- Matrix ---
 0: 8988  626  219  233   36   75   36   39   33   64   27   31  171    3    4   19    8   52    7    0   ∑ = 10671
 1:   65 3033  671  328  127  187  143  127   64   92   70   78    0   13   23   19   13   89   46    2   ∑ =  5190
 2:   23  780 3129  111  172  110  125   59   36   50   74   47    0    4   15   73   13   55   41    4   ∑ =  4921
 3:   37  903  269  894   50  115   57  104   67  109   39   28    0   11   10    9    2   27   20    1   ∑ =  2752
 4:   15  388  379   57 1197   30   86   50   28   14   60   23    1    3    8   54    3   14   37    1   ∑ =  2448
 5:   28  823  445  195   61  312  101   62   40   56   38   39    0    7   23   14   27   54   19    2   ∑ =  2346
 6:   14  566  511   93  135  110  369   46   28   24   40   40    0    2   16   42    9   24   22    6   ∑ =  2097
 7:   16  526  210  144   83   53   78  466   18   15   73   32    0    4    4   22    1   51   31    0   ∑ =  1827
 8:   26  525  191  286   31   83   59   65  224   44   23   30    0    5    4   15    5   18   10    3   ∑ =  1647
 9:   22  433  225  286   33  103   39   34   28  225   17   22    0    7   13   14    4   28   10    1   ∑ =  1544
10:    9  195  147   20   60   25   38   40    6    6  750   22    0    0    5    7    3   14  231    0   ∑ =  1578
11:   11  251  142   35   29   25   61   33   16    5   24  856    0    2    5   12    2    6    9    1   ∑ =  1525
12:  678    9    7    2    1    5   10    1    0    1    4    4  615    1    0    1    0    0    1    0   ∑ =  1340
13:   30  375  139  277   34   55   40   49   43   46   18   17    0   97    4    7    4   16    9    0   ∑ =  1260
14:   11  322  453   85   61   85   72   52   24   32   42   25    0    3   46   19    4   29   15    2   ∑ =  1382
15:   18  235  381   64  136   37   71   26   24   12   21   16    0    7    5  233    2    8   13    1   ∑ =  1310
16:    8  404  383   59   46  107   55   32   22   18   25   21    0    6    8   14   28   19    8    2   ∑ =  1265
17:   11  120   74   28   20   13   10   29    6    7    8   10    0    1    5    3    1  901    2    0   ∑ =  1249
18:    5  153  168   27   52   26   39   33    7    9  480   17    0    4    4   11    1    8  298    0   ∑ =  1342
19:    8  309  481   93   55   52   87   24   20   19   19   22    0    3   17   16    3   24   12    2   ∑ =  1266

Loading Data...
Training Model...

----- Results -----
Macro F1: 32.967
-----
Micro F1: 46.248
Precision: 46.248
Recall: 46.248

--- Details ---
Training data len: 440649 Testing data len: 48960
Training data class counts: 0: 95704, 1: 46228, 2: 45324, 3: 24381, 4: 21925, 5: 20792, 6: 18912, 7: 16245, 8: 15108, 9: 14357, 10: 14321, 11: 13684, 12: 12290, 13: 11557, 14: 12033, 15: 11869, 16: 11665, 17: 11361, 18: 11871, 19: 11022
Testing  data class counts: 0: 10615, 1: 5039, 2: 5050, 3: 2649, 4: 2479, 5: 2294, 6: 2191, 7: 1885, 8: 1717, 9: 1602, 10: 1605, 11: 1484, 12: 1409, 13: 1247, 14: 1313, 15: 1369, 16: 1259, 17: 1329, 18: 1259, 19: 1165

--- Matrix ---
 0: 8865  627  241  223   29   86   37   42   36   76   34   40  194    2    5   15    1   47   13    2   ∑ = 10615
 1:   61 2907  608  359  147  148  150  119   87   95   92   82    0   13   16   17   24   70   40    4   ∑ =  5039
 2:   28  767 3232  117  168  145  129   59   20   44   57   61    0    9   28   70   15   51   45    5   ∑ =  5050
 3:   49  850  269  820   49  105   65   99   84   96   46   24    0   12   10   16    5   34   14    2   ∑ =  2649
 4:   12  381  377   61 1219   48   94   57   20   12   59   24    0    3    7   54    2   20   29    0   ∑ =  2479
 5:   36  761  470  184   53  328   90   71   41   67   35   33    0    3   20   16   15   52   18    1   ∑ =  2294
 6:   23  597  501  101  148  129  368   62   39   25   37   41    0    7   15   35    9   27   26    1   ∑ =  2191
 7:   17  543  226  154  103   68   67  437   21   20   62   32    0    6   13   20    5   59   31    1   ∑ =  1885
 8:   30  570  174  336   33   62   64   54  235   38   21   45    0   12    4   10    0   19    9    1   ∑ =  1717
 9:   32  491  237  260   44   97   39   32   30  233   23   18    0    5    9   12    3   24   12    1   ∑ =  1602
10:   10  221  159   23   52   27   41   29    5    4  763   23    0    2    5    8    4   18  210    1   ∑ =  1605
11:    8  240  121   28   42   40   59   19   16    6   25  843    0    0    3    7    1   10   16    0   ∑ =  1484
12:  672   18    2    2    4    3    9    1    2    0    1    1  690    0    0    2    0    1    1    0   ∑ =  1409
13:   27  391  161  281   26   46   38   46   38   42   12   19    0   74    6   13    3   13   11    0   ∑ =  1247
14:   10  349  417   80   56   83   64   35   27   32   28   27    0    2   39   19    4   19   18    4   ∑ =  1313
15:    8  212  381   55  141   37   81   24   29   18   24   24    0    1   10  288    2   14   19    1   ∑ =  1369
16:    3  397  376   62   54  126   62   26    9   21   21   20    0    5   10    8   24   16   16    3   ∑ =  1259
17:   15  115   71   40   26   16   13   34    6    6   12   12    0    1    3    1    1  952    5    0   ∑ =  1329
18:    3  150  160   27   46   24   44   35   12    7  391   17    0    0    6   13    0    7  317    0   ∑ =  1259
19:   18  313  426   85   56   55   73   14   12   25   16   21    0    3    7   14    3    8    7    9   ∑ =  1165

Loading Data...
Training Model...

----- Results -----
Macro F1: 32.3
-----
Micro F1: 45.398
Precision: 45.398
Recall: 45.398

--- Details ---
Training data len: 440649 Testing data len: 48960
Training data class counts: 0: 95784, 1: 46205, 2: 45428, 3: 24331, 4: 21903, 5: 20788, 6: 18938, 7: 16268, 8: 15194, 9: 14376, 10: 14265, 11: 13691, 12: 12331, 13: 11524, 14: 11960, 15: 11892, 16: 11578, 17: 11422, 18: 11802, 19: 10969
Testing  data class counts: 0: 10535, 1: 5062, 2: 4946, 3: 2699, 4: 2501, 5: 2298, 6: 2165, 7: 1862, 8: 1631, 9: 1583, 10: 1661, 11: 1477, 12: 1368, 13: 1280, 14: 1386, 15: 1346, 16: 1346, 17: 1268, 18: 1328, 19: 1218

--- Matrix ---
 0: 8777  647  250  238   30   76   42   43   38   81   26   27  182    3    5   11    5   41   13    0   ∑ = 10535
 1:   56 2859  687  380  128  207  139  110   60  109   89   79    0   18   20    9   11   70   29    2   ∑ =  5062
 2:   33  774 3147  112  156  106  125   61   38   41   71   55    0    9   25   63   10   55   58    7   ∑ =  4946
 3:   61  842  283  864   45   87   64   85   81  121   45   25    0   13    6   12    3   40   20    2   ∑ =  2699
 4:   10  403  405   71 1187   40   83   58   21   12   59   26    0    6   11   53    3   16   35    2   ∑ =  2501
 5:   29  726  495  214   68  306   85   61   45   68   31   39    0    6   26   18   12   54   14    1   ∑ =  2298
 6:   12  580  547   92  141  128  335   54   30   33   31   52    0    6   12   56    8   16   28    4   ∑ =  2165
 7:   16  526  224  136  101   77   71  440   29   21   59   26    0    6   13   19    0   62   36    0   ∑ =  1862
 8:   28  530  194  311   33   55   59   54  209   47   20   36    0    9    7   16    0   20    3    0   ∑ =  1631
 9:   31  514  202  265   30   97   56   33   33  217   14   19    0    3   16    9    3   28   12    1   ∑ =  1583
10:    4  184  161   36   60   36   48   38    8   12  777   24    0    2    4   13    2   11  240    1   ∑ =  1661
11:    9  240  133   33   25   39   42   31   13    7   26  856    0    0    3    5    0    6    8    1   ∑ =  1477
12:  672   23    5    3    5    3   12    0    1    1    2    2  639    0    0    0    0    0    0    0   ∑ =  1368
13:   38  414  137  285   31   50   43   32   43   42   21   14    0   83    7   12    6   14    6    2   ∑ =  1280
14:    5  351  484   92   61   79   76   34   27   29   32   17    0    3   39   14    4   19   15    5   ∑ =  1386
15:   14  228  415   73  125   38   55   35   23   14   24   18    0    1    7  259    1    4   12    0   ∑ =  1346
16:    9  471  380   52   50  123   68   26   11   29   19   17    0    3    9    9   22   27   19    2   ∑ =  1346
17:   20  117   67   32   20   24   16   23    8    5   11    7    0    1    4    0    3  904    4    2   ∑ =  1268
18:    4  162  182   27   41   34   42   33    5    6  446   13    0    2    5   16    0   11  298    1   ∑ =  1328
19:    7  319  438   81   65   60   69   29   20   17   18   22    0    6   19   10    4   11   14    9   ∑ =  1218

Loading Data...
Training Model...

----- Results -----
Macro F1: 32.565
-----
Micro F1: 46.391
Precision: 46.391
Recall: 46.391

--- Details ---
Training data len: 440649 Testing data len: 48960
Training data class counts: 0: 95570, 1: 46121, 2: 45215, 3: 24306, 4: 22003, 5: 20722, 6: 19023, 7: 16354, 8: 15147, 9: 14319, 10: 14323, 11: 13664, 12: 12333, 13: 11534, 14: 12099, 15: 11945, 16: 11665, 17: 11469, 18: 11879, 19: 10958
Testing  data class counts: 0: 10749, 1: 5146, 2: 5159, 3: 2724, 4: 2401, 5: 2364, 6: 2080, 7: 1776, 8: 1678, 9: 1640, 10: 1603, 11: 1504, 12: 1366, 13: 1270, 14: 1247, 15: 1293, 16: 1259, 17: 1221, 18: 1251, 19: 1229

--- Matrix ---
 0: 9035  634  228  257   39   76   35   47   31   43   27   29  173    6    8   15    4   53    8    1   ∑ = 10749
 1:   49 2979  682  365  123  175  126  116   58   95  102   88    0   19   12   21    9   82   39    6   ∑ =  5146
 2:   27  798 3286  110  165  122  143   51   32   43   81   71    0    5   35   62   11   54   54    9   ∑ =  5159
 3:   54  828  276  928   50  103   69   97   70   86   33   37    0   13   12   13    1   35   17    2   ∑ =  2724
 4:    8  385  358   64 1180   37   76   55   24   14   71   19    0    2    7   54    3   15   28    1   ∑ =  2401
 5:   27  758  495  235   49  304  102   58   32   77   46   32    0    9   20   21   20   54   19    6   ∑ =  2364
 6:    8  549  481  102  132  119  347   65   39   25   45   51    0    3   13   42    6   20   29    4   ∑ =  2080
 7:   15  517  197  164   78   62   66  432   19   26   45   34    0    8   11   15    4   58   25    0   ∑ =  1776
 8:   30  516  168  325   41   68   58   69  239   48   16   27    0    8    8   23    0   20   12    2   ∑ =  1678
 9:   27  503  235  306   37   93   56   40   31  193   24   14    0    5   16    9    2   35   13    1   ∑ =  1640
10:    8  180  170   35   56   25   46   45    7   12  747   22    0    1    8   10    1   11  217    2   ∑ =  1603
11:   13  245  152   30   27   29   50   35   20    5   13  841    0    1    4   14    2   16    6    1   ∑ =  1504
12:  703   18    1    3    1    3    6    4    2    0    3    1  620    0    0    0    0    1    0    0   ∑ =  1366
13:   27  433  148  283   34   51   28   32   43   43   15   15    0   88    5   10    1    6    7    1   ∑ =  1270
14:    8  346  414   68   42   91   60   47   19   20   22   15    0    2   44   12    7   19    6    5   ∑ =  1247
15:    9  229  380   63  134   33   81   29   26   14   28   10    0    2    3  226    0    9   17    0   ∑ =  1293
16:   12  393  371   55   45  114   62   25   16   33   19   22    0    4   13    7   31   19   18    0   ∑ =  1259
17:    7  111   64   26   10   15   16   29    4    5    6    8    0    2    5    2    0  908    3    0   ∑ =  1221
18:    5  163  150   19   58   15   39   40    4    1  434   14    0    0    8   11    2   10  278    0   ∑ =  1251
19:    8  324  472   64   51   65   69   35   10    8   28   24    0    2   18   11    2   16   15    7   ∑ =  1229

Loading Data...
Training Model...

----- Results -----
Macro F1: 32.829
-----
Micro F1: 46.142
Precision: 46.142
Recall: 46.142

--- Details ---
Training data len: 440649 Testing data len: 48960
Training data class counts: 0: 95748, 1: 46103, 2: 45380, 3: 24229, 4: 21979, 5: 20839, 6: 18947, 7: 16338, 8: 15181, 9: 14356, 10: 14290, 11: 13610, 12: 12357, 13: 11500, 14: 11985, 15: 11964, 16: 11669, 17: 11398, 18: 11805, 19: 10971
Testing  data class counts: 0: 10571, 1: 5164, 2: 4994, 3: 2801, 4: 2425, 5: 2247, 6: 2156, 7: 1792, 8: 1644, 9: 1603, 10: 1636, 11: 1558, 12: 1342, 13: 1304, 14: 1361, 15: 1274, 16: 1255, 17: 1292, 18: 1325, 19: 1216

--- Matrix ---
 0: 8795  610  242  271   37   87   42   56   36   53   33   39  171    9   14   11    1   52   11    1   ∑ = 10571
 1:   50 2973  710  380  131  185  126  123   68   92   90   75    0   15   13   19    7   74   31    2   ∑ =  5164
 2:   30  727 3280  109  155  116  154   53   30   44   66   54    0    5   27   50    9   43   36    6   ∑ =  4994
 3:   54  893  250  913   41  127   71  105   70  118   35   23    0   20    9   21    2   29   19    1   ∑ =  2801
 4:   11  371  385   66 1153   46   90   48   32   12   69   21    0    7    6   62    1   16   28    1   ∑ =  2425
 5:   24  730  452  186   50  323  100   61   40   70   34   33    0    5   26   13   11   59   27    3   ∑ =  2247
 6:   14  626  460  101  141  134  363   59   38   29   41   52    0    0   25   30    6   20   14    3   ∑ =  2156
 7:   22  458  213  164   96   67   54  455   15   21   71   23    0   11   10   22    4   48   36    2   ∑ =  1792
 8:   22  491  198  317   36   70   66   67  213   39   26   33    0   14   12   13    1   13   13    0   ∑ =  1644
 9:   31  502  237  249   33   84   57   37   32  232   25   18    0    3    9   13    2   31    6    2   ∑ =  1603
10:   11  188  164   35   61   34   35   49   10    7  763   15    0    4    5   11    2   16  224    2   ∑ =  1636
11:   12  252  141   38   41   40   66   30   18    3   27  848    0    0    5   12    4    8   13    0   ∑ =  1558
12:  668   13    9    1    2    3    6    2    0    0    2    0  632    0    0    1    0    0    2    1   ∑ =  1342
13:   34  422  159  265   33   57   34   43   44   55   17    9    0  102    6   11    0    8    5    0   ∑ =  1304
14:   12  356  471   78   65   96   52   33   17   30   28   23    0    3   43   13    4   20   13    4   ∑ =  1361
15:   13  219  369   73  103   38   89   30   19   11   31   19    0    1    9  223    0    4   23    0   ∑ =  1274
16:   10  393  380   58   51   98   67   18   13   19   19   25    0    5   15   14   29   29   10    2   ∑ =  1255
17:   10  121   65   25   17   19   19   31    5    6   11   11    0    0    2    2    2  942    4    0   ∑ =  1292
18:    4  192  163   46   43   18   45   40   10   12  415   25    0    0    2    7    0    3  300    0   ∑ =  1325
19:   12  324  432   86   58   58   67   24   17   18   18   22    0    1   22   11    5   16   16    9   ∑ =  1216

Loading Data...
Training Model...

----- Results -----
Macro F1: 32.951
-----
Micro F1: 46.373
Precision: 46.373
Recall: 46.373

--- Details ---
Training data len: 440640 Testing data len: 48960
Training data class counts: 0: 95585, 1: 46158, 2: 45271, 3: 24355, 4: 21987, 5: 20811, 6: 19056, 7: 16318, 8: 15085, 9: 14381, 10: 14341, 11: 13706, 12: 12278, 13: 11553, 14: 11987, 15: 11891, 16: 11596, 17: 11456, 18: 11814, 19: 11011
Testing  data class counts: 0: 10733, 1: 5108, 2: 5103, 3: 2674, 4: 2417, 5: 2275, 6: 2047, 7: 1812, 8: 1740, 9: 1576, 10: 1585, 11: 1461, 12: 1421, 13: 1251, 14: 1358, 15: 1347, 16: 1328, 17: 1233, 18: 1316, 19: 1175

--- Matrix ---
 0: 8951  622  246  266   31   93   39   53   36   65   30   25  176    4    9   16    0   60   11    0   ∑ = 10733
 1:   64 2899  679  394  146  167  129  140   63   92   78   72    0   11   12   21   10   94   36    1   ∑ =  5108
 2:   21  822 3266  114  155  109  129   58   35   42   80   64    0    3   24   66   10   59   39    7   ∑ =  5103
 3:   32  899  237  881   44  103   55   93   76   85   30   34    0   15   13   19    5   36   17    0   ∑ =  2674
 4:    5  369  369   60 1205   38   76   59   21   14   53   30    0    4   15   52    4   15   26    2   ∑ =  2417
 5:   27  749  475  180   64  329   97   59   36   64   32   45    0    3   18   20   14   47   14    2   ∑ =  2275
 6:   18  529  503   85  116  130  359   49   32   17   41   47    0    7   23   42    8   19   20    2   ∑ =  2047
 7:    9  500  194  164   88   69   58  477   32   17   44   33    0    4   12   17    2   60   30    2   ∑ =  1812
 8:   39  530  209  313   31   86   58   59  229   47   32   34    0   11   13   15    2   19   12    1   ∑ =  1740
 9:   28  503  226  283   43   91   40   39   22  197   20   15    0    6   11   13    1   31    6    1   ∑ =  1576
10:    3  168  151   32   52   33   32   42    7    7  776   20    0    1    6   10    2   16  227    0   ∑ =  1585
11:   10  233  130   35   22   41   47   25   15    5   23  836    0    1    4   18    2    6    8    0   ∑ =  1461
12:  699   21    7    2    1    6   10    5    1    0    6    1  659    2    0    0    0    0    1    0   ∑ =  1421
13:   25  408  136  286   33   43   40   42   32   43   26   17    0   84    4    8    1   15    8    0   ∑ =  1251
14:   10  340  466   88   49   95   70   38   12   25   27   22    0    3   46   18    2   27   15    5   ∑ =  1358
15:   13  240  397   48  148   42   58   30   19   19   21   14    0    0    6  274    2    3   13    0   ∑ =  1347
16:    9  428  385   65   45  127   61   39   15   24   27   14    0    4   14   11   23   16   18    3   ∑ =  1328
17:   10  108   70   26   17   22    9   28    4    3    3    8    0    1    5    2    1  911    5    0   ∑ =  1233
18:    5  178  156   35   57   24   47   34    5   11  428   17    0    1    6    7    1    9  294    1   ∑ =  1316
19:    3  309  438   65   45   60   74   15   13   19   22   27    0    2   19   18    9   21    8    8   ∑ =  1175


----- Results for all folds -----
Macro F1: 32.734
-----
Micro F1: 46.103
Precision: 46.103
Recall: 46.103

--- Matrix ---
 0: 88871  6235  2362  2496   361   838   413   490   347   612   296   311  1732    56    68   148    28   529   109    16   ∑ = 106318
 1:   614 29345  6723  3800  1343  1781  1362  1280   668   889   853   810     0   125   172   188   117   788   377    31   ∑ =  51266
 2:   281  7809 32183  1156  1639  1213  1370   558   313   431   696   582     0    53   248   659   106   540   469    68   ∑ =  50374
 3:   482  8540  2608  8913   450  1113   605   954   750  1008   374   282     0   121   104   171    30   330   178    16   ∑ =  27029
 4:   116  3873  3774   646 11806   404   814   572   215   129   607   245     1    42    93   548    25   172   307    15   ∑ =  24404
 5:   280  7590  4772  2027   598  3168   960   601   362   684   366   387     0    57   206   152   154   514   184    24   ∑ =  23086
 6:   145  5665  5024   944  1321  1170  3579   592   356   235   414   485     1    40   176   416    78   202   228    32   ∑ =  21103
 7:   166  5054  2160  1501   932   638   710  4433   194   217   578   294     0    61   103   181    27   554   311    16   ∑ =  18130
 8:   306  5318  1859  3200   358   673   605   611  2261   433   223   351     0    89    77   143    16   183    99    20   ∑ =  16825
 9:   286  4915  2296  2750   358   958   466   357   302  2162   204   174     0    54   118   130    22   290    99    16   ∑ =  15957
10:    62  1906  1572   306   562   303   386   396    86    67  7591   192     0    16    58    91    25   122  2178     7   ∑ =  15926
11:   114  2462  1357   345   302   360   560   289   184    64   227  8532     0    14    42   100    14    98    98     5   ∑ =  15167
12:  6686   157    52    26    19    36   100    22    11     2    24    12  6528     3     0     6     1     6     7     1   ∑ =  13699
13:   296  4080  1494  2876   316   529   345   419   427   447   177   160     0   866    54    98    20   118    73     9   ∑ =  12804
14:    86  3390  4516   843   536   862   674   383   211   286   277   215     0    26   418   152    48   231   153    38   ∑ =  13345
15:   117  2250  3919   618  1301   373   707   329   245   141   255   167     0    18    68  2482    16    78   148     6   ∑ =  13238
16:    93  4175  3853   558   487  1150   648   264   142   229   215   215     0    35   119   101   271   217   128    24   ∑ =  12924
17:   119  1176   658   287   194   174   148   271    54    50    84    86     0    11    36    19    10  9275    34     3   ∑ =  12689
18:    41  1683  1667   305   538   230   392   385    77    75  4307   165     0    10    59   119    11    92  2966     8   ∑ =  13130
19:    88  3178  4495   804   557   615   742   250   144   181   201   204     1    28   165   124    47   163   128    71   ∑ =  12186

