Loading tweets...
Doing 10 cross folds...
Loading Data...
Training Model...

----- Results -----
Macro F1: 1.687
-----
Micro F1: 19.091
Precision: 19.091
Recall: 19.091

--- Details ---
Training data len: 88731 Testing data len: 9858
Training data class counts: 0: 17763, 1: 12159, 2: 8337, 3: 6124, 4: 5800, 5: 3947, 6: 3430, 7: 3260, 8: 3114, 9: 3037, 10: 2793, 11: 2606, 12: 2489, 13: 2432, 14: 2333, 15: 2296, 16: 2296, 17: 2246, 18: 2269
Testing  data class counts: 0: 1882, 1: 1338, 2: 908, 3: 641, 4: 647, 5: 438, 6: 397, 7: 384, 8: 385, 9: 331, 10: 332, 11: 297, 12: 296, 13: 258, 14: 276, 15: 242, 16: 283, 17: 262, 18: 261

--- Matrix ---
 0: 1882    0    0    0    0    0    0    0    0    0    0    0    0    0    0    0    0    0    0   ∑ = 1882
 1: 1338    0    0    0    0    0    0    0    0    0    0    0    0    0    0    0    0    0    0   ∑ = 1338
 2:  908    0    0    0    0    0    0    0    0    0    0    0    0    0    0    0    0    0    0   ∑ =  908
 3:  641    0    0    0    0    0    0    0    0    0    0    0    0    0    0    0    0    0    0   ∑ =  641
 4:  647    0    0    0    0    0    0    0    0    0    0    0    0    0    0    0    0    0    0   ∑ =  647
 5:  438    0    0    0    0    0    0    0    0    0    0    0    0    0    0    0    0    0    0   ∑ =  438
 6:  397    0    0    0    0    0    0    0    0    0    0    0    0    0    0    0    0    0    0   ∑ =  397
 7:  384    0    0    0    0    0    0    0    0    0    0    0    0    0    0    0    0    0    0   ∑ =  384
 8:  385    0    0    0    0    0    0    0    0    0    0    0    0    0    0    0    0    0    0   ∑ =  385
 9:  331    0    0    0    0    0    0    0    0    0    0    0    0    0    0    0    0    0    0   ∑ =  331
10:  332    0    0    0    0    0    0    0    0    0    0    0    0    0    0    0    0    0    0   ∑ =  332
11:  297    0    0    0    0    0    0    0    0    0    0    0    0    0    0    0    0    0    0   ∑ =  297
12:  296    0    0    0    0    0    0    0    0    0    0    0    0    0    0    0    0    0    0   ∑ =  296
13:  258    0    0    0    0    0    0    0    0    0    0    0    0    0    0    0    0    0    0   ∑ =  258
14:  276    0    0    0    0    0    0    0    0    0    0    0    0    0    0    0    0    0    0   ∑ =  276
15:  242    0    0    0    0    0    0    0    0    0    0    0    0    0    0    0    0    0    0   ∑ =  242
16:  283    0    0    0    0    0    0    0    0    0    0    0    0    0    0    0    0    0    0   ∑ =  283
17:  262    0    0    0    0    0    0    0    0    0    0    0    0    0    0    0    0    0    0   ∑ =  262
18:  261    0    0    0    0    0    0    0    0    0    0    0    0    0    0    0    0    0    0   ∑ =  261

Loading Data...
Training Model...

----- Results -----
Macro F1: 1.777
-----
Micro F1: 20.308
Precision: 20.308
Recall: 20.308

--- Details ---
Training data len: 88731 Testing data len: 9858
Training data class counts: 0: 17643, 1: 12193, 2: 8335, 3: 6064, 4: 5774, 5: 3968, 6: 3464, 7: 3280, 8: 3148, 9: 3057, 10: 2816, 11: 2613, 12: 2488, 13: 2447, 14: 2337, 15: 2262, 16: 2338, 17: 2246, 18: 2258
Testing  data class counts: 0: 2002, 1: 1304, 2: 910, 3: 701, 4: 673, 5: 417, 6: 363, 7: 364, 8: 351, 9: 311, 10: 309, 11: 290, 12: 297, 13: 243, 14: 272, 15: 276, 16: 241, 17: 262, 18: 272

--- Matrix ---
 0: 2002    0    0    0    0    0    0    0    0    0    0    0    0    0    0    0    0    0    0   ∑ = 2002
 1: 1304    0    0    0    0    0    0    0    0    0    0    0    0    0    0    0    0    0    0   ∑ = 1304
 2:  910    0    0    0    0    0    0    0    0    0    0    0    0    0    0    0    0    0    0   ∑ =  910
 3:  701    0    0    0    0    0    0    0    0    0    0    0    0    0    0    0    0    0    0   ∑ =  701
 4:  673    0    0    0    0    0    0    0    0    0    0    0    0    0    0    0    0    0    0   ∑ =  673
 5:  417    0    0    0    0    0    0    0    0    0    0    0    0    0    0    0    0    0    0   ∑ =  417
 6:  363    0    0    0    0    0    0    0    0    0    0    0    0    0    0    0    0    0    0   ∑ =  363
 7:  364    0    0    0    0    0    0    0    0    0    0    0    0    0    0    0    0    0    0   ∑ =  364
 8:  351    0    0    0    0    0    0    0    0    0    0    0    0    0    0    0    0    0    0   ∑ =  351
 9:  311    0    0    0    0    0    0    0    0    0    0    0    0    0    0    0    0    0    0   ∑ =  311
10:  309    0    0    0    0    0    0    0    0    0    0    0    0    0    0    0    0    0    0   ∑ =  309
11:  290    0    0    0    0    0    0    0    0    0    0    0    0    0    0    0    0    0    0   ∑ =  290
12:  297    0    0    0    0    0    0    0    0    0    0    0    0    0    0    0    0    0    0   ∑ =  297
13:  243    0    0    0    0    0    0    0    0    0    0    0    0    0    0    0    0    0    0   ∑ =  243
14:  272    0    0    0    0    0    0    0    0    0    0    0    0    0    0    0    0    0    0   ∑ =  272
15:  276    0    0    0    0    0    0    0    0    0    0    0    0    0    0    0    0    0    0   ∑ =  276
16:  241    0    0    0    0    0    0    0    0    0    0    0    0    0    0    0    0    0    0   ∑ =  241
17:  262    0    0    0    0    0    0    0    0    0    0    0    0    0    0    0    0    0    0   ∑ =  262
18:  272    0    0    0    0    0    0    0    0    0    0    0    0    0    0    0    0    0    0   ∑ =  272

Loading Data...
Training Model...

----- Results -----
Macro F1: 1.723
-----
Micro F1: 19.578
Precision: 19.578
Recall: 19.578

--- Details ---
Training data len: 88731 Testing data len: 9858
Training data class counts: 0: 17715, 1: 12145, 2: 8293, 3: 6095, 4: 5756, 5: 3913, 6: 3428, 7: 3304, 8: 3183, 9: 3015, 10: 2802, 11: 2623, 12: 2509, 13: 2419, 14: 2374, 15: 2288, 16: 2343, 17: 2255, 18: 2271
Testing  data class counts: 0: 1930, 1: 1352, 2: 952, 3: 670, 4: 691, 5: 472, 6: 399, 7: 340, 8: 316, 9: 353, 10: 323, 11: 280, 12: 276, 13: 271, 14: 235, 15: 250, 16: 236, 17: 253, 18: 259

--- Matrix ---
 0: 1930    0    0    0    0    0    0    0    0    0    0    0    0    0    0    0    0    0    0   ∑ = 1930
 1: 1352    0    0    0    0    0    0    0    0    0    0    0    0    0    0    0    0    0    0   ∑ = 1352
 2:  952    0    0    0    0    0    0    0    0    0    0    0    0    0    0    0    0    0    0   ∑ =  952
 3:  670    0    0    0    0    0    0    0    0    0    0    0    0    0    0    0    0    0    0   ∑ =  670
 4:  691    0    0    0    0    0    0    0    0    0    0    0    0    0    0    0    0    0    0   ∑ =  691
 5:  472    0    0    0    0    0    0    0    0    0    0    0    0    0    0    0    0    0    0   ∑ =  472
 6:  399    0    0    0    0    0    0    0    0    0    0    0    0    0    0    0    0    0    0   ∑ =  399
 7:  340    0    0    0    0    0    0    0    0    0    0    0    0    0    0    0    0    0    0   ∑ =  340
 8:  316    0    0    0    0    0    0    0    0    0    0    0    0    0    0    0    0    0    0   ∑ =  316
 9:  353    0    0    0    0    0    0    0    0    0    0    0    0    0    0    0    0    0    0   ∑ =  353
10:  323    0    0    0    0    0    0    0    0    0    0    0    0    0    0    0    0    0    0   ∑ =  323
11:  280    0    0    0    0    0    0    0    0    0    0    0    0    0    0    0    0    0    0   ∑ =  280
12:  276    0    0    0    0    0    0    0    0    0    0    0    0    0    0    0    0    0    0   ∑ =  276
13:  271    0    0    0    0    0    0    0    0    0    0    0    0    0    0    0    0    0    0   ∑ =  271
14:  235    0    0    0    0    0    0    0    0    0    0    0    0    0    0    0    0    0    0   ∑ =  235
15:  250    0    0    0    0    0    0    0    0    0    0    0    0    0    0    0    0    0    0   ∑ =  250
16:  236    0    0    0    0    0    0    0    0    0    0    0    0    0    0    0    0    0    0   ∑ =  236
17:  253    0    0    0    0    0    0    0    0    0    0    0    0    0    0    0    0    0    0   ∑ =  253
18:  259    0    0    0    0    0    0    0    0    0    0    0    0    0    0    0    0    0    0   ∑ =  259

Loading Data...
Training Model...

----- Results -----
Macro F1: 1.767
-----
Micro F1: 20.166
Precision: 20.166
Recall: 20.166

--- Details ---
Training data len: 88731 Testing data len: 9858
Training data class counts: 0: 17657, 1: 12117, 2: 8324, 3: 6111, 4: 5791, 5: 3920, 6: 3447, 7: 3299, 8: 3170, 9: 3026, 10: 2818, 11: 2621, 12: 2503, 13: 2424, 14: 2344, 15: 2277, 16: 2336, 17: 2256, 18: 2290
Testing  data class counts: 0: 1988, 1: 1380, 2: 921, 3: 654, 4: 656, 5: 465, 6: 380, 7: 345, 8: 329, 9: 342, 10: 307, 11: 282, 12: 282, 13: 266, 14: 265, 15: 261, 16: 243, 17: 252, 18: 240

--- Matrix ---
 0: 1988    0    0    0    0    0    0    0    0    0    0    0    0    0    0    0    0    0    0   ∑ = 1988
 1: 1380    0    0    0    0    0    0    0    0    0    0    0    0    0    0    0    0    0    0   ∑ = 1380
 2:  921    0    0    0    0    0    0    0    0    0    0    0    0    0    0    0    0    0    0   ∑ =  921
 3:  654    0    0    0    0    0    0    0    0    0    0    0    0    0    0    0    0    0    0   ∑ =  654
 4:  656    0    0    0    0    0    0    0    0    0    0    0    0    0    0    0    0    0    0   ∑ =  656
 5:  465    0    0    0    0    0    0    0    0    0    0    0    0    0    0    0    0    0    0   ∑ =  465
 6:  380    0    0    0    0    0    0    0    0    0    0    0    0    0    0    0    0    0    0   ∑ =  380
 7:  345    0    0    0    0    0    0    0    0    0    0    0    0    0    0    0    0    0    0   ∑ =  345
 8:  329    0    0    0    0    0    0    0    0    0    0    0    0    0    0    0    0    0    0   ∑ =  329
 9:  342    0    0    0    0    0    0    0    0    0    0    0    0    0    0    0    0    0    0   ∑ =  342
10:  307    0    0    0    0    0    0    0    0    0    0    0    0    0    0    0    0    0    0   ∑ =  307
11:  282    0    0    0    0    0    0    0    0    0    0    0    0    0    0    0    0    0    0   ∑ =  282
12:  282    0    0    0    0    0    0    0    0    0    0    0    0    0    0    0    0    0    0   ∑ =  282
13:  266    0    0    0    0    0    0    0    0    0    0    0    0    0    0    0    0    0    0   ∑ =  266
14:  265    0    0    0    0    0    0    0    0    0    0    0    0    0    0    0    0    0    0   ∑ =  265
15:  261    0    0    0    0    0    0    0    0    0    0    0    0    0    0    0    0    0    0   ∑ =  261
16:  243    0    0    0    0    0    0    0    0    0    0    0    0    0    0    0    0    0    0   ∑ =  243
17:  252    0    0    0    0    0    0    0    0    0    0    0    0    0    0    0    0    0    0   ∑ =  252
18:  240    0    0    0    0    0    0    0    0    0    0    0    0    0    0    0    0    0    0   ∑ =  240

Loading Data...
Training Model...

----- Results -----
Macro F1: 1.781
-----
Micro F1: 20.369
Precision: 20.369
Recall: 20.369

--- Details ---
Training data len: 88731 Testing data len: 9858
Training data class counts: 0: 17637, 1: 12156, 2: 8332, 3: 6067, 4: 5823, 5: 3933, 6: 3454, 7: 3266, 8: 3135, 9: 3046, 10: 2813, 11: 2643, 12: 2491, 13: 2416, 14: 2333, 15: 2267, 16: 2327, 17: 2270, 18: 2322
Testing  data class counts: 0: 2008, 1: 1341, 2: 913, 3: 698, 4: 624, 5: 452, 6: 373, 7: 378, 8: 364, 9: 322, 10: 312, 11: 260, 12: 294, 13: 274, 14: 276, 15: 271, 16: 252, 17: 238, 18: 208

--- Matrix ---
 0: 2008    0    0    0    0    0    0    0    0    0    0    0    0    0    0    0    0    0    0   ∑ = 2008
 1: 1341    0    0    0    0    0    0    0    0    0    0    0    0    0    0    0    0    0    0   ∑ = 1341
 2:  913    0    0    0    0    0    0    0    0    0    0    0    0    0    0    0    0    0    0   ∑ =  913
 3:  698    0    0    0    0    0    0    0    0    0    0    0    0    0    0    0    0    0    0   ∑ =  698
 4:  624    0    0    0    0    0    0    0    0    0    0    0    0    0    0    0    0    0    0   ∑ =  624
 5:  452    0    0    0    0    0    0    0    0    0    0    0    0    0    0    0    0    0    0   ∑ =  452
 6:  373    0    0    0    0    0    0    0    0    0    0    0    0    0    0    0    0    0    0   ∑ =  373
 7:  378    0    0    0    0    0    0    0    0    0    0    0    0    0    0    0    0    0    0   ∑ =  378
 8:  364    0    0    0    0    0    0    0    0    0    0    0    0    0    0    0    0    0    0   ∑ =  364
 9:  322    0    0    0    0    0    0    0    0    0    0    0    0    0    0    0    0    0    0   ∑ =  322
10:  312    0    0    0    0    0    0    0    0    0    0    0    0    0    0    0    0    0    0   ∑ =  312
11:  260    0    0    0    0    0    0    0    0    0    0    0    0    0    0    0    0    0    0   ∑ =  260
12:  294    0    0    0    0    0    0    0    0    0    0    0    0    0    0    0    0    0    0   ∑ =  294
13:  274    0    0    0    0    0    0    0    0    0    0    0    0    0    0    0    0    0    0   ∑ =  274
14:  276    0    0    0    0    0    0    0    0    0    0    0    0    0    0    0    0    0    0   ∑ =  276
15:  271    0    0    0    0    0    0    0    0    0    0    0    0    0    0    0    0    0    0   ∑ =  271
16:  252    0    0    0    0    0    0    0    0    0    0    0    0    0    0    0    0    0    0   ∑ =  252
17:  238    0    0    0    0    0    0    0    0    0    0    0    0    0    0    0    0    0    0   ∑ =  238
18:  208    0    0    0    0    0    0    0    0    0    0    0    0    0    0    0    0    0    0   ∑ =  208

Loading Data...
Training Model...

----- Results -----
Macro F1: 1.752
-----
Micro F1: 19.963
Precision: 19.963
Recall: 19.963

--- Details ---
Training data len: 88731 Testing data len: 9858
Training data class counts: 0: 17677, 1: 12130, 2: 8285, 3: 6072, 4: 5805, 5: 3953, 6: 3430, 7: 3257, 8: 3169, 9: 3039, 10: 2844, 11: 2612, 12: 2499, 13: 2406, 14: 2361, 15: 2299, 16: 2321, 17: 2278, 18: 2294
Testing  data class counts: 0: 1968, 1: 1367, 2: 960, 3: 693, 4: 642, 5: 432, 6: 397, 7: 387, 8: 330, 9: 329, 10: 281, 11: 291, 12: 286, 13: 284, 14: 248, 15: 239, 16: 258, 17: 230, 18: 236

--- Matrix ---
 0: 1968    0    0    0    0    0    0    0    0    0    0    0    0    0    0    0    0    0    0   ∑ = 1968
 1: 1367    0    0    0    0    0    0    0    0    0    0    0    0    0    0    0    0    0    0   ∑ = 1367
 2:  960    0    0    0    0    0    0    0    0    0    0    0    0    0    0    0    0    0    0   ∑ =  960
 3:  693    0    0    0    0    0    0    0    0    0    0    0    0    0    0    0    0    0    0   ∑ =  693
 4:  642    0    0    0    0    0    0    0    0    0    0    0    0    0    0    0    0    0    0   ∑ =  642
 5:  432    0    0    0    0    0    0    0    0    0    0    0    0    0    0    0    0    0    0   ∑ =  432
 6:  397    0    0    0    0    0    0    0    0    0    0    0    0    0    0    0    0    0    0   ∑ =  397
 7:  387    0    0    0    0    0    0    0    0    0    0    0    0    0    0    0    0    0    0   ∑ =  387
 8:  330    0    0    0    0    0    0    0    0    0    0    0    0    0    0    0    0    0    0   ∑ =  330
 9:  329    0    0    0    0    0    0    0    0    0    0    0    0    0    0    0    0    0    0   ∑ =  329
10:  281    0    0    0    0    0    0    0    0    0    0    0    0    0    0    0    0    0    0   ∑ =  281
11:  291    0    0    0    0    0    0    0    0    0    0    0    0    0    0    0    0    0    0   ∑ =  291
12:  286    0    0    0    0    0    0    0    0    0    0    0    0    0    0    0    0    0    0   ∑ =  286
13:  284    0    0    0    0    0    0    0    0    0    0    0    0    0    0    0    0    0    0   ∑ =  284
14:  248    0    0    0    0    0    0    0    0    0    0    0    0    0    0    0    0    0    0   ∑ =  248
15:  239    0    0    0    0    0    0    0    0    0    0    0    0    0    0    0    0    0    0   ∑ =  239
16:  258    0    0    0    0    0    0    0    0    0    0    0    0    0    0    0    0    0    0   ∑ =  258
17:  230    0    0    0    0    0    0    0    0    0    0    0    0    0    0    0    0    0    0   ∑ =  230
18:  236    0    0    0    0    0    0    0    0    0    0    0    0    0    0    0    0    0    0   ∑ =  236

Loading Data...
Training Model...

----- Results -----
Macro F1: 1.793
-----
Micro F1: 20.532
Precision: 20.532
Recall: 20.532

--- Details ---
Training data len: 88731 Testing data len: 9858
Training data class counts: 0: 17621, 1: 12170, 2: 8354, 3: 6121, 4: 5805, 5: 3960, 6: 3449, 7: 3274, 8: 3113, 9: 2999, 10: 2815, 11: 2622, 12: 2520, 13: 2424, 14: 2326, 15: 2295, 16: 2313, 17: 2271, 18: 2279
Testing  data class counts: 0: 2024, 1: 1327, 2: 891, 3: 644, 4: 642, 5: 425, 6: 378, 7: 370, 8: 386, 9: 369, 10: 310, 11: 281, 12: 265, 13: 266, 14: 283, 15: 243, 16: 266, 17: 237, 18: 251

--- Matrix ---
 0: 2024    0    0    0    0    0    0    0    0    0    0    0    0    0    0    0    0    0    0   ∑ = 2024
 1: 1327    0    0    0    0    0    0    0    0    0    0    0    0    0    0    0    0    0    0   ∑ = 1327
 2:  891    0    0    0    0    0    0    0    0    0    0    0    0    0    0    0    0    0    0   ∑ =  891
 3:  644    0    0    0    0    0    0    0    0    0    0    0    0    0    0    0    0    0    0   ∑ =  644
 4:  642    0    0    0    0    0    0    0    0    0    0    0    0    0    0    0    0    0    0   ∑ =  642
 5:  425    0    0    0    0    0    0    0    0    0    0    0    0    0    0    0    0    0    0   ∑ =  425
 6:  378    0    0    0    0    0    0    0    0    0    0    0    0    0    0    0    0    0    0   ∑ =  378
 7:  370    0    0    0    0    0    0    0    0    0    0    0    0    0    0    0    0    0    0   ∑ =  370
 8:  386    0    0    0    0    0    0    0    0    0    0    0    0    0    0    0    0    0    0   ∑ =  386
 9:  369    0    0    0    0    0    0    0    0    0    0    0    0    0    0    0    0    0    0   ∑ =  369
10:  310    0    0    0    0    0    0    0    0    0    0    0    0    0    0    0    0    0    0   ∑ =  310
11:  281    0    0    0    0    0    0    0    0    0    0    0    0    0    0    0    0    0    0   ∑ =  281
12:  265    0    0    0    0    0    0    0    0    0    0    0    0    0    0    0    0    0    0   ∑ =  265
13:  266    0    0    0    0    0    0    0    0    0    0    0    0    0    0    0    0    0    0   ∑ =  266
14:  283    0    0    0    0    0    0    0    0    0    0    0    0    0    0    0    0    0    0   ∑ =  283
15:  243    0    0    0    0    0    0    0    0    0    0    0    0    0    0    0    0    0    0   ∑ =  243
16:  266    0    0    0    0    0    0    0    0    0    0    0    0    0    0    0    0    0    0   ∑ =  266
17:  237    0    0    0    0    0    0    0    0    0    0    0    0    0    0    0    0    0    0   ∑ =  237
18:  251    0    0    0    0    0    0    0    0    0    0    0    0    0    0    0    0    0    0   ∑ =  251

Loading Data...
Training Model...

----- Results -----
Macro F1: 1.729
-----
Micro F1: 19.659
Precision: 19.659
Recall: 19.659

--- Details ---
Training data len: 88731 Testing data len: 9858
Training data class counts: 0: 17707, 1: 12155, 2: 8318, 3: 6055, 4: 5820, 5: 3977, 6: 3439, 7: 3318, 8: 3144, 9: 3039, 10: 2793, 11: 2600, 12: 2492, 13: 2387, 14: 2369, 15: 2289, 16: 2305, 17: 2238, 18: 2286
Testing  data class counts: 0: 1938, 1: 1342, 2: 927, 3: 710, 4: 627, 5: 408, 6: 388, 7: 326, 8: 355, 9: 329, 10: 332, 11: 303, 12: 293, 13: 303, 14: 240, 15: 249, 16: 274, 17: 270, 18: 244

--- Matrix ---
 0: 1938    0    0    0    0    0    0    0    0    0    0    0    0    0    0    0    0    0    0   ∑ = 1938
 1: 1342    0    0    0    0    0    0    0    0    0    0    0    0    0    0    0    0    0    0   ∑ = 1342
 2:  927    0    0    0    0    0    0    0    0    0    0    0    0    0    0    0    0    0    0   ∑ =  927
 3:  710    0    0    0    0    0    0    0    0    0    0    0    0    0    0    0    0    0    0   ∑ =  710
 4:  627    0    0    0    0    0    0    0    0    0    0    0    0    0    0    0    0    0    0   ∑ =  627
 5:  408    0    0    0    0    0    0    0    0    0    0    0    0    0    0    0    0    0    0   ∑ =  408
 6:  388    0    0    0    0    0    0    0    0    0    0    0    0    0    0    0    0    0    0   ∑ =  388
 7:  326    0    0    0    0    0    0    0    0    0    0    0    0    0    0    0    0    0    0   ∑ =  326
 8:  355    0    0    0    0    0    0    0    0    0    0    0    0    0    0    0    0    0    0   ∑ =  355
 9:  329    0    0    0    0    0    0    0    0    0    0    0    0    0    0    0    0    0    0   ∑ =  329
10:  332    0    0    0    0    0    0    0    0    0    0    0    0    0    0    0    0    0    0   ∑ =  332
11:  303    0    0    0    0    0    0    0    0    0    0    0    0    0    0    0    0    0    0   ∑ =  303
12:  293    0    0    0    0    0    0    0    0    0    0    0    0    0    0    0    0    0    0   ∑ =  293
13:  303    0    0    0    0    0    0    0    0    0    0    0    0    0    0    0    0    0    0   ∑ =  303
14:  240    0    0    0    0    0    0    0    0    0    0    0    0    0    0    0    0    0    0   ∑ =  240
15:  249    0    0    0    0    0    0    0    0    0    0    0    0    0    0    0    0    0    0   ∑ =  249
16:  274    0    0    0    0    0    0    0    0    0    0    0    0    0    0    0    0    0    0   ∑ =  274
17:  270    0    0    0    0    0    0    0    0    0    0    0    0    0    0    0    0    0    0   ∑ =  270
18:  244    0    0    0    0    0    0    0    0    0    0    0    0    0    0    0    0    0    0   ∑ =  244

Loading Data...
Training Model...

----- Results -----
Macro F1: 1.741
-----
Micro F1: 19.811
Precision: 19.811
Recall: 19.811

--- Details ---
Training data len: 88731 Testing data len: 9858
Training data class counts: 0: 17692, 1: 12108, 2: 8333, 3: 6095, 4: 5804, 5: 3959, 6: 3436, 7: 3275, 8: 3135, 9: 3037, 10: 2805, 11: 2583, 12: 2550, 13: 2451, 14: 2362, 15: 2264, 16: 2316, 17: 2271, 18: 2255
Testing  data class counts: 0: 1953, 1: 1389, 2: 912, 3: 670, 4: 643, 5: 426, 6: 391, 7: 369, 8: 364, 9: 331, 10: 320, 11: 320, 12: 235, 13: 239, 14: 247, 15: 274, 16: 263, 17: 237, 18: 275

--- Matrix ---
 0: 1953    0    0    0    0    0    0    0    0    0    0    0    0    0    0    0    0    0    0   ∑ = 1953
 1: 1389    0    0    0    0    0    0    0    0    0    0    0    0    0    0    0    0    0    0   ∑ = 1389
 2:  912    0    0    0    0    0    0    0    0    0    0    0    0    0    0    0    0    0    0   ∑ =  912
 3:  670    0    0    0    0    0    0    0    0    0    0    0    0    0    0    0    0    0    0   ∑ =  670
 4:  643    0    0    0    0    0    0    0    0    0    0    0    0    0    0    0    0    0    0   ∑ =  643
 5:  426    0    0    0    0    0    0    0    0    0    0    0    0    0    0    0    0    0    0   ∑ =  426
 6:  391    0    0    0    0    0    0    0    0    0    0    0    0    0    0    0    0    0    0   ∑ =  391
 7:  369    0    0    0    0    0    0    0    0    0    0    0    0    0    0    0    0    0    0   ∑ =  369
 8:  364    0    0    0    0    0    0    0    0    0    0    0    0    0    0    0    0    0    0   ∑ =  364
 9:  331    0    0    0    0    0    0    0    0    0    0    0    0    0    0    0    0    0    0   ∑ =  331
10:  320    0    0    0    0    0    0    0    0    0    0    0    0    0    0    0    0    0    0   ∑ =  320
11:  320    0    0    0    0    0    0    0    0    0    0    0    0    0    0    0    0    0    0   ∑ =  320
12:  235    0    0    0    0    0    0    0    0    0    0    0    0    0    0    0    0    0    0   ∑ =  235
13:  239    0    0    0    0    0    0    0    0    0    0    0    0    0    0    0    0    0    0   ∑ =  239
14:  247    0    0    0    0    0    0    0    0    0    0    0    0    0    0    0    0    0    0   ∑ =  247
15:  274    0    0    0    0    0    0    0    0    0    0    0    0    0    0    0    0    0    0   ∑ =  274
16:  263    0    0    0    0    0    0    0    0    0    0    0    0    0    0    0    0    0    0   ∑ =  263
17:  237    0    0    0    0    0    0    0    0    0    0    0    0    0    0    0    0    0    0   ∑ =  237
18:  275    0    0    0    0    0    0    0    0    0    0    0    0    0    0    0    0    0    0   ∑ =  275

Loading Data...
Training Model...

----- Results -----
Macro F1: 1.737
-----
Micro F1: 19.761
Precision: 19.761
Recall: 19.761

--- Details ---
Training data len: 88722 Testing data len: 9858
Training data class counts: 0: 17693, 1: 12140, 2: 8294, 3: 6081, 4: 5845, 5: 3935, 6: 3466, 7: 3263, 8: 3180, 9: 3017, 10: 2826, 11: 2604, 12: 2524, 13: 2404, 14: 2342, 15: 2305, 16: 2316, 17: 2241, 18: 2246
Testing  data class counts: 0: 1948, 1: 1356, 2: 950, 3: 683, 4: 602, 5: 449, 6: 361, 7: 381, 8: 319, 9: 351, 10: 299, 11: 299, 12: 261, 13: 286, 14: 267, 15: 233, 16: 263, 17: 266, 18: 284

--- Matrix ---
 0: 1948    0    0    0    0    0    0    0    0    0    0    0    0    0    0    0    0    0    0   ∑ = 1948
 1: 1356    0    0    0    0    0    0    0    0    0    0    0    0    0    0    0    0    0    0   ∑ = 1356
 2:  950    0    0    0    0    0    0    0    0    0    0    0    0    0    0    0    0    0    0   ∑ =  950
 3:  683    0    0    0    0    0    0    0    0    0    0    0    0    0    0    0    0    0    0   ∑ =  683
 4:  602    0    0    0    0    0    0    0    0    0    0    0    0    0    0    0    0    0    0   ∑ =  602
 5:  449    0    0    0    0    0    0    0    0    0    0    0    0    0    0    0    0    0    0   ∑ =  449
 6:  361    0    0    0    0    0    0    0    0    0    0    0    0    0    0    0    0    0    0   ∑ =  361
 7:  381    0    0    0    0    0    0    0    0    0    0    0    0    0    0    0    0    0    0   ∑ =  381
 8:  319    0    0    0    0    0    0    0    0    0    0    0    0    0    0    0    0    0    0   ∑ =  319
 9:  351    0    0    0    0    0    0    0    0    0    0    0    0    0    0    0    0    0    0   ∑ =  351
10:  299    0    0    0    0    0    0    0    0    0    0    0    0    0    0    0    0    0    0   ∑ =  299
11:  299    0    0    0    0    0    0    0    0    0    0    0    0    0    0    0    0    0    0   ∑ =  299
12:  261    0    0    0    0    0    0    0    0    0    0    0    0    0    0    0    0    0    0   ∑ =  261
13:  286    0    0    0    0    0    0    0    0    0    0    0    0    0    0    0    0    0    0   ∑ =  286
14:  267    0    0    0    0    0    0    0    0    0    0    0    0    0    0    0    0    0    0   ∑ =  267
15:  233    0    0    0    0    0    0    0    0    0    0    0    0    0    0    0    0    0    0   ∑ =  233
16:  263    0    0    0    0    0    0    0    0    0    0    0    0    0    0    0    0    0    0   ∑ =  263
17:  266    0    0    0    0    0    0    0    0    0    0    0    0    0    0    0    0    0    0   ∑ =  266
18:  284    0    0    0    0    0    0    0    0    0    0    0    0    0    0    0    0    0    0   ∑ =  284


----- Results for all folds -----
Macro F1: 1.749
-----
Micro F1: 19.924
Precision: 19.924
Recall: 19.924

--- Matrix ---
 0: 19641     0     0     0     0     0     0     0     0     0     0     0     0     0     0     0     0     0     0   ∑ = 19641
 1: 13496     0     0     0     0     0     0     0     0     0     0     0     0     0     0     0     0     0     0   ∑ = 13496
 2:  9244     0     0     0     0     0     0     0     0     0     0     0     0     0     0     0     0     0     0   ∑ =  9244
 3:  6764     0     0     0     0     0     0     0     0     0     0     0     0     0     0     0     0     0     0   ∑ =  6764
 4:  6447     0     0     0     0     0     0     0     0     0     0     0     0     0     0     0     0     0     0   ∑ =  6447
 5:  4384     0     0     0     0     0     0     0     0     0     0     0     0     0     0     0     0     0     0   ∑ =  4384
 6:  3827     0     0     0     0     0     0     0     0     0     0     0     0     0     0     0     0     0     0   ∑ =  3827
 7:  3644     0     0     0     0     0     0     0     0     0     0     0     0     0     0     0     0     0     0   ∑ =  3644
 8:  3499     0     0     0     0     0     0     0     0     0     0     0     0     0     0     0     0     0     0   ∑ =  3499
 9:  3368     0     0     0     0     0     0     0     0     0     0     0     0     0     0     0     0     0     0   ∑ =  3368
10:  3125     0     0     0     0     0     0     0     0     0     0     0     0     0     0     0     0     0     0   ∑ =  3125
11:  2903     0     0     0     0     0     0     0     0     0     0     0     0     0     0     0     0     0     0   ∑ =  2903
12:  2785     0     0     0     0     0     0     0     0     0     0     0     0     0     0     0     0     0     0   ∑ =  2785
13:  2690     0     0     0     0     0     0     0     0     0     0     0     0     0     0     0     0     0     0   ∑ =  2690
14:  2609     0     0     0     0     0     0     0     0     0     0     0     0     0     0     0     0     0     0   ∑ =  2609
15:  2538     0     0     0     0     0     0     0     0     0     0     0     0     0     0     0     0     0     0   ∑ =  2538
16:  2579     0     0     0     0     0     0     0     0     0     0     0     0     0     0     0     0     0     0   ∑ =  2579
17:  2507     0     0     0     0     0     0     0     0     0     0     0     0     0     0     0     0     0     0   ∑ =  2507
18:  2530     0     0     0     0     0     0     0     0     0     0     0     0     0     0     0     0     0     0   ∑ =  2530

