Loading tweets...
Doing 10 cross folds...
Loading Data...
Training Model...

----- Results -----
Macro F1: 16.483
-----
Micro F1: 29.56
Precision: 29.56
Recall: 29.56

--- Details ---
Training data len: 88731 Testing data len: 9858
Training data class counts: 0: 17763, 1: 12159, 2: 8337, 3: 6124, 4: 5800, 5: 3947, 6: 3430, 7: 3260, 8: 3114, 9: 3037, 10: 2793, 11: 2606, 12: 2489, 13: 2432, 14: 2333, 15: 2296, 16: 2296, 17: 2246, 18: 2269
Testing  data class counts: 0: 1882, 1: 1338, 2: 908, 3: 641, 4: 647, 5: 438, 6: 397, 7: 384, 8: 385, 9: 331, 10: 332, 11: 297, 12: 296, 13: 258, 14: 276, 15: 242, 16: 283, 17: 262, 18: 261

--- Matrix ---
 0: 1167  270   98  137   18   32   16   10   30   46    8    3    2    2    2    4   28    9    0   ∑ = 1882
 1:  215  585  193   74   33   26   22   13   30  102   12    2    1    2    0    5   20    1    2   ∑ = 1338
 2:   66  223  426   18   19   12   24   14   36   36   17    0    0    0    0    1   16    0    0   ∑ =  908
 3:  202  156   53   94   16   19    7    6   22   28    4    0    0    0    4    6   21    3    0   ∑ =  641
 4:   91  204  110   20   59   23   23   13   38   34   13    2    0    0    1    4   11    0    1   ∑ =  647
 5:   95  126   49   39   22   48   15    4   13    7    4    0    0    0    0    2   13    0    1   ∑ =  438
 6:   42   87   58   15    9    5  124    6   16   10    7    0    1    0    0    3   10    1    3   ∑ =  397
 7:   45   92  114   15   14   13   18   19   11   15    1    0    0    0    1    7   17    0    2   ∑ =  384
 8:   57  125   50   10   16    9   14    2   64   19    6    0    0    0    0    4    8    1    0   ∑ =  385
 9:   15   57   12    1   11    1   10    3    3  209    4    1    0    1    0    1    1    0    1   ∑ =  331
10:   41  100   65    6   17    7   10    3   25   24   23    0    0    1    0    5    5    0    0   ∑ =  332
11:   72   70   25   43   13    6    3    2   14   20    7    6    0    0    1    4   10    0    1   ∑ =  297
12:   91   78   26   33    7    9    5    0    6   19    1    0    1    0    2    4   12    1    1   ∑ =  296
13:   25   71   69    5   14   13   13    7    9   12    3    1    1    1    0    2    8    0    4   ∑ =  258
14:   79   69   26   46    6    6    4    1   12    7    2    0    1    0    1    4    9    2    1   ∑ =  276
15:   51   54   27   26   12    3    4    4    7   18    3    0    0    0    1   15   17    0    0   ∑ =  242
16:   38   55   77   14    1    2    1    2    5    8    1    2    0    0    0    9   67    1    0   ∑ =  283
17:  102   54   20   33    3    6    0    3    8   14    3    2    0    0    1    3    8    2    0   ∑ =  262
18:   29   95   56    5   22    6   10    3    6   19    3    2    0    0    0    1    1    0    3   ∑ =  261

Loading Data...
Training Model...

----- Results -----
Macro F1: 16.522
-----
Micro F1: 29.499
Precision: 29.499
Recall: 29.499

--- Details ---
Training data len: 88731 Testing data len: 9858
Training data class counts: 0: 17643, 1: 12193, 2: 8335, 3: 6064, 4: 5774, 5: 3968, 6: 3464, 7: 3280, 8: 3148, 9: 3057, 10: 2816, 11: 2613, 12: 2488, 13: 2447, 14: 2337, 15: 2262, 16: 2338, 17: 2246, 18: 2258
Testing  data class counts: 0: 2002, 1: 1304, 2: 910, 3: 701, 4: 673, 5: 417, 6: 363, 7: 364, 8: 351, 9: 311, 10: 309, 11: 290, 12: 297, 13: 243, 14: 272, 15: 276, 16: 241, 17: 262, 18: 272

--- Matrix ---
 0: 1244  298   91  130   34   43    9   12   27   49   11    0    1    0    2    4   40    7    0   ∑ = 2002
 1:  216  558  181   52   57   37   26   14   47   71   13    4    0    1    1    2   23    0    1   ∑ = 1304
 2:   77  252  393   15   23   12   23   15   33   26   12    1    0    4    1    4   18    0    1   ∑ =  910
 3:  210  194   52   96   10   30   10   10   20   24    4    1    0    2    0    6   26    6    0   ∑ =  701
 4:   77  205  109   28   68   25   33   17   44   43    6    1    0    5    0    2    6    2    2   ∑ =  673
 5:   91   98   50   19   25   62   11    6   19   12    6    1    0    1    1    1   13    1    0   ∑ =  417
 6:   35   81   49    8    7    5  125    7   19   13    6    0    1    1    0    0    5    0    1   ∑ =  363
 7:   54   75   94   20   23   13   15   16    6   15    5    1    0    1    0    8   16    2    0   ∑ =  364
 8:   58  117   34   16   14    8    9    2   52   28    4    1    0    0    0    1    5    2    0   ∑ =  351
 9:   18   60   16    2    7    0    7    1    8  179    7    0    0    0    0    3    3    0    0   ∑ =  311
10:   54  100   42    2   19    1    5    4   23   24   28    0    0    1    0    1    3    0    2   ∑ =  309
11:   77   76   28   24    6    8    6    6   11   23    5    4    0    1    0    3    9    3    0   ∑ =  290
12:   94   80   28   32    4   10    3    2    9   14    5    0    2    0    0    5    8    0    1   ∑ =  297
13:   22   66   74    7   10    9   10    8    7   11    9    0    0    1    0    1    6    1    1   ∑ =  243
14:   84   73   22   35    9    5    1    3   11    6    1    1    3    0    1    4   10    3    0   ∑ =  272
15:   48   76   41   24    4    3    4    7    7   14    3    0    0    1    1   23   18    1    1   ∑ =  276
16:   41   47   49   13    7    2    2    3    6   10    6    0    0    1    0    5   49    0    0   ∑ =  241
17:   85   66   24   39    3    3    3    3    4   14    0    0    0    0    0    4   12    2    0   ∑ =  262
18:   25   70   76    8   17    4   18    4   13   18    7    1    0    1    0    2    3    0    5   ∑ =  272

Loading Data...
Training Model...

----- Results -----
Macro F1: 16.862
-----
Micro F1: 29.763
Precision: 29.763
Recall: 29.763

--- Details ---
Training data len: 88731 Testing data len: 9858
Training data class counts: 0: 17715, 1: 12145, 2: 8293, 3: 6095, 4: 5756, 5: 3913, 6: 3428, 7: 3304, 8: 3183, 9: 3015, 10: 2802, 11: 2623, 12: 2509, 13: 2419, 14: 2374, 15: 2288, 16: 2343, 17: 2255, 18: 2271
Testing  data class counts: 0: 1930, 1: 1352, 2: 952, 3: 670, 4: 691, 5: 472, 6: 399, 7: 340, 8: 316, 9: 353, 10: 323, 11: 280, 12: 276, 13: 271, 14: 235, 15: 250, 16: 236, 17: 253, 18: 259

--- Matrix ---
 0: 1148  288  100  132   22   37    9   13   53   49   14    2    2    0    4    7   41    8    1   ∑ = 1930
 1:  206  566  222   57   57   36   21    6   38   87   20    3    0    4    2    3   20    1    3   ∑ = 1352
 2:   82  234  444   16   29   12   21    9   24   22   29    1    0    4    0    3   18    0    4   ∑ =  952
 3:  201  141   47  124   21   20   12    7   24   25    7    1    4    0    1    7   25    2    1   ∑ =  670
 4:  105  210  124   24   55   29   23   12   38   37   18    3    0    3    0    3    5    1    1   ∑ =  691
 5:   86  120   78   39   29   59   12    4   19    7    3    0    0    0    0    3   11    1    1   ∑ =  472
 6:   41   78   65   10   14    3  130    7   22   11    8    1    0    0    0    3    4    0    2   ∑ =  399
 7:   31   77   86   25   35    7   13   13   16    9    4    2    0    2    0    3   16    1    0   ∑ =  340
 8:   44   93   50    9   14    6    5    3   52   27    8    0    0    1    1    2    1    0    0   ∑ =  316
 9:   26   49   13    4    9    2    7    4    5  225    5    0    0    0    0    0    4    0    0   ∑ =  353
10:   48  100   54    7   15    4   12    7   13   31   20    0    0    0    1    3    8    0    0   ∑ =  323
11:   76   79   30   26    6    5    0    3   10   21    3    3    1    0    1    7    7    2    0   ∑ =  280
12:   82   81   24   35    7    9    3    3    9   12    1    1    0    0    1    2    3    3    0   ∑ =  276
13:   39   72   71   12   16    5    8    4    8   10    9    0    0    3    0    2    8    1    3   ∑ =  271
14:   68   65   19   40    5    5    0    3    4    6    2    0    0    0    1    3    9    5    0   ∑ =  235
15:   43   60   26   27    8    5    5    5    9   22    1    0    0    0    0   19   18    2    0   ∑ =  250
16:   28   39   51   20    8    3    4    1    3    6    2    1    0    0    0    3   66    1    0   ∑ =  236
17:   80   70   11   43    2    8    2    2    3    8    3    0    0    0    3    5    9    4    0   ∑ =  253
18:   29   72   63    8   15    6   17    4   10   15    8    1    0    1    0    2    6    0    2   ∑ =  259

Loading Data...
Training Model...

----- Results -----
Macro F1: 16.358
-----
Micro F1: 29.61
Precision: 29.61
Recall: 29.61

--- Details ---
Training data len: 88731 Testing data len: 9858
Training data class counts: 0: 17657, 1: 12117, 2: 8324, 3: 6111, 4: 5791, 5: 3920, 6: 3447, 7: 3299, 8: 3170, 9: 3026, 10: 2818, 11: 2621, 12: 2503, 13: 2424, 14: 2344, 15: 2277, 16: 2336, 17: 2256, 18: 2290
Testing  data class counts: 0: 1988, 1: 1380, 2: 921, 3: 654, 4: 656, 5: 465, 6: 380, 7: 345, 8: 329, 9: 342, 10: 307, 11: 282, 12: 282, 13: 266, 14: 265, 15: 261, 16: 243, 17: 252, 18: 240

--- Matrix ---
 0: 1210  324   90  137   31   33   11   10   35   48    2    4    0    2    1    7   37    5    1   ∑ = 1988
 1:  255  551  214   46   44   30   17   12   50  103   20    1    0    2    0    7   25    1    2   ∑ = 1380
 2:   66  227  436   17   24   11   21   13   22   22   20    3    0    3    0    3   30    0    3   ∑ =  921
 3:  211  156   56   97   10   23   10    8   20   23    5    0    0    1    2    4   25    3    0   ∑ =  654
 4:  105  171  102   29   66   20   28   19   45   31   13    1    1    1    1    2   16    1    4   ∑ =  656
 5:  110  121   49   30   32   49    8    8   16    9    5    1    2    1    0    2   21    0    1   ∑ =  465
 6:   42   68   58   13   22    6  125    4   23    4    3    1    0    0    0    3    7    1    0   ∑ =  380
 7:   36   82   90   17   26   13   13   16   18   14    4    0    0    0    0    2   12    1    1   ∑ =  345
 8:   44   91   45   19   13    4   16    3   69   14    4    0    0    0    0    3    3    0    1   ∑ =  329
 9:   24   58   26    3   10    1    3    3    2  202    6    2    0    0    1    0    1    0    0   ∑ =  342
10:   38   94   45    8   13    4   15    4   19   33   20    1    0    0    1    4    7    0    1   ∑ =  307
11:   69   88   18   34   10    4    9    2    4   21    1    2    1    0    1    6   10    2    0   ∑ =  282
12:   93   72   27   41    3    6    1    2    2   21    3    1    2    0    1    1    3    3    0   ∑ =  282
13:   32   72   66    5   14    9    9    7   14   10    9    0    0    4    0    4    6    0    5   ∑ =  266
14:   91   60   19   51    1    7    1    2   12    5    1    1    0    0    0    2   10    2    0   ∑ =  265
15:   51   77   34   24    4    3    2    6   10   14    5    0    0    0    0   14   16    0    1   ∑ =  261
16:   48   46   51   16    5    1    3    0   12    7    1    0    0    1    0    3   49    0    0   ∑ =  243
17:   78   62   20   41    4    9    2    3    7   10    1    1    0    1    0    2    8    3    0   ∑ =  252
18:   32   63   56   11   17    1   11    3   15   15    6    0    0    0    0    2    3    1    4   ∑ =  240

Loading Data...
Training Model...

----- Results -----
Macro F1: 17.074
-----
Micro F1: 29.955
Precision: 29.955
Recall: 29.955

--- Details ---
Training data len: 88731 Testing data len: 9858
Training data class counts: 0: 17637, 1: 12156, 2: 8332, 3: 6067, 4: 5823, 5: 3933, 6: 3454, 7: 3266, 8: 3135, 9: 3046, 10: 2813, 11: 2643, 12: 2491, 13: 2416, 14: 2333, 15: 2267, 16: 2327, 17: 2270, 18: 2322
Testing  data class counts: 0: 2008, 1: 1341, 2: 913, 3: 698, 4: 624, 5: 452, 6: 373, 7: 378, 8: 364, 9: 322, 10: 312, 11: 260, 12: 294, 13: 274, 14: 276, 15: 271, 16: 252, 17: 238, 18: 208

--- Matrix ---
 0: 1217  307   79  142   26   34   12   12   52   54   10    1    1    0    1   11   38   10    1   ∑ = 2008
 1:  214  558  196   59   50   31   28    7   47   80   26    5    0    2    4    9   24    0    1   ∑ = 1341
 2:   85  248  395   12   23   13   36   13   22   29   11    0    0    3    2    3   14    0    4   ∑ =  913
 3:  188  160   54  137   16   32    7   11   18   26    8    2    0    0    2    7   26    3    1   ∑ =  698
 4:   81  209  112   19   59   14   19    8   27   43   12    1    0    3    1    4   11    1    0   ∑ =  624
 5:   80  114   48   34   32   60   14   12   20   10    9    0    0    0    0    2   14    2    1   ∑ =  452
 6:   43   80   58   10   16    5  118    2   10    7    4    1    1    0    1    4   11    0    2   ∑ =  373
 7:   43   71  105   25   25    4   16   13   16   15    9    1    0    0    1    5   26    1    2   ∑ =  378
 8:   48  130   45   16   15    2    9    2   68   12    6    0    2    0    1    3    5    0    0   ∑ =  364
 9:   22   48   18    3    7    3    7    2    6  198    3    0    0    1    0    1    3    0    0   ∑ =  322
10:   42  104   51    9   19    1   11    4   18   24   22    0    0    0    1    1    3    0    2   ∑ =  312
11:   63   72   15   32    7    6    4    4    9   17    7    5    0    0    1    5   13    0    0   ∑ =  260
12:   74   84   29   41    8    7    6    1   10   10    2    2    2    0    1    1   13    3    0   ∑ =  294
13:   26   62   75   12   21    5    6    7   20   20    7    1    0    2    0    1    9    0    0   ∑ =  274
14:  104   65   14   39    5   11    3    1    4   13    2    0    0    1    0    3    9    2    0   ∑ =  276
15:   53   51   44   22    7    1    6    5    6   22    2    0    0    1    1   28   20    2    0   ∑ =  271
16:   41   51   44   11    6    2    2    4    6    8    3    0    0    1    0    7   66    0    0   ∑ =  252
17:   82   52   21   42    5    9    0    2    4    9    2    1    0    0    0    0    7    2    0   ∑ =  238
18:   21   67   50   10   17    4   10    1   10    9    2    0    0    0    0    0    4    0    3   ∑ =  208

Loading Data...
Training Model...

----- Results -----
Macro F1: 16.723
-----
Micro F1: 30.168
Precision: 30.168
Recall: 30.168

--- Details ---
Training data len: 88731 Testing data len: 9858
Training data class counts: 0: 17677, 1: 12130, 2: 8285, 3: 6072, 4: 5805, 5: 3953, 6: 3430, 7: 3257, 8: 3169, 9: 3039, 10: 2844, 11: 2612, 12: 2499, 13: 2406, 14: 2361, 15: 2299, 16: 2321, 17: 2278, 18: 2294
Testing  data class counts: 0: 1968, 1: 1367, 2: 960, 3: 693, 4: 642, 5: 432, 6: 397, 7: 387, 8: 330, 9: 329, 10: 281, 11: 291, 12: 286, 13: 284, 14: 248, 15: 239, 16: 258, 17: 230, 18: 236

--- Matrix ---
 0: 1204  290   69  151   22   34   21   20   31   52   10    6    2    2    2    7   37    7    1   ∑ = 1968
 1:  227  588  189   59   33   36   31   10   44   89   19    1    4    2    1    6   23    3    2   ∑ = 1367
 2:   81  245  454   14   14   11   36   11   26   23   10    2    1    2    0    3   26    0    1   ∑ =  960
 3:  221  174   52  102   16   15    8    8   28   26    6    0    0    0    2    8   20    6    1   ∑ =  693
 4:   99  195  109   26   57   17   30    5   38   40    8    1    0    0    0    1   12    0    4   ∑ =  642
 5:   85  125   50   31   29   51    7    4   21    5    3    1    0    0    1    5   14    0    0   ∑ =  432
 6:   39   80   56   15   19    6  112    6   23   12    5    1    0    1    0    8   10    2    2   ∑ =  397
 7:   46   78  118   21   29   11   16   19   12    8    4    0    0    3    0    4   16    0    2   ∑ =  387
 8:   52   92   35   14   14    5   11    2   73   16    8    0    0    0    0    3    5    0    0   ∑ =  330
 9:   17   55   22    5    5    2    5    2   10  200    3    0    0    1    0    0    1    0    1   ∑ =  329
10:   33   92   39    8   16    4   13    3   11   30   21    0    0    2    1    1    5    0    2   ∑ =  281
11:   83   65   27   23    9    6   11    8   11   26    1    5    0    0    1    4    9    1    1   ∑ =  291
12:  104   79   18   35    2    8    0    5    8    9    2    0    3    0    1    2   10    0    0   ∑ =  286
13:   34   82   67   10   12   15    8    8   13   10   10    0    0    4    0    1    8    0    2   ∑ =  284
14:   89   53   16   41    2    9    2    2   12   10    1    0    2    0    3    2    3    1    0   ∑ =  248
15:   48   56   22   23    6    0    6    6   10   21    4    1    0    0    0   12   21    1    2   ∑ =  239
16:   35   44   62   18    4    3    2    1    6   12    2    1    0    1    0    6   59    1    1   ∑ =  258
17:   61   50   12   43    5   12    1    1   11   11    2    1    0    0    0    2   13    5    0   ∑ =  230
18:   23   66   48    6   19    4   17    2   15   22    7    0    0    1    1    1    2    0    2   ∑ =  236

Loading Data...
Training Model...

----- Results -----
Macro F1: 16.828
-----
Micro F1: 29.864
Precision: 29.864
Recall: 29.864

--- Details ---
Training data len: 88731 Testing data len: 9858
Training data class counts: 0: 17621, 1: 12170, 2: 8354, 3: 6121, 4: 5805, 5: 3960, 6: 3449, 7: 3274, 8: 3113, 9: 2999, 10: 2815, 11: 2622, 12: 2520, 13: 2424, 14: 2326, 15: 2295, 16: 2313, 17: 2271, 18: 2279
Testing  data class counts: 0: 2024, 1: 1327, 2: 891, 3: 644, 4: 642, 5: 425, 6: 378, 7: 370, 8: 386, 9: 369, 10: 310, 11: 281, 12: 265, 13: 266, 14: 283, 15: 243, 16: 266, 17: 237, 18: 251

--- Matrix ---
 0: 1220  276  104  166   23   38    7   11   43   56   16    3    0    2    1    8   39    8    3   ∑ = 2024
 1:  212  558  193   71   39   35   27    8   39   92   14    3    0    1    0    3   25    2    5   ∑ = 1327
 2:   70  230  408   24   15   19   21    9   36   18    9    1    0    6    2    3   19    0    1   ∑ =  891
 3:  195  133   51  106   17   25    5    4   28   29    7    1    1    0    2    6   28    5    1   ∑ =  644
 4:   88  167  124   19   63   23   33   12   34   41   14    1    0    3    1    3   15    0    1   ∑ =  642
 5:   97  107   45   34   35   45   10    4   20   11    3    0    0    1    2    1    7    3    0   ∑ =  425
 6:   51   64   61   16   15    9  115    5   16    8    7    0    0    2    0    2    4    0    3   ∑ =  378
 7:   41   96  104   20   19    8   11   12   15    8    7    0    0    2    1    2   23    0    1   ∑ =  370
 8:   53  114   54   16   16    5   24    5   64   17   10    0    0    0    0    1    6    0    1   ∑ =  386
 9:   19   67   16    2    5    3    5    3    9  229    4    2    0    0    0    3    2    0    0   ∑ =  369
10:   44   95   59    9    9    3   16    3   22   16   25    0    0    0    0    1    7    0    1   ∑ =  310
11:   73   68   24   36    9    5    6    4   10   26    3    3    0    0    0    3   11    0    0   ∑ =  281
12:   69   81   23   29    5    9    7    3   15   12    2    1    0    0    0    4    4    1    0   ∑ =  265
13:   26   75   68   12   10    7    8    7   16   13    8    2    0    4    0    0    7    0    3   ∑ =  266
14:   96   77   21   28    7   11    5    0   12    6    1    0    0    0    1    3   15    0    0   ∑ =  283
15:   53   62   32   21    4    2    6    2    4   11    5    0    1    0    0   28   11    1    0   ∑ =  243
16:   31   59   62   21   10    4    3    6    2    6    3    3    1    1    0    2   52    0    0   ∑ =  266
17:   81   51   20   37    5    6    2    1    9    6    1    2    0    0    1    2   11    1    1   ∑ =  237
18:   21   67   70    3   15    6   11   11    6   18    6    0    0    1    0    1    5    0   10   ∑ =  251

Loading Data...
Training Model...

----- Results -----
Macro F1: 16.04
-----
Micro F1: 29.296
Precision: 29.296
Recall: 29.296

--- Details ---
Training data len: 88731 Testing data len: 9858
Training data class counts: 0: 17707, 1: 12155, 2: 8318, 3: 6055, 4: 5820, 5: 3977, 6: 3439, 7: 3318, 8: 3144, 9: 3039, 10: 2793, 11: 2600, 12: 2492, 13: 2387, 14: 2369, 15: 2289, 16: 2305, 17: 2238, 18: 2286
Testing  data class counts: 0: 1938, 1: 1342, 2: 927, 3: 710, 4: 627, 5: 408, 6: 388, 7: 326, 8: 355, 9: 329, 10: 332, 11: 303, 12: 293, 13: 303, 14: 240, 15: 249, 16: 274, 17: 270, 18: 244

--- Matrix ---
 0: 1147  323  105  128   20   30   16   12   34   65    9    3    0    3    0    6   28    8    1   ∑ = 1938
 1:  191  593  206   65   39   32   22   13   30   93   14    0    1    5    1    7   23    1    6   ∑ = 1342
 2:   70  233  437   16   20   20   33   18   19   25   11    2    0    2    0    1   18    0    2   ∑ =  927
 3:  185  180   68  102   23   27   10    6   23   29    4    3    1    1    4    6   36    2    0   ∑ =  710
 4:   65  209  108   38   58   14   22   12   38   31    8    1    0    1    0    2   19    0    1   ∑ =  627
 5:   88   94   62   31   28   41    8    8   17   10    2    1    0    0    1    1   12    4    0   ∑ =  408
 6:   43   63   67    8   17    5  129    7   15   11    9    2    1    2    0    5    3    0    1   ∑ =  388
 7:   43   56   91   17   15   13   20   12   14   12    5    2    0    2    1    6   16    0    1   ∑ =  326
 8:   61  100   49   12   13    9   10    5   65   15    5    1    0    0    0    1    8    0    1   ∑ =  355
 9:   20   51   12    7   10    3    4    5    4  197   10    1    0    0    0    2    3    0    0   ∑ =  329
10:   41  113   53   15   14    3   13    5   16   33   14    1    0    3    0    1    6    0    1   ∑ =  332
11:   76   89   28   37   13    4    6    5    9   17    5    2    1    1    1    1    8    0    0   ∑ =  303
12:   83   70   34   37    7    9    3    3    7   15    5    3    0    0    1    4   10    2    0   ∑ =  293
13:   38   85   83    8   24    5    9    9   15   13    5    0    0    1    0    1    7    0    0   ∑ =  303
14:   57   54   21   55    4    8    2    0   10   10    2    0    0    0    1    3   12    1    0   ∑ =  240
15:   50   62   28   21    6    4    5    5    9   18    5    0    1    0    0   22   11    1    1   ∑ =  249
16:   38   57   63   14    1    2   11    2    3    9    2    0    0    2    1    5   63    0    1   ∑ =  274
17:   88   67   21   45    1    6    1    3    4   12    2    0    0    0    0    4   14    2    0   ∑ =  270
18:   19   74   68    8   11    3   11    1   18   16    4    0    0    0    0    2    6    1    2   ∑ =  244

Loading Data...
Training Model...

----- Results -----
Macro F1: 16.335
-----
Micro F1: 29.59
Precision: 29.59
Recall: 29.59

--- Details ---
Training data len: 88731 Testing data len: 9858
Training data class counts: 0: 17692, 1: 12108, 2: 8333, 3: 6095, 4: 5804, 5: 3959, 6: 3436, 7: 3275, 8: 3135, 9: 3037, 10: 2805, 11: 2583, 12: 2550, 13: 2451, 14: 2362, 15: 2264, 16: 2316, 17: 2271, 18: 2255
Testing  data class counts: 0: 1953, 1: 1389, 2: 912, 3: 670, 4: 643, 5: 426, 6: 391, 7: 369, 8: 364, 9: 331, 10: 320, 11: 320, 12: 235, 13: 239, 14: 247, 15: 274, 16: 263, 17: 237, 18: 275

--- Matrix ---
 0: 1183  281   95  145   28   39   11   10   41   56    8    2    2    0    5    6   36    3    2   ∑ = 1953
 1:  203  580  228   70   38   35   30   14   44   92   15    3    0    3    1    4   25    1    3   ∑ = 1389
 2:   97  227  443   17   15   12   18    8   27   20    8    0    0    0    0    1   17    1    1   ∑ =  912
 3:  188  177   56   91   13   26   11    6   27   25   10    0    0    0    2    4   30    4    0   ∑ =  670
 4:   96  171  120   24   53   31   25   13   32   39   15    0    1    2    1    5   14    0    1   ∑ =  643
 5:  101  101   64   36   18   48    4    9   19    9    5    0    0    0    1    0   10    1    0   ∑ =  426
 6:   40   58   61   20   14    4  131    8   14   11    6    2    0    1    1    6   11    2    1   ∑ =  391
 7:   52   82  103   14   20   11   21   17   13   11    2    1    0    1    0    4   17    0    0   ∑ =  369
 8:   64  112   49   22   15    7   13    1   48   17    7    0    0    1    0    4    4    0    0   ∑ =  364
 9:   23   54   20    3   10    2    6    3    6  192    5    3    0    1    1    0    2    0    0   ∑ =  331
10:   46  101   52    6   13    5   17    3   12   30   26    0    0    1    0    1    6    0    1   ∑ =  320
11:   80   92   30   40   10    3    5    2    9   29    5    3    0    0    0    3    7    2    0   ∑ =  320
12:   80   55   21   29    5    6    5    2   11   10    2    1    1    0    0    0    6    1    0   ∑ =  235
13:   23   65   58   12    9    9   20    5   12    8    8    0    0    3    0    1    4    0    2   ∑ =  239
14:   77   63   18   30    3    9    1    1   13   13    0    0    0    0    0    1   13    5    0   ∑ =  247
15:   41   72   39   27    6    2    3    0    9   23    4    3    1    0    1   20   23    0    0   ∑ =  274
16:   31   47   57    9    5    2    7    6    6    8    2    1    0    0    1    6   73    1    1   ∑ =  263
17:   83   56   20   28    3    9    5    0    6    8    2    3    0    0    0    1   10    2    1   ∑ =  237
18:   31   78   60   11   16    8   15    7   13   19    8    1    0    2    1    0    2    0    3   ∑ =  275

Loading Data...
Training Model...

----- Results -----
Macro F1: 15.659
-----
Micro F1: 28.667
Precision: 28.667
Recall: 28.667

--- Details ---
Training data len: 88722 Testing data len: 9858
Training data class counts: 0: 17693, 1: 12140, 2: 8294, 3: 6081, 4: 5845, 5: 3935, 6: 3466, 7: 3263, 8: 3180, 9: 3017, 10: 2826, 11: 2604, 12: 2524, 13: 2404, 14: 2342, 15: 2305, 16: 2316, 17: 2241, 18: 2246
Testing  data class counts: 0: 1948, 1: 1356, 2: 950, 3: 683, 4: 602, 5: 449, 6: 361, 7: 381, 8: 319, 9: 351, 10: 299, 11: 299, 12: 261, 13: 286, 14: 267, 15: 233, 16: 263, 17: 266, 18: 284

--- Matrix ---
 0: 1142  291   98  166   18   42    9   11   30   57    8    4    0    0    1   14   50    5    2   ∑ = 1948
 1:  214  573  199   71   46   27   20   13   44   93   11    2    1    2    3    6   28    2    1   ∑ = 1356
 2:   78  249  437   15   25   10   25    5   32   18    9    0    0    7    0    3   35    0    2   ∑ =  950
 3:  218  184   38   97   16   23    5   10   22   19    2    1    1    0    2    9   29    7    0   ∑ =  683
 4:   98  158  103   25   52   28   23    8   35   35   17    3    0    2    1    1   10    0    3   ∑ =  602
 5:  115  105   45   33   30   52    7    8   19   13    5    0    1    3    0    3    9    1    0   ∑ =  449
 6:   44   73   59   12   13    7  100    6   24    7    6    0    0    0    0    2    8    0    0   ∑ =  361
 7:   39   76  124   14   24   15   15   18   13    9    7    0    0    2    0    6   17    0    2   ∑ =  381
 8:   50  104   44   11   12    8   14    4   47   10    6    0    0    0    1    1    4    1    2   ∑ =  319
 9:   36   52   21    4    5    4    6    2    5  207    5    2    0    0    0    0    2    0    0   ∑ =  351
10:   42  102   50   10   13    3    7    4   15   24   19    0    0    1    0    2    7    0    0   ∑ =  299
11:   82   84   20   25   12   10    8    3   10   18    8    3    1    0    1    5    7    2    0   ∑ =  299
12:   70   93   23   21    8    8    2    0   13   11    2    0    0    0    0    2    7    1    0   ∑ =  261
13:   19   83   92    9   14    7    7    7   18    6   10    0    0    3    0    1    7    0    3   ∑ =  286
14:   73   76   24   48    5   10    1    3    7    7    0    0    0    0    0    2    8    3    0   ∑ =  267
15:   45   61   24   26   11    1    4    3    7   20    2    0    0    0    1   15   13    0    0   ∑ =  233
16:   32   57   63   19    7    2    1    3    7   10    2    2    0    0    0    3   54    0    1   ∑ =  263
17:   75   70   24   39    2    7    6    3   12    5    0    1    0    0    1    5   14    2    0   ∑ =  266
18:   31   93   59    7   23    8   15    2    7   25    5    0    0    0    0    0    4    0    5   ∑ =  284


----- Results for all folds -----
Macro F1: 16.5
-----
Micro F1: 29.597
Precision: 29.597
Recall: 29.597

--- Matrix ---
 0: 11882  2948   929  1434   242   362   121   121   376   532    96    28    10    11    19    74   374    70    12   ∑ = 19641
 1:  2153  5710  2021   624   436   325   244   110   413   902   164    24     7    24    13    52   236    12    26   ∑ = 13496
 2:   772  2368  4273   164   207   132   258   115   277   239   136    10     1    31     5    25   211     1    19   ∑ =  9244
 3:  2019  1655   527  1046   158   240    85    76   232   254    57     9     7     4    21    63   266    41     4   ∑ =  6764
 4:   905  1899  1121   252   590   224   259   119   369   374   124    14     2    20     6    27   119     5    18   ∑ =  6447
 5:   948  1111   540   326   280   515    96    67   183    93    45     4     3     6     6    20   124    13     4   ∑ =  4384
 6:   420   732   592   127   146    55  1209    58   182    94    61     8     4     7     2    36    73     6    15   ∑ =  3827
 7:   430   785  1029   188   230   108   158   155   134   116    48     7     0    13     4    47   176     5    11   ∑ =  3644
 8:   531  1078   455   145   142    63   125    29   602   175    64     2     2     2     3    23    49     4     5   ∑ =  3499
 9:   220   551   176    34    79    21    60    28    58  2038    52    11     0     4     2    10    22     0     2   ∑ =  3368
10:   429  1001   510    80   148    35   119    40   174   269   218     2     0     9     4    20    57     0    10   ∑ =  3125
11:   751   783   245   320    95    57    58    39    97   218    45    36     4     2     7    41    91    12     2   ∑ =  2903
12:   840   773   253   333    56    81    35    21    90   133    25     9    11     0     7    25    76    15     2   ∑ =  2785
13:   284   733   723    92   144    84    98    69   132   113    78     4     1    26     0    14    70     2    23   ∑ =  2690
14:   818   655   200   413    47    81    20    16    97    83    12     2     6     1     8    27    98    24     1   ∑ =  2609
15:   483   631   317   241    68    24    45    43    78   183    34     4     3     2     5   196   168     8     5   ∑ =  2538
16:   363   502   579   155    54    23    36    28    56    84    24    10     1     7     2    49   598     4     4   ∑ =  2579
17:   815   598   193   390    33    75    22    21    68    97    16    11     0     1     6    28   106    25     2   ∑ =  2507
18:   261   745   606    77   172    50   135    38   113   176    56     5     0     6     2    11    36     2    39   ∑ =  2530

