Loading tweets...
Doing 10 cross folds...
Loading Data...
Training Model...

----- Results -----
Macro F1: 1.783
-----
Micro F1: 21.695
Precision: 21.695
Recall: 21.695

--- Details ---
Training data len: 440649 Testing data len: 48960
Training data class counts: 0: 95697, 1: 46190, 2: 45307, 3: 24287, 4: 21965, 5: 20805, 6: 19021, 7: 16325, 8: 15113, 9: 14311, 10: 14396, 11: 13535, 12: 12371, 13: 11514, 14: 12070, 15: 11887, 16: 11643, 17: 11435, 18: 11799, 19: 10978
Testing  data class counts: 0: 10622, 1: 5077, 2: 5067, 3: 2743, 4: 2439, 5: 2281, 6: 2082, 7: 1805, 8: 1712, 9: 1648, 10: 1530, 11: 1633, 12: 1328, 13: 1290, 14: 1276, 15: 1351, 16: 1281, 17: 1255, 18: 1331, 19: 1209

--- Matrix ---
 0: 10622     0     0     0     0     0     0     0     0     0     0     0     0     0     0     0     0     0     0     0   ∑ = 10622
 1:  5077     0     0     0     0     0     0     0     0     0     0     0     0     0     0     0     0     0     0     0   ∑ =  5077
 2:  5067     0     0     0     0     0     0     0     0     0     0     0     0     0     0     0     0     0     0     0   ∑ =  5067
 3:  2743     0     0     0     0     0     0     0     0     0     0     0     0     0     0     0     0     0     0     0   ∑ =  2743
 4:  2439     0     0     0     0     0     0     0     0     0     0     0     0     0     0     0     0     0     0     0   ∑ =  2439
 5:  2281     0     0     0     0     0     0     0     0     0     0     0     0     0     0     0     0     0     0     0   ∑ =  2281
 6:  2082     0     0     0     0     0     0     0     0     0     0     0     0     0     0     0     0     0     0     0   ∑ =  2082
 7:  1805     0     0     0     0     0     0     0     0     0     0     0     0     0     0     0     0     0     0     0   ∑ =  1805
 8:  1712     0     0     0     0     0     0     0     0     0     0     0     0     0     0     0     0     0     0     0   ∑ =  1712
 9:  1648     0     0     0     0     0     0     0     0     0     0     0     0     0     0     0     0     0     0     0   ∑ =  1648
10:  1530     0     0     0     0     0     0     0     0     0     0     0     0     0     0     0     0     0     0     0   ∑ =  1530
11:  1633     0     0     0     0     0     0     0     0     0     0     0     0     0     0     0     0     0     0     0   ∑ =  1633
12:  1328     0     0     0     0     0     0     0     0     0     0     0     0     0     0     0     0     0     0     0   ∑ =  1328
13:  1290     0     0     0     0     0     0     0     0     0     0     0     0     0     0     0     0     0     0     0   ∑ =  1290
14:  1276     0     0     0     0     0     0     0     0     0     0     0     0     0     0     0     0     0     0     0   ∑ =  1276
15:  1351     0     0     0     0     0     0     0     0     0     0     0     0     0     0     0     0     0     0     0   ∑ =  1351
16:  1281     0     0     0     0     0     0     0     0     0     0     0     0     0     0     0     0     0     0     0   ∑ =  1281
17:  1255     0     0     0     0     0     0     0     0     0     0     0     0     0     0     0     0     0     0     0   ∑ =  1255
18:  1331     0     0     0     0     0     0     0     0     0     0     0     0     0     0     0     0     0     0     0   ∑ =  1331
19:  1209     0     0     0     0     0     0     0     0     0     0     0     0     0     0     0     0     0     0     0   ∑ =  1209

Loading Data...
Training Model...

----- Results -----
Macro F1: 1.797
-----
Micro F1: 21.902
Precision: 21.902
Recall: 21.902

--- Details ---
Training data len: 440649 Testing data len: 48960
Training data class counts: 0: 95596, 1: 46111, 2: 45285, 3: 24354, 4: 22010, 5: 20755, 6: 19033, 7: 16305, 8: 15123, 9: 14453, 10: 14326, 11: 13677, 12: 12323, 13: 11513, 14: 12043, 15: 11918, 16: 11636, 17: 11411, 18: 11833, 19: 10944
Testing  data class counts: 0: 10723, 1: 5156, 2: 5089, 3: 2676, 4: 2394, 5: 2331, 6: 2070, 7: 1825, 8: 1702, 9: 1506, 10: 1600, 11: 1491, 12: 1376, 13: 1291, 14: 1303, 15: 1320, 16: 1288, 17: 1279, 18: 1297, 19: 1243

--- Matrix ---
 0: 10723     0     0     0     0     0     0     0     0     0     0     0     0     0     0     0     0     0     0     0   ∑ = 10723
 1:  5156     0     0     0     0     0     0     0     0     0     0     0     0     0     0     0     0     0     0     0   ∑ =  5156
 2:  5089     0     0     0     0     0     0     0     0     0     0     0     0     0     0     0     0     0     0     0   ∑ =  5089
 3:  2676     0     0     0     0     0     0     0     0     0     0     0     0     0     0     0     0     0     0     0   ∑ =  2676
 4:  2394     0     0     0     0     0     0     0     0     0     0     0     0     0     0     0     0     0     0     0   ∑ =  2394
 5:  2331     0     0     0     0     0     0     0     0     0     0     0     0     0     0     0     0     0     0     0   ∑ =  2331
 6:  2070     0     0     0     0     0     0     0     0     0     0     0     0     0     0     0     0     0     0     0   ∑ =  2070
 7:  1825     0     0     0     0     0     0     0     0     0     0     0     0     0     0     0     0     0     0     0   ∑ =  1825
 8:  1702     0     0     0     0     0     0     0     0     0     0     0     0     0     0     0     0     0     0     0   ∑ =  1702
 9:  1506     0     0     0     0     0     0     0     0     0     0     0     0     0     0     0     0     0     0     0   ∑ =  1506
10:  1600     0     0     0     0     0     0     0     0     0     0     0     0     0     0     0     0     0     0     0   ∑ =  1600
11:  1491     0     0     0     0     0     0     0     0     0     0     0     0     0     0     0     0     0     0     0   ∑ =  1491
12:  1376     0     0     0     0     0     0     0     0     0     0     0     0     0     0     0     0     0     0     0   ∑ =  1376
13:  1291     0     0     0     0     0     0     0     0     0     0     0     0     0     0     0     0     0     0     0   ∑ =  1291
14:  1303     0     0     0     0     0     0     0     0     0     0     0     0     0     0     0     0     0     0     0   ∑ =  1303
15:  1320     0     0     0     0     0     0     0     0     0     0     0     0     0     0     0     0     0     0     0   ∑ =  1320
16:  1288     0     0     0     0     0     0     0     0     0     0     0     0     0     0     0     0     0     0     0   ∑ =  1288
17:  1279     0     0     0     0     0     0     0     0     0     0     0     0     0     0     0     0     0     0     0   ∑ =  1279
18:  1297     0     0     0     0     0     0     0     0     0     0     0     0     0     0     0     0     0     0     0   ∑ =  1297
19:  1243     0     0     0     0     0     0     0     0     0     0     0     0     0     0     0     0     0     0     0   ∑ =  1243

Loading Data...
Training Model...

----- Results -----
Macro F1: 1.762
-----
Micro F1: 21.383
Precision: 21.383
Recall: 21.383

--- Details ---
Training data len: 440649 Testing data len: 48960
Training data class counts: 0: 95850, 1: 46137, 2: 45320, 3: 24396, 4: 21864, 5: 20792, 6: 19026, 7: 16334, 8: 15136, 9: 14355, 10: 14365, 11: 13702, 12: 12315, 13: 11494, 14: 12008, 15: 11924, 16: 11589, 17: 11393, 18: 11740, 19: 10909
Testing  data class counts: 0: 10469, 1: 5130, 2: 5054, 3: 2634, 4: 2540, 5: 2294, 6: 2077, 7: 1796, 8: 1689, 9: 1604, 10: 1561, 11: 1466, 12: 1384, 13: 1310, 14: 1338, 15: 1314, 16: 1335, 17: 1297, 18: 1390, 19: 1278

--- Matrix ---
 0: 10469     0     0     0     0     0     0     0     0     0     0     0     0     0     0     0     0     0     0     0   ∑ = 10469
 1:  5130     0     0     0     0     0     0     0     0     0     0     0     0     0     0     0     0     0     0     0   ∑ =  5130
 2:  5054     0     0     0     0     0     0     0     0     0     0     0     0     0     0     0     0     0     0     0   ∑ =  5054
 3:  2634     0     0     0     0     0     0     0     0     0     0     0     0     0     0     0     0     0     0     0   ∑ =  2634
 4:  2540     0     0     0     0     0     0     0     0     0     0     0     0     0     0     0     0     0     0     0   ∑ =  2540
 5:  2294     0     0     0     0     0     0     0     0     0     0     0     0     0     0     0     0     0     0     0   ∑ =  2294
 6:  2077     0     0     0     0     0     0     0     0     0     0     0     0     0     0     0     0     0     0     0   ∑ =  2077
 7:  1796     0     0     0     0     0     0     0     0     0     0     0     0     0     0     0     0     0     0     0   ∑ =  1796
 8:  1689     0     0     0     0     0     0     0     0     0     0     0     0     0     0     0     0     0     0     0   ∑ =  1689
 9:  1604     0     0     0     0     0     0     0     0     0     0     0     0     0     0     0     0     0     0     0   ∑ =  1604
10:  1561     0     0     0     0     0     0     0     0     0     0     0     0     0     0     0     0     0     0     0   ∑ =  1561
11:  1466     0     0     0     0     0     0     0     0     0     0     0     0     0     0     0     0     0     0     0   ∑ =  1466
12:  1384     0     0     0     0     0     0     0     0     0     0     0     0     0     0     0     0     0     0     0   ∑ =  1384
13:  1310     0     0     0     0     0     0     0     0     0     0     0     0     0     0     0     0     0     0     0   ∑ =  1310
14:  1338     0     0     0     0     0     0     0     0     0     0     0     0     0     0     0     0     0     0     0   ∑ =  1338
15:  1314     0     0     0     0     0     0     0     0     0     0     0     0     0     0     0     0     0     0     0   ∑ =  1314
16:  1335     0     0     0     0     0     0     0     0     0     0     0     0     0     0     0     0     0     0     0   ∑ =  1335
17:  1297     0     0     0     0     0     0     0     0     0     0     0     0     0     0     0     0     0     0     0   ∑ =  1297
18:  1390     0     0     0     0     0     0     0     0     0     0     0     0     0     0     0     0     0     0     0   ∑ =  1390
19:  1278     0     0     0     0     0     0     0     0     0     0     0     0     0     0     0     0     0     0     0   ∑ =  1278

Loading Data...
Training Model...

----- Results -----
Macro F1: 1.784
-----
Micro F1: 21.712
Precision: 21.712
Recall: 21.712

--- Details ---
Training data len: 440649 Testing data len: 48960
Training data class counts: 0: 95689, 1: 46073, 2: 45383, 3: 24353, 4: 22044, 5: 20730, 6: 18965, 7: 16380, 8: 15160, 9: 14308, 10: 14359, 11: 13600, 12: 12334, 13: 11503, 14: 11965, 15: 11924, 16: 11616, 17: 11424, 18: 11839, 19: 11000
Testing  data class counts: 0: 10630, 1: 5194, 2: 4991, 3: 2677, 4: 2360, 5: 2356, 6: 2138, 7: 1750, 8: 1665, 9: 1651, 10: 1567, 11: 1568, 12: 1365, 13: 1301, 14: 1381, 15: 1314, 16: 1308, 17: 1266, 18: 1291, 19: 1187

--- Matrix ---
 0: 10630     0     0     0     0     0     0     0     0     0     0     0     0     0     0     0     0     0     0     0   ∑ = 10630
 1:  5194     0     0     0     0     0     0     0     0     0     0     0     0     0     0     0     0     0     0     0   ∑ =  5194
 2:  4991     0     0     0     0     0     0     0     0     0     0     0     0     0     0     0     0     0     0     0   ∑ =  4991
 3:  2677     0     0     0     0     0     0     0     0     0     0     0     0     0     0     0     0     0     0     0   ∑ =  2677
 4:  2360     0     0     0     0     0     0     0     0     0     0     0     0     0     0     0     0     0     0     0   ∑ =  2360
 5:  2356     0     0     0     0     0     0     0     0     0     0     0     0     0     0     0     0     0     0     0   ∑ =  2356
 6:  2138     0     0     0     0     0     0     0     0     0     0     0     0     0     0     0     0     0     0     0   ∑ =  2138
 7:  1750     0     0     0     0     0     0     0     0     0     0     0     0     0     0     0     0     0     0     0   ∑ =  1750
 8:  1665     0     0     0     0     0     0     0     0     0     0     0     0     0     0     0     0     0     0     0   ∑ =  1665
 9:  1651     0     0     0     0     0     0     0     0     0     0     0     0     0     0     0     0     0     0     0   ∑ =  1651
10:  1567     0     0     0     0     0     0     0     0     0     0     0     0     0     0     0     0     0     0     0   ∑ =  1567
11:  1568     0     0     0     0     0     0     0     0     0     0     0     0     0     0     0     0     0     0     0   ∑ =  1568
12:  1365     0     0     0     0     0     0     0     0     0     0     0     0     0     0     0     0     0     0     0   ∑ =  1365
13:  1301     0     0     0     0     0     0     0     0     0     0     0     0     0     0     0     0     0     0     0   ∑ =  1301
14:  1381     0     0     0     0     0     0     0     0     0     0     0     0     0     0     0     0     0     0     0   ∑ =  1381
15:  1314     0     0     0     0     0     0     0     0     0     0     0     0     0     0     0     0     0     0     0   ∑ =  1314
16:  1308     0     0     0     0     0     0     0     0     0     0     0     0     0     0     0     0     0     0     0   ∑ =  1308
17:  1266     0     0     0     0     0     0     0     0     0     0     0     0     0     0     0     0     0     0     0   ∑ =  1266
18:  1291     0     0     0     0     0     0     0     0     0     0     0     0     0     0     0     0     0     0     0   ∑ =  1291
19:  1187     0     0     0     0     0     0     0     0     0     0     0     0     0     0     0     0     0     0     0   ∑ =  1187

Loading Data...
Training Model...

----- Results -----
Macro F1: 1.79
-----
Micro F1: 21.795
Precision: 21.795
Recall: 21.795

--- Details ---
Training data len: 440649 Testing data len: 48960
Training data class counts: 0: 95648, 1: 46077, 2: 45453, 3: 24278, 4: 21956, 5: 20740, 6: 19006, 7: 16303, 8: 15178, 9: 14415, 10: 14348, 11: 13643, 12: 12359, 13: 11544, 14: 11964, 15: 11928, 16: 11659, 17: 11441, 18: 11788, 19: 10921
Testing  data class counts: 0: 10671, 1: 5190, 2: 4921, 3: 2752, 4: 2448, 5: 2346, 6: 2097, 7: 1827, 8: 1647, 9: 1544, 10: 1578, 11: 1525, 12: 1340, 13: 1260, 14: 1382, 15: 1310, 16: 1265, 17: 1249, 18: 1342, 19: 1266

--- Matrix ---
 0: 10671     0     0     0     0     0     0     0     0     0     0     0     0     0     0     0     0     0     0     0   ∑ = 10671
 1:  5190     0     0     0     0     0     0     0     0     0     0     0     0     0     0     0     0     0     0     0   ∑ =  5190
 2:  4921     0     0     0     0     0     0     0     0     0     0     0     0     0     0     0     0     0     0     0   ∑ =  4921
 3:  2752     0     0     0     0     0     0     0     0     0     0     0     0     0     0     0     0     0     0     0   ∑ =  2752
 4:  2448     0     0     0     0     0     0     0     0     0     0     0     0     0     0     0     0     0     0     0   ∑ =  2448
 5:  2346     0     0     0     0     0     0     0     0     0     0     0     0     0     0     0     0     0     0     0   ∑ =  2346
 6:  2097     0     0     0     0     0     0     0     0     0     0     0     0     0     0     0     0     0     0     0   ∑ =  2097
 7:  1827     0     0     0     0     0     0     0     0     0     0     0     0     0     0     0     0     0     0     0   ∑ =  1827
 8:  1647     0     0     0     0     0     0     0     0     0     0     0     0     0     0     0     0     0     0     0   ∑ =  1647
 9:  1544     0     0     0     0     0     0     0     0     0     0     0     0     0     0     0     0     0     0     0   ∑ =  1544
10:  1578     0     0     0     0     0     0     0     0     0     0     0     0     0     0     0     0     0     0     0   ∑ =  1578
11:  1525     0     0     0     0     0     0     0     0     0     0     0     0     0     0     0     0     0     0     0   ∑ =  1525
12:  1340     0     0     0     0     0     0     0     0     0     0     0     0     0     0     0     0     0     0     0   ∑ =  1340
13:  1260     0     0     0     0     0     0     0     0     0     0     0     0     0     0     0     0     0     0     0   ∑ =  1260
14:  1382     0     0     0     0     0     0     0     0     0     0     0     0     0     0     0     0     0     0     0   ∑ =  1382
15:  1310     0     0     0     0     0     0     0     0     0     0     0     0     0     0     0     0     0     0     0   ∑ =  1310
16:  1265     0     0     0     0     0     0     0     0     0     0     0     0     0     0     0     0     0     0     0   ∑ =  1265
17:  1249     0     0     0     0     0     0     0     0     0     0     0     0     0     0     0     0     0     0     0   ∑ =  1249
18:  1342     0     0     0     0     0     0     0     0     0     0     0     0     0     0     0     0     0     0     0   ∑ =  1342
19:  1266     0     0     0     0     0     0     0     0     0     0     0     0     0     0     0     0     0     0     0   ∑ =  1266

Loading Data...
Training Model...

----- Results -----
Macro F1: 1.782
-----
Micro F1: 21.681
Precision: 21.681
Recall: 21.681

--- Details ---
Training data len: 440649 Testing data len: 48960
Training data class counts: 0: 95704, 1: 46228, 2: 45324, 3: 24381, 4: 21925, 5: 20792, 6: 18912, 7: 16245, 8: 15108, 9: 14357, 10: 14321, 11: 13684, 12: 12290, 13: 11557, 14: 12033, 15: 11869, 16: 11665, 17: 11361, 18: 11871, 19: 11022
Testing  data class counts: 0: 10615, 1: 5039, 2: 5050, 3: 2649, 4: 2479, 5: 2294, 6: 2191, 7: 1885, 8: 1717, 9: 1602, 10: 1605, 11: 1484, 12: 1409, 13: 1247, 14: 1313, 15: 1369, 16: 1259, 17: 1329, 18: 1259, 19: 1165

--- Matrix ---
 0: 10615     0     0     0     0     0     0     0     0     0     0     0     0     0     0     0     0     0     0     0   ∑ = 10615
 1:  5039     0     0     0     0     0     0     0     0     0     0     0     0     0     0     0     0     0     0     0   ∑ =  5039
 2:  5050     0     0     0     0     0     0     0     0     0     0     0     0     0     0     0     0     0     0     0   ∑ =  5050
 3:  2649     0     0     0     0     0     0     0     0     0     0     0     0     0     0     0     0     0     0     0   ∑ =  2649
 4:  2479     0     0     0     0     0     0     0     0     0     0     0     0     0     0     0     0     0     0     0   ∑ =  2479
 5:  2294     0     0     0     0     0     0     0     0     0     0     0     0     0     0     0     0     0     0     0   ∑ =  2294
 6:  2191     0     0     0     0     0     0     0     0     0     0     0     0     0     0     0     0     0     0     0   ∑ =  2191
 7:  1885     0     0     0     0     0     0     0     0     0     0     0     0     0     0     0     0     0     0     0   ∑ =  1885
 8:  1717     0     0     0     0     0     0     0     0     0     0     0     0     0     0     0     0     0     0     0   ∑ =  1717
 9:  1602     0     0     0     0     0     0     0     0     0     0     0     0     0     0     0     0     0     0     0   ∑ =  1602
10:  1605     0     0     0     0     0     0     0     0     0     0     0     0     0     0     0     0     0     0     0   ∑ =  1605
11:  1484     0     0     0     0     0     0     0     0     0     0     0     0     0     0     0     0     0     0     0   ∑ =  1484
12:  1409     0     0     0     0     0     0     0     0     0     0     0     0     0     0     0     0     0     0     0   ∑ =  1409
13:  1247     0     0     0     0     0     0     0     0     0     0     0     0     0     0     0     0     0     0     0   ∑ =  1247
14:  1313     0     0     0     0     0     0     0     0     0     0     0     0     0     0     0     0     0     0     0   ∑ =  1313
15:  1369     0     0     0     0     0     0     0     0     0     0     0     0     0     0     0     0     0     0     0   ∑ =  1369
16:  1259     0     0     0     0     0     0     0     0     0     0     0     0     0     0     0     0     0     0     0   ∑ =  1259
17:  1329     0     0     0     0     0     0     0     0     0     0     0     0     0     0     0     0     0     0     0   ∑ =  1329
18:  1259     0     0     0     0     0     0     0     0     0     0     0     0     0     0     0     0     0     0     0   ∑ =  1259
19:  1165     0     0     0     0     0     0     0     0     0     0     0     0     0     0     0     0     0     0     0   ∑ =  1165

Loading Data...
Training Model...

----- Results -----
Macro F1: 1.771
-----
Micro F1: 21.518
Precision: 21.518
Recall: 21.518

--- Details ---
Training data len: 440649 Testing data len: 48960
Training data class counts: 0: 95784, 1: 46205, 2: 45428, 3: 24331, 4: 21903, 5: 20788, 6: 18938, 7: 16268, 8: 15194, 9: 14376, 10: 14265, 11: 13691, 12: 12331, 13: 11524, 14: 11960, 15: 11892, 16: 11578, 17: 11422, 18: 11802, 19: 10969
Testing  data class counts: 0: 10535, 1: 5062, 2: 4946, 3: 2699, 4: 2501, 5: 2298, 6: 2165, 7: 1862, 8: 1631, 9: 1583, 10: 1661, 11: 1477, 12: 1368, 13: 1280, 14: 1386, 15: 1346, 16: 1346, 17: 1268, 18: 1328, 19: 1218

--- Matrix ---
 0: 10535     0     0     0     0     0     0     0     0     0     0     0     0     0     0     0     0     0     0     0   ∑ = 10535
 1:  5062     0     0     0     0     0     0     0     0     0     0     0     0     0     0     0     0     0     0     0   ∑ =  5062
 2:  4946     0     0     0     0     0     0     0     0     0     0     0     0     0     0     0     0     0     0     0   ∑ =  4946
 3:  2699     0     0     0     0     0     0     0     0     0     0     0     0     0     0     0     0     0     0     0   ∑ =  2699
 4:  2501     0     0     0     0     0     0     0     0     0     0     0     0     0     0     0     0     0     0     0   ∑ =  2501
 5:  2298     0     0     0     0     0     0     0     0     0     0     0     0     0     0     0     0     0     0     0   ∑ =  2298
 6:  2165     0     0     0     0     0     0     0     0     0     0     0     0     0     0     0     0     0     0     0   ∑ =  2165
 7:  1862     0     0     0     0     0     0     0     0     0     0     0     0     0     0     0     0     0     0     0   ∑ =  1862
 8:  1631     0     0     0     0     0     0     0     0     0     0     0     0     0     0     0     0     0     0     0   ∑ =  1631
 9:  1583     0     0     0     0     0     0     0     0     0     0     0     0     0     0     0     0     0     0     0   ∑ =  1583
10:  1661     0     0     0     0     0     0     0     0     0     0     0     0     0     0     0     0     0     0     0   ∑ =  1661
11:  1477     0     0     0     0     0     0     0     0     0     0     0     0     0     0     0     0     0     0     0   ∑ =  1477
12:  1368     0     0     0     0     0     0     0     0     0     0     0     0     0     0     0     0     0     0     0   ∑ =  1368
13:  1280     0     0     0     0     0     0     0     0     0     0     0     0     0     0     0     0     0     0     0   ∑ =  1280
14:  1386     0     0     0     0     0     0     0     0     0     0     0     0     0     0     0     0     0     0     0   ∑ =  1386
15:  1346     0     0     0     0     0     0     0     0     0     0     0     0     0     0     0     0     0     0     0   ∑ =  1346
16:  1346     0     0     0     0     0     0     0     0     0     0     0     0     0     0     0     0     0     0     0   ∑ =  1346
17:  1268     0     0     0     0     0     0     0     0     0     0     0     0     0     0     0     0     0     0     0   ∑ =  1268
18:  1328     0     0     0     0     0     0     0     0     0     0     0     0     0     0     0     0     0     0     0   ∑ =  1328
19:  1218     0     0     0     0     0     0     0     0     0     0     0     0     0     0     0     0     0     0     0   ∑ =  1218

Loading Data...
Training Model...

----- Results -----
Macro F1: 1.8
-----
Micro F1: 21.955
Precision: 21.955
Recall: 21.955

--- Details ---
Training data len: 440649 Testing data len: 48960
Training data class counts: 0: 95570, 1: 46121, 2: 45215, 3: 24306, 4: 22003, 5: 20722, 6: 19023, 7: 16354, 8: 15147, 9: 14319, 10: 14323, 11: 13664, 12: 12333, 13: 11534, 14: 12099, 15: 11945, 16: 11665, 17: 11469, 18: 11879, 19: 10958
Testing  data class counts: 0: 10749, 1: 5146, 2: 5159, 3: 2724, 4: 2401, 5: 2364, 6: 2080, 7: 1776, 8: 1678, 9: 1640, 10: 1603, 11: 1504, 12: 1366, 13: 1270, 14: 1247, 15: 1293, 16: 1259, 17: 1221, 18: 1251, 19: 1229

--- Matrix ---
 0: 10749     0     0     0     0     0     0     0     0     0     0     0     0     0     0     0     0     0     0     0   ∑ = 10749
 1:  5146     0     0     0     0     0     0     0     0     0     0     0     0     0     0     0     0     0     0     0   ∑ =  5146
 2:  5159     0     0     0     0     0     0     0     0     0     0     0     0     0     0     0     0     0     0     0   ∑ =  5159
 3:  2724     0     0     0     0     0     0     0     0     0     0     0     0     0     0     0     0     0     0     0   ∑ =  2724
 4:  2401     0     0     0     0     0     0     0     0     0     0     0     0     0     0     0     0     0     0     0   ∑ =  2401
 5:  2364     0     0     0     0     0     0     0     0     0     0     0     0     0     0     0     0     0     0     0   ∑ =  2364
 6:  2080     0     0     0     0     0     0     0     0     0     0     0     0     0     0     0     0     0     0     0   ∑ =  2080
 7:  1776     0     0     0     0     0     0     0     0     0     0     0     0     0     0     0     0     0     0     0   ∑ =  1776
 8:  1678     0     0     0     0     0     0     0     0     0     0     0     0     0     0     0     0     0     0     0   ∑ =  1678
 9:  1640     0     0     0     0     0     0     0     0     0     0     0     0     0     0     0     0     0     0     0   ∑ =  1640
10:  1603     0     0     0     0     0     0     0     0     0     0     0     0     0     0     0     0     0     0     0   ∑ =  1603
11:  1504     0     0     0     0     0     0     0     0     0     0     0     0     0     0     0     0     0     0     0   ∑ =  1504
12:  1366     0     0     0     0     0     0     0     0     0     0     0     0     0     0     0     0     0     0     0   ∑ =  1366
13:  1270     0     0     0     0     0     0     0     0     0     0     0     0     0     0     0     0     0     0     0   ∑ =  1270
14:  1247     0     0     0     0     0     0     0     0     0     0     0     0     0     0     0     0     0     0     0   ∑ =  1247
15:  1293     0     0     0     0     0     0     0     0     0     0     0     0     0     0     0     0     0     0     0   ∑ =  1293
16:  1259     0     0     0     0     0     0     0     0     0     0     0     0     0     0     0     0     0     0     0   ∑ =  1259
17:  1221     0     0     0     0     0     0     0     0     0     0     0     0     0     0     0     0     0     0     0   ∑ =  1221
18:  1251     0     0     0     0     0     0     0     0     0     0     0     0     0     0     0     0     0     0     0   ∑ =  1251
19:  1229     0     0     0     0     0     0     0     0     0     0     0     0     0     0     0     0     0     0     0   ∑ =  1229

Loading Data...
Training Model...

----- Results -----
Macro F1: 1.776
-----
Micro F1: 21.591
Precision: 21.591
Recall: 21.591

--- Details ---
Training data len: 440649 Testing data len: 48960
Training data class counts: 0: 95748, 1: 46103, 2: 45380, 3: 24229, 4: 21979, 5: 20839, 6: 18947, 7: 16338, 8: 15181, 9: 14356, 10: 14290, 11: 13610, 12: 12357, 13: 11500, 14: 11985, 15: 11964, 16: 11669, 17: 11398, 18: 11805, 19: 10971
Testing  data class counts: 0: 10571, 1: 5164, 2: 4994, 3: 2801, 4: 2425, 5: 2247, 6: 2156, 7: 1792, 8: 1644, 9: 1603, 10: 1636, 11: 1558, 12: 1342, 13: 1304, 14: 1361, 15: 1274, 16: 1255, 17: 1292, 18: 1325, 19: 1216

--- Matrix ---
 0: 10571     0     0     0     0     0     0     0     0     0     0     0     0     0     0     0     0     0     0     0   ∑ = 10571
 1:  5164     0     0     0     0     0     0     0     0     0     0     0     0     0     0     0     0     0     0     0   ∑ =  5164
 2:  4994     0     0     0     0     0     0     0     0     0     0     0     0     0     0     0     0     0     0     0   ∑ =  4994
 3:  2801     0     0     0     0     0     0     0     0     0     0     0     0     0     0     0     0     0     0     0   ∑ =  2801
 4:  2425     0     0     0     0     0     0     0     0     0     0     0     0     0     0     0     0     0     0     0   ∑ =  2425
 5:  2247     0     0     0     0     0     0     0     0     0     0     0     0     0     0     0     0     0     0     0   ∑ =  2247
 6:  2156     0     0     0     0     0     0     0     0     0     0     0     0     0     0     0     0     0     0     0   ∑ =  2156
 7:  1792     0     0     0     0     0     0     0     0     0     0     0     0     0     0     0     0     0     0     0   ∑ =  1792
 8:  1644     0     0     0     0     0     0     0     0     0     0     0     0     0     0     0     0     0     0     0   ∑ =  1644
 9:  1603     0     0     0     0     0     0     0     0     0     0     0     0     0     0     0     0     0     0     0   ∑ =  1603
10:  1636     0     0     0     0     0     0     0     0     0     0     0     0     0     0     0     0     0     0     0   ∑ =  1636
11:  1558     0     0     0     0     0     0     0     0     0     0     0     0     0     0     0     0     0     0     0   ∑ =  1558
12:  1342     0     0     0     0     0     0     0     0     0     0     0     0     0     0     0     0     0     0     0   ∑ =  1342
13:  1304     0     0     0     0     0     0     0     0     0     0     0     0     0     0     0     0     0     0     0   ∑ =  1304
14:  1361     0     0     0     0     0     0     0     0     0     0     0     0     0     0     0     0     0     0     0   ∑ =  1361
15:  1274     0     0     0     0     0     0     0     0     0     0     0     0     0     0     0     0     0     0     0   ∑ =  1274
16:  1255     0     0     0     0     0     0     0     0     0     0     0     0     0     0     0     0     0     0     0   ∑ =  1255
17:  1292     0     0     0     0     0     0     0     0     0     0     0     0     0     0     0     0     0     0     0   ∑ =  1292
18:  1325     0     0     0     0     0     0     0     0     0     0     0     0     0     0     0     0     0     0     0   ∑ =  1325
19:  1216     0     0     0     0     0     0     0     0     0     0     0     0     0     0     0     0     0     0     0   ∑ =  1216

Loading Data...
Training Model...

----- Results -----
Macro F1: 1.798
-----
Micro F1: 21.922
Precision: 21.922
Recall: 21.922

--- Details ---
Training data len: 440640 Testing data len: 48960
Training data class counts: 0: 95585, 1: 46158, 2: 45271, 3: 24355, 4: 21987, 5: 20811, 6: 19056, 7: 16318, 8: 15085, 9: 14381, 10: 14341, 11: 13706, 12: 12278, 13: 11553, 14: 11987, 15: 11891, 16: 11596, 17: 11456, 18: 11814, 19: 11011
Testing  data class counts: 0: 10733, 1: 5108, 2: 5103, 3: 2674, 4: 2417, 5: 2275, 6: 2047, 7: 1812, 8: 1740, 9: 1576, 10: 1585, 11: 1461, 12: 1421, 13: 1251, 14: 1358, 15: 1347, 16: 1328, 17: 1233, 18: 1316, 19: 1175

--- Matrix ---
 0: 10733     0     0     0     0     0     0     0     0     0     0     0     0     0     0     0     0     0     0     0   ∑ = 10733
 1:  5108     0     0     0     0     0     0     0     0     0     0     0     0     0     0     0     0     0     0     0   ∑ =  5108
 2:  5103     0     0     0     0     0     0     0     0     0     0     0     0     0     0     0     0     0     0     0   ∑ =  5103
 3:  2674     0     0     0     0     0     0     0     0     0     0     0     0     0     0     0     0     0     0     0   ∑ =  2674
 4:  2417     0     0     0     0     0     0     0     0     0     0     0     0     0     0     0     0     0     0     0   ∑ =  2417
 5:  2275     0     0     0     0     0     0     0     0     0     0     0     0     0     0     0     0     0     0     0   ∑ =  2275
 6:  2047     0     0     0     0     0     0     0     0     0     0     0     0     0     0     0     0     0     0     0   ∑ =  2047
 7:  1812     0     0     0     0     0     0     0     0     0     0     0     0     0     0     0     0     0     0     0   ∑ =  1812
 8:  1740     0     0     0     0     0     0     0     0     0     0     0     0     0     0     0     0     0     0     0   ∑ =  1740
 9:  1576     0     0     0     0     0     0     0     0     0     0     0     0     0     0     0     0     0     0     0   ∑ =  1576
10:  1585     0     0     0     0     0     0     0     0     0     0     0     0     0     0     0     0     0     0     0   ∑ =  1585
11:  1461     0     0     0     0     0     0     0     0     0     0     0     0     0     0     0     0     0     0     0   ∑ =  1461
12:  1421     0     0     0     0     0     0     0     0     0     0     0     0     0     0     0     0     0     0     0   ∑ =  1421
13:  1251     0     0     0     0     0     0     0     0     0     0     0     0     0     0     0     0     0     0     0   ∑ =  1251
14:  1358     0     0     0     0     0     0     0     0     0     0     0     0     0     0     0     0     0     0     0   ∑ =  1358
15:  1347     0     0     0     0     0     0     0     0     0     0     0     0     0     0     0     0     0     0     0   ∑ =  1347
16:  1328     0     0     0     0     0     0     0     0     0     0     0     0     0     0     0     0     0     0     0   ∑ =  1328
17:  1233     0     0     0     0     0     0     0     0     0     0     0     0     0     0     0     0     0     0     0   ∑ =  1233
18:  1316     0     0     0     0     0     0     0     0     0     0     0     0     0     0     0     0     0     0     0   ∑ =  1316
19:  1175     0     0     0     0     0     0     0     0     0     0     0     0     0     0     0     0     0     0     0   ∑ =  1175


----- Results for all folds -----
Macro F1: 1.784
-----
Micro F1: 21.715
Precision: 21.715
Recall: 21.715

--- Matrix ---
 0: 106318      0      0      0      0      0      0      0      0      0      0      0      0      0      0      0      0      0      0      0   ∑ = 106318
 1:  51266      0      0      0      0      0      0      0      0      0      0      0      0      0      0      0      0      0      0      0   ∑ =  51266
 2:  50374      0      0      0      0      0      0      0      0      0      0      0      0      0      0      0      0      0      0      0   ∑ =  50374
 3:  27029      0      0      0      0      0      0      0      0      0      0      0      0      0      0      0      0      0      0      0   ∑ =  27029
 4:  24404      0      0      0      0      0      0      0      0      0      0      0      0      0      0      0      0      0      0      0   ∑ =  24404
 5:  23086      0      0      0      0      0      0      0      0      0      0      0      0      0      0      0      0      0      0      0   ∑ =  23086
 6:  21103      0      0      0      0      0      0      0      0      0      0      0      0      0      0      0      0      0      0      0   ∑ =  21103
 7:  18130      0      0      0      0      0      0      0      0      0      0      0      0      0      0      0      0      0      0      0   ∑ =  18130
 8:  16825      0      0      0      0      0      0      0      0      0      0      0      0      0      0      0      0      0      0      0   ∑ =  16825
 9:  15957      0      0      0      0      0      0      0      0      0      0      0      0      0      0      0      0      0      0      0   ∑ =  15957
10:  15926      0      0      0      0      0      0      0      0      0      0      0      0      0      0      0      0      0      0      0   ∑ =  15926
11:  15167      0      0      0      0      0      0      0      0      0      0      0      0      0      0      0      0      0      0      0   ∑ =  15167
12:  13699      0      0      0      0      0      0      0      0      0      0      0      0      0      0      0      0      0      0      0   ∑ =  13699
13:  12804      0      0      0      0      0      0      0      0      0      0      0      0      0      0      0      0      0      0      0   ∑ =  12804
14:  13345      0      0      0      0      0      0      0      0      0      0      0      0      0      0      0      0      0      0      0   ∑ =  13345
15:  13238      0      0      0      0      0      0      0      0      0      0      0      0      0      0      0      0      0      0      0   ∑ =  13238
16:  12924      0      0      0      0      0      0      0      0      0      0      0      0      0      0      0      0      0      0      0   ∑ =  12924
17:  12689      0      0      0      0      0      0      0      0      0      0      0      0      0      0      0      0      0      0      0   ∑ =  12689
18:  13130      0      0      0      0      0      0      0      0      0      0      0      0      0      0      0      0      0      0      0   ∑ =  13130
19:  12186      0      0      0      0      0      0      0      0      0      0      0      0      0      0      0      0      0      0      0   ∑ =  12186

