Loading tweets...
Doing 10 cross folds...
Loading Data...
Training Model...

----- Results -----
Macro F1: 4.591
-----
Micro F1: 5.157
Precision: 5.157
Recall: 5.157

--- Details ---
Training data len: 440649 Testing data len: 48960
Training data class counts: 0: 95697, 1: 46190, 2: 45307, 3: 24287, 4: 21965, 5: 20805, 6: 19021, 7: 16325, 8: 15113, 9: 14311, 10: 14396, 11: 13535, 12: 12371, 13: 11514, 14: 12070, 15: 11887, 16: 11643, 17: 11435, 18: 11799, 19: 10978
Testing  data class counts: 0: 10622, 1: 5077, 2: 5067, 3: 2743, 4: 2439, 5: 2281, 6: 2082, 7: 1805, 8: 1712, 9: 1648, 10: 1530, 11: 1633, 12: 1328, 13: 1290, 14: 1276, 15: 1351, 16: 1281, 17: 1255, 18: 1331, 19: 1209

--- Matrix ---
 0: 558 550 506 528 524 479 514 547 511 516 513 533 526 574 500 529 581 535 540 558   ∑ = 10622
 1: 262 256 219 259 228 241 279 259 240 245 260 291 278 273 270 238 258 230 225 266   ∑ =  5077
 2: 240 296 270 249 280 265 267 228 265 244 239 245 240 253 256 243 246 262 261 218   ∑ =  5067
 3: 141 153 150 126 157 113 151 141 127 116 122 150 132 155 138 130 141 122 142 136   ∑ =  2743
 4: 115 132 109 139 121 119 121 120 130 119 132 115 110 123 125 103 138 113 121 134   ∑ =  2439
 5: 104 119 130 111 118 113 110 103 112 124 119  89 105 133 116 111 132 114 113 105   ∑ =  2281
 6: 101 106 102 121 106 119 107  93 101  83  91 108 118 119 111  96 102 107  91 100   ∑ =  2082
 7:  87  91  93  77  84  89  96  90 101  82 101  84  89  84  89  82 102 105  80  99   ∑ =  1805
 8:  70  78  88  85  76  78  95  97  87  85  73  76  97  83  95  83  77  99 103  87   ∑ =  1712
 9:  96  73  96  93  60  88  66  92  92  97  77  88  75  83  81  70  73  87  88  73   ∑ =  1648
10:  76  85  60  80  92  65  88  67  75  74  86  76  73  85  72  77  75  73  67  84   ∑ =  1530
11:  81  91  83  93  73  77  80  72  93  95  63  77  78  77  92  80  75  86  78  89   ∑ =  1633
12:  61  61  66  68  71  62  68  69  53  78  64  68  73  62  63  71  72  54  71  73   ∑ =  1328
13:  65  63  64  56  67  68  58  56  74  57  64  58  65  66  70  77  68  59  75  60   ∑ =  1290
14:  72  57  54  48  60  54  77  74  63  67  66  60  57  64  80  69  60  71  66  57   ∑ =  1276
15:  61  72  67  71  69  76  68  74  59  74  68  53  63  63  68  74  65  69  67  70   ∑ =  1351
16:  64  57  65  76  66  60  53  59  66  52  65  69  50  71  67  65  70  70  69  67   ∑ =  1281
17:  58  65  62  46  66  66  76  79  68  54  62  62  66  66  56  62  67  58  55  61   ∑ =  1255
18:  62  60  69  60  71  72  55  72  64  68  69  57  60  72  78  78  61  69  66  68   ∑ =  1331
19:  58  59  46  62  45  61  74  50  67  67  71  69  58  53  59  64  71  62  63  50   ∑ =  1209

Loading Data...
Training Model...

----- Results -----
Macro F1: 4.503
-----
Micro F1: 5.01
Precision: 5.01
Recall: 5.01

--- Details ---
Training data len: 440649 Testing data len: 48960
Training data class counts: 0: 95596, 1: 46111, 2: 45285, 3: 24354, 4: 22010, 5: 20755, 6: 19033, 7: 16305, 8: 15123, 9: 14453, 10: 14326, 11: 13677, 12: 12323, 13: 11513, 14: 12043, 15: 11918, 16: 11636, 17: 11411, 18: 11833, 19: 10944
Testing  data class counts: 0: 10723, 1: 5156, 2: 5089, 3: 2676, 4: 2394, 5: 2331, 6: 2070, 7: 1825, 8: 1702, 9: 1506, 10: 1600, 11: 1491, 12: 1376, 13: 1291, 14: 1303, 15: 1320, 16: 1288, 17: 1279, 18: 1297, 19: 1243

--- Matrix ---
 0: 532 557 523 525 530 516 505 528 509 583 565 519 581 535 548 529 508 505 560 565   ∑ = 10723
 1: 266 223 241 278 267 264 244 244 272 260 270 276 241 274 240 279 262 240 252 263   ∑ =  5156
 2: 263 275 251 258 292 256 258 246 244 247 242 230 255 242 241 257 262 264 256 250   ∑ =  5089
 3: 138 136 121 138 157 115 130 118 145 127 133 135 155 136 143 128 131 127 140 123   ∑ =  2676
 4: 105 124 130 122 133 118 127 121 124 121 115 123 104 114 108 112 124 110 128 131   ∑ =  2394
 5: 112 108 117 123  96 131 113 117 113 119 114 113 110 113 110 123 142 116 119 122   ∑ =  2331
 6:  96  89 118 110 104 103  92 117  99 119  94  88 109  96 115 101  98  97 110 115   ∑ =  2070
 7:  86 104  82  95  76  94  77  88  88  97  82  89  99  95 106  89 109  99  78  92   ∑ =  1825
 8:  97  73  93  95  82  85  72  82  89  93  97  88  70  96  90  87  85  65  71  92   ∑ =  1702
 9:  62  65  65  79  70  80  72  88  71  73  76  69  72  76  71  79  91  77  81  89   ∑ =  1506
10:  71  77  87  85  72  80  91  70  62  75  87  91  92  88  71  78  87  69  85  82   ∑ =  1600
11:  84  57  85  67  68  74  74  64  73  74  73  80  89  72  72  78  68  77  72  90   ∑ =  1491
12:  72  64  66  81  72  76  66  70  69  68  70  61  79  72  69  71  71  65  63  51   ∑ =  1376
13:  61  50  60  56  63  67  69  68  78  75  63  71  60  57  69  64  62  65  63  70   ∑ =  1291
14:  79  68  61  51  65  65  66  71  77  63  62  74  63  46  73  60  64  70  67  58   ∑ =  1303
15:  69  71  64  71  57  60  73  72  71  72  73  73  60  63  66  57  56  71  68  53   ∑ =  1320
16:  48  69  64  68  58  62  51  82  58  71  70  62  59  76  73  68  73  58  63  55   ∑ =  1288
17:  51  54  70  80  60  75  63  69  54  64  58  67  64  65  72  54  57  64  73  65   ∑ =  1279
18:  58  73  66  71  66  72  68  66  61  67  66  65  83  65  51  62  60  50  63  64   ∑ =  1297
19:  54  49  60  59  54  59  65  63  70  69  59  62  70  56  61  64  68  65  66  70   ∑ =  1243

Loading Data...
Training Model...

----- Results -----
Macro F1: 4.48
-----
Micro F1: 4.996
Precision: 4.996
Recall: 4.996

--- Details ---
Training data len: 440649 Testing data len: 48960
Training data class counts: 0: 95850, 1: 46137, 2: 45320, 3: 24396, 4: 21864, 5: 20792, 6: 19026, 7: 16334, 8: 15136, 9: 14355, 10: 14365, 11: 13702, 12: 12315, 13: 11494, 14: 12008, 15: 11924, 16: 11589, 17: 11393, 18: 11740, 19: 10909
Testing  data class counts: 0: 10469, 1: 5130, 2: 5054, 3: 2634, 4: 2540, 5: 2294, 6: 2077, 7: 1796, 8: 1689, 9: 1604, 10: 1561, 11: 1466, 12: 1384, 13: 1310, 14: 1338, 15: 1314, 16: 1335, 17: 1297, 18: 1390, 19: 1278

--- Matrix ---
 0: 526 501 532 519 564 519 532 541 526 543 498 520 523 532 522 525 505 505 500 536   ∑ = 10469
 1: 255 240 240 257 263 261 230 249 287 276 258 255 253 251 256 267 286 247 242 257   ∑ =  5130
 2: 260 271 247 234 251 231 268 255 257 245 238 281 256 228 239 215 279 272 279 248   ∑ =  5054
 3: 126 139 143 119 111 113 132 142 136 127 135 147 130 141 112 127 137 148 144 125   ∑ =  2634
 4: 131 112 117 149 121 138 123 134 137 134 134 111 129 119 125 120 107 148 129 122   ∑ =  2540
 5: 103 116 137  98 118 132 129 142 112 119 105 107 121 123 112 100  88 116 113 103   ∑ =  2294
 6: 104  97  96 124  99 109 114 102 110 109  92  98  91 109 117  98 106  89 112 101   ∑ =  2077
 7:  93  87 104  91  89  97  83  92  84  78  82  90  88  95  86  94  83  81  96 103   ∑ =  1796
 8:  88  82  97  81  72  80  73  89  91  87  94  89  88  79  88  82  87  79  77  86   ∑ =  1689
 9:  71  81  76  80  82  85  82  83  84  86  83  86  85  67  86  87  74  63  80  83   ∑ =  1604
10:  69  79  68  70  77  76  90  85  86  68  74  71  83  80  94  87  74  85  73  72   ∑ =  1561
11:  76  86  70  55  65  71  78  78  73  71  86  77  66  75  81  76  66  79  61  76   ∑ =  1466
12:  64  59  62  65  73  71  66  70  58  69  82  80  93  71  67  74  73  58  54  75   ∑ =  1384
13:  67  61  63  75  69  68  74  68  59  77  64  45  67  70  70  68  60  62  59  64   ∑ =  1310
14:  64  64  56  83  61  75  59  59  70  73  66  64  77  60  66  59  70  79  70  63   ∑ =  1338
15:  69  67  57  55  82  57  74  54  58  67  57  71  64  85  63  60  68  71  59  76   ∑ =  1314
16:  67  69  65  63  75  76  57  71  51  72  69  62  64  69  66  62  68  77  71  61   ∑ =  1335
17:  69  78  69  49  73  68  72  59  55  58  56  71  69  83  58  65  61  49  65  70   ∑ =  1297
18:  64  66  57  70  75  76  46  86  74  76  65  71  69  67  64  80  74  68  71  71   ∑ =  1390
19:  60  64  65  58  66  63  64  63  80  60  61  57  76  68  60  77  70  56  60  50   ∑ =  1278

Loading Data...
Training Model...

----- Results -----
Macro F1: 4.47
-----
Micro F1: 5.022
Precision: 5.022
Recall: 5.022

--- Details ---
Training data len: 440649 Testing data len: 48960
Training data class counts: 0: 95689, 1: 46073, 2: 45383, 3: 24353, 4: 22044, 5: 20730, 6: 18965, 7: 16380, 8: 15160, 9: 14308, 10: 14359, 11: 13600, 12: 12334, 13: 11503, 14: 11965, 15: 11924, 16: 11616, 17: 11424, 18: 11839, 19: 11000
Testing  data class counts: 0: 10630, 1: 5194, 2: 4991, 3: 2677, 4: 2360, 5: 2356, 6: 2138, 7: 1750, 8: 1665, 9: 1651, 10: 1567, 11: 1568, 12: 1365, 13: 1301, 14: 1381, 15: 1314, 16: 1308, 17: 1266, 18: 1291, 19: 1187

--- Matrix ---
 0: 541 530 493 550 550 514 494 530 543 519 512 553 513 501 594 523 538 533 560 539   ∑ = 10630
 1: 242 277 259 262 254 253 262 244 273 250 264 242 267 255 264 277 255 267 254 273   ∑ =  5194
 2: 261 263 234 267 246 219 236 251 258 235 244 289 235 239 245 257 249 269 246 248   ∑ =  4991
 3: 145 134 145 132 141 137 150 139 116 127 122 132 137 131 135 131 127 139 132 125   ∑ =  2677
 4: 129 129 110 110 123 135 113 104 114 123 112 124 117 129 136  95 122 113 115 107   ∑ =  2360
 5:  99 114 120 128 142 119 118 107 129 122 118 112 130 118 132 104 102 122 111 109   ∑ =  2356
 6: 105 115  90 107 108  89  94  94 106 111 117 114 104 103 119 114 106 100 121 121   ∑ =  2138
 7:  78  88  85  83  92  88  92  79  94  76  87  77  99  80  89  87  96  99  87  94   ∑ =  1750
 8:  88  97  86  75  69  93  88  85  89  85  85  90  84  86  79  79  68  78  79  82   ∑ =  1665
 9:  95  79  89  82  79  84  74  69  82  85  82  71  81  86  81 107  94  90  74  67   ∑ =  1651
10:  85  77  76  82  85  90  59  81  79  65  81  66  80  77  87  64  68  91  89  85   ∑ =  1567
11:  83  81  81  89  90  82  72  80  66  85  80  76  76  83  70  89  71  65  78  71   ∑ =  1568
12:  59  64  53  69  77  59  68  69  74  63  79  78  60  80  72  70  77  67  63  64   ∑ =  1365
13:  45  79  75  50  55  71  64  67  65  85  60  64  63  67  71  69  57  62  66  66   ∑ =  1301
14:  78  64  64  60  55  71  57  73  87  75  63  78  74  63  67  77  70  55  74  76   ∑ =  1381
15:  58  63  62  78  70  55  56  65  63  79  61  72  64  58  81  75  72  54  64  64   ∑ =  1314
16:  71  78  77  41  58  64  68  60  56  58  59  61  66  76  59  69  76  74  68  69   ∑ =  1308
17:  63  63  65  62  72  53  67  54  67  65  62  65  74  65  59  60  61  56  58  75   ∑ =  1266
18:  74  54  67  64  78  61  65  70  58  67  42  59  76  73  59  78  49  66  70  61   ∑ =  1291
19:  61  63  51  63  62  68  60  59  54  57  59  53  55  71  58  77  49  53  56  58   ∑ =  1187

Loading Data...
Training Model...

----- Results -----
Macro F1: 4.421
-----
Micro F1: 4.908
Precision: 4.908
Recall: 4.908

--- Details ---
Training data len: 440649 Testing data len: 48960
Training data class counts: 0: 95648, 1: 46077, 2: 45453, 3: 24278, 4: 21956, 5: 20740, 6: 19006, 7: 16303, 8: 15178, 9: 14415, 10: 14348, 11: 13643, 12: 12359, 13: 11544, 14: 11964, 15: 11928, 16: 11659, 17: 11441, 18: 11788, 19: 10921
Testing  data class counts: 0: 10671, 1: 5190, 2: 4921, 3: 2752, 4: 2448, 5: 2346, 6: 2097, 7: 1827, 8: 1647, 9: 1544, 10: 1578, 11: 1525, 12: 1340, 13: 1260, 14: 1382, 15: 1310, 16: 1265, 17: 1249, 18: 1342, 19: 1266

--- Matrix ---
 0: 506 527 537 561 531 554 563 556 534 544 505 550 521 550 541 497 515 497 574 508   ∑ = 10671
 1: 264 247 254 212 238 257 237 280 252 265 263 256 279 267 228 287 254 253 306 291   ∑ =  5190
 2: 234 235 233 236 231 241 267 245 237 256 257 264 268 264 246 238 244 237 234 254   ∑ =  4921
 3: 143 127 146 140 152 142 144 139 115 129 121 141 146 132 125 144 134 137 143 152   ∑ =  2752
 4: 124 109 114 128 124 134 124 120 114 119 125 109 132 110 140 144 115 119 121 123   ∑ =  2448
 5: 108 103 120 106 110 115 145 130 130 128 138 120 118 101 107 109 122  99 117 120   ∑ =  2346
 6: 101 109 105 103 103 114  96  90 118  88 100  97 103 125 117 102 120 110  95 101   ∑ =  2097
 7: 100 100  95  90  75 100  61  98 112 103  89  77  99  91  87  77  94  97  83  99   ∑ =  1827
 8:  82  82  76  90  94  85  90  82  84  88  80  85  79  77  77  76  74  85  67  94   ∑ =  1647
 9:  81  82  70  56  75  69  71  78  79  67  84  83  83  89  76  82  85  85  67  82   ∑ =  1544
10:  64  83  68  92  79  68  82  77  97  77  70  77  76  76  96  74  73  83  80  86   ∑ =  1578
11: 104  84  70  69  78  70  74  64  65  68  66  86  80  85  63  76  80  81  84  78   ∑ =  1525
12:  65  53  67  66  61  80  54  71  60  61  66  69  70  70  77  78  82  56  67  67   ∑ =  1340
13:  64  65  60  69  62  72  60  50  70  62  64  61  72  65  65  53  63  53  71  59   ∑ =  1260
14:  61  73  77  57  73  59  82  61  70  72  73  68  84  68  75  77  54  58  66  74   ∑ =  1382
15:  72  58  60  52  76  73  54  65  84  65  72  77  61  58  59  68  61  63  71  61   ∑ =  1310
16:  65  58  63  80  54  56  60  73  59  63  63  63  70  64  62  67  54  69  60  62   ∑ =  1265
17:  85  73  68  71  57  69  66  64  58  66  69  52  52  55  63  56  59  59  61  46   ∑ =  1249
18:  61  75  71  62  64  69  76  89  62  80  65  69  67  58  53  72  59  53  71  66   ∑ =  1342
19:  62  60  65  61  87  73  63  65  68  55  53  62  44  60  60  65  62  59  67  75   ∑ =  1266

Loading Data...
Training Model...

----- Results -----
Macro F1: 4.471
-----
Micro F1: 5.006
Precision: 5.006
Recall: 5.006

--- Details ---
Training data len: 440649 Testing data len: 48960
Training data class counts: 0: 95704, 1: 46228, 2: 45324, 3: 24381, 4: 21925, 5: 20792, 6: 18912, 7: 16245, 8: 15108, 9: 14357, 10: 14321, 11: 13684, 12: 12290, 13: 11557, 14: 12033, 15: 11869, 16: 11665, 17: 11361, 18: 11871, 19: 11022
Testing  data class counts: 0: 10615, 1: 5039, 2: 5050, 3: 2649, 4: 2479, 5: 2294, 6: 2191, 7: 1885, 8: 1717, 9: 1602, 10: 1605, 11: 1484, 12: 1409, 13: 1247, 14: 1313, 15: 1369, 16: 1259, 17: 1329, 18: 1259, 19: 1165

--- Matrix ---
 0: 515 503 546 536 517 521 571 521 507 499 543 562 544 531 480 544 535 541 539 560   ∑ = 10615
 1: 236 260 267 282 251 259 245 245 231 246 245 244 252 277 261 259 240 262 223 254   ∑ =  5039
 2: 244 266 250 253 269 264 231 271 239 240 240 261 229 271 271 215 257 258 257 264   ∑ =  5050
 3: 143 119 133 142 123 127 130 140 119 128 126 135 113 147 135 120 129 154 153 133   ∑ =  2649
 4: 114 127 114 116 139 106 111 140 130 137 128 128 115 101 136 129 116 128 138 126   ∑ =  2479
 5:  93  98 119 118 118 114 124 104 130 132  99 100 139 119 108 114 110 128 128  99   ∑ =  2294
 6: 124 115 101 105 110  89 109 115  94  86  99 120 124 116 109 113 126 121 105 110   ∑ =  2191
 7:  99  85 115  96  77  84  88  95  97  97  99  83  87  88  90  98  99 105 104  99   ∑ =  1885
 8:  93  92  73  96  91  97  70  95  85  78  82  89  70  79  80  82 105  89  76  95   ∑ =  1717
 9:  77  90  83  76  90  79  70  72  74  97  75  66  84  94  83  71  77  89  83  72   ∑ =  1602
10:  86  84  81  92  89  93  77  79  65  90  86  69  78  84  68  68  75  69  87  85   ∑ =  1605
11:  68  76  80  70  60  76  65  69  88  89  86  68  75  79  63  75  72  85  69  71   ∑ =  1484
12:  80  74  77  74  83  61  75  66  73  58  74  81  85  61  60  63  56  77  67  64   ∑ =  1409
13:  58  68  64  60  57  71  62  57  56  56  64  53  67  51  69  69  63  61  67  74   ∑ =  1247
14:  65  66  71  72  57  78  69  60  64  53  64  57  70  68  73  66  61  74  64  61   ∑ =  1313
15:  63  70  70  59  64  66  75  69  69  72  72  68  74  74  70  60  75  64  55  80   ∑ =  1369
16:  63  66  67  54  62  66  68  71  67  54  52  67  48  64  80  56  63  60  68  63   ∑ =  1259
17:  60  68  68  60  63  75  72  72  67  56  63  77  70  62  77  63  69  43  79  65   ∑ =  1329
18:  55  62  56  68  51  62  63  70  53  69  78  82  62  61  67  53  46  73  67  61   ∑ =  1259
19:  60  68  55  52  65  56  54  64  55  57  71  51  71  57  63  54  52  55  56  49   ∑ =  1165

Loading Data...
Training Model...

----- Results -----
Macro F1: 4.507
-----
Micro F1: 4.984
Precision: 4.984
Recall: 4.984

--- Details ---
Training data len: 440649 Testing data len: 48960
Training data class counts: 0: 95784, 1: 46205, 2: 45428, 3: 24331, 4: 21903, 5: 20788, 6: 18938, 7: 16268, 8: 15194, 9: 14376, 10: 14265, 11: 13691, 12: 12331, 13: 11524, 14: 11960, 15: 11892, 16: 11578, 17: 11422, 18: 11802, 19: 10969
Testing  data class counts: 0: 10535, 1: 5062, 2: 4946, 3: 2699, 4: 2501, 5: 2298, 6: 2165, 7: 1862, 8: 1631, 9: 1583, 10: 1661, 11: 1477, 12: 1368, 13: 1280, 14: 1386, 15: 1346, 16: 1346, 17: 1268, 18: 1328, 19: 1218

--- Matrix ---
 0: 507 510 514 545 540 499 565 531 486 542 550 495 528 572 523 527 543 533 511 514   ∑ = 10535
 1: 282 222 244 238 238 251 235 239 256 242 301 278 252 266 233 271 260 239 286 229   ∑ =  5062
 2: 242 220 264 261 234 254 255 241 256 221 241 261 283 239 234 233 259 244 248 256   ∑ =  4946
 3: 113 163 138 130 128 135 146 145 124 135 144 120 132 114 136 144 130 145 133 144   ∑ =  2699
 4: 124 100 126 131 128 133 110 131 129 118 127 121 112 138 130 117 133 159  99 135   ∑ =  2501
 5: 100  84 112 108 107 116 132 123 116 117 115 109 120 114 118 124 112 122 133 116   ∑ =  2298
 6: 100 119 115 113 102  98 108 109 105 111 108 105 128 116 100 113 101 109 105 100   ∑ =  2165
 7:  87  98  92 105  91 111  99  79  88  83  88  93  92  90  96  75  92 114 102  87   ∑ =  1862
 8: 100  73  86  73  72  86  87  80  95  71  86  71  82  78  78  89  84  85  77  78   ∑ =  1631
 9:  85  66  78  84  79  68  86  82  76  77  79  69  74  72  82  81  73 104  84  84   ∑ =  1583
10:  99  72  70  72  68  93  85  95  85  75  94  90  88  82  91  93  80  81  72  76   ∑ =  1661
11:  82  66  72  84  81  65  82  63  75  66  74  69  73  82  67  72  79  68  75  82   ∑ =  1477
12:  65  71  80  72  71  50  75  64  65  78  60  59  72  76  84  67  68  57  66  68   ∑ =  1368
13:  59  71  67  61  53  64  74  72  74  68  72  62  59  68  67  53  55  61  65  55   ∑ =  1280
14:  83  70  67  76  67  70  64  63  64  71  78  63  65  69  70  79  60  65  61  81   ∑ =  1386
15:  66  63  71  71  59  71  63  68  72  85  65  71  61  79  63  65  61  75  62  55   ∑ =  1346
16:  58  71  71  71  74  54  81  64  69  70  79  53  63  67  59  66  64  71  71  70   ∑ =  1346
17:  63  61  66  54  68  56  64  70  76  69  64  73  62  67  52  55  67  67  55  59   ∑ =  1268
18:  66  61  51  61  59  83  70  44  71  62  77  85  68  65  72  74  72  48  73  66   ∑ =  1328
19:  57  69  61  52  62  61  60  57  69  50  66  66  66  54  72  63  53  53  55  72   ∑ =  1218

Loading Data...
Training Model...

----- Results -----
Macro F1: 4.519
-----
Micro F1: 5.012
Precision: 5.012
Recall: 5.012

--- Details ---
Training data len: 440649 Testing data len: 48960
Training data class counts: 0: 95570, 1: 46121, 2: 45215, 3: 24306, 4: 22003, 5: 20722, 6: 19023, 7: 16354, 8: 15147, 9: 14319, 10: 14323, 11: 13664, 12: 12333, 13: 11534, 14: 12099, 15: 11945, 16: 11665, 17: 11469, 18: 11879, 19: 10958
Testing  data class counts: 0: 10749, 1: 5146, 2: 5159, 3: 2724, 4: 2401, 5: 2364, 6: 2080, 7: 1776, 8: 1678, 9: 1640, 10: 1603, 11: 1504, 12: 1366, 13: 1270, 14: 1247, 15: 1293, 16: 1259, 17: 1221, 18: 1251, 19: 1229

--- Matrix ---
 0: 492 521 566 560 563 521 536 541 481 538 528 587 492 571 547 549 559 510 552 535   ∑ = 10749
 1: 237 248 244 276 275 260 263 283 255 275 251 248 256 250 267 260 281 227 263 227   ∑ =  5146
 2: 265 260 265 259 287 264 244 272 242 292 283 251 242 248 245 229 255 269 243 244   ∑ =  5159
 3: 135 141 137 152 123 144 123 137 144 140 140 143 128 127 141 111 153 134 133 138   ∑ =  2724
 4: 128 108 125 124 116 135 126 127 118 122 126 129 105 113 115 111 112 127 104 130   ∑ =  2401
 5:  85 109 109 128 123 133 140  92 127 117 134 110 124 106 111 151 123 119 109 114   ∑ =  2364
 6:  88 111  95 126  90 101 100 103 120 114 109 101 115 111 100 103  87 104 103  99   ∑ =  2080
 7:  91  91  99  85  85 109  82 105  95  58  98  80  86  80  99  87  79  90  95  82   ∑ =  1776
 8:  90  90  87  76  90  78  68  71  93  77  78  88 102  77  75  82  84  87  98  87   ∑ =  1678
 9:  80  81  86  79  70  74  66  77  86  90  80  68  83 106  85  84  92  88  83  82   ∑ =  1640
10:  97  69  80  81  71 101  90  84  86  89  73  75  77  70  70  69  50  90  93  88   ∑ =  1603
11:  88  69  89  79  80  78  70  78  87  64  77  74  72  73  69  72  70  69  74  72   ∑ =  1504
12:  67  59  69  72  64  75  66  52  66  67  76  62  75  66  84  69  80  70  76  51   ∑ =  1366
13:  65  81  64  50  64  58  61  74  58  43  61  72  75  73  63  63  63  66  55  61   ∑ =  1270
14:  75  76  70  67  64  51  65  73  51  65  67  55  57  53  48  67  72  54  64  53   ∑ =  1247
15:  48  62  64  62  71  83  72  66  59  63  63  60  77  55  65  59  67  78  62  57   ∑ =  1293
16:  63  63  59  45  62  68  61  51  61  78  64  55  55  63  86  68  67  61  71  58   ∑ =  1259
17:  63  55  58  52  51  55  69  58  61  60  68  59  58  66  65  67  56  62  66  72   ∑ =  1221
18:  72  65  64  67  60  56  45  59  63  57  62  66  59  60  72  57  66  61  61  79   ∑ =  1251
19:  80  66  59  50  63  51  63  51  56  65  49  64  63  55  71  74  56  63  62  68   ∑ =  1229

Loading Data...
Training Model...

----- Results -----
Macro F1: 4.365
-----
Micro F1: 4.888
Precision: 4.888
Recall: 4.888

--- Details ---
Training data len: 440649 Testing data len: 48960
Training data class counts: 0: 95748, 1: 46103, 2: 45380, 3: 24229, 4: 21979, 5: 20839, 6: 18947, 7: 16338, 8: 15181, 9: 14356, 10: 14290, 11: 13610, 12: 12357, 13: 11500, 14: 11985, 15: 11964, 16: 11669, 17: 11398, 18: 11805, 19: 10971
Testing  data class counts: 0: 10571, 1: 5164, 2: 4994, 3: 2801, 4: 2425, 5: 2247, 6: 2156, 7: 1792, 8: 1644, 9: 1603, 10: 1636, 11: 1558, 12: 1342, 13: 1304, 14: 1361, 15: 1274, 16: 1255, 17: 1292, 18: 1325, 19: 1216

--- Matrix ---
 0: 514 522 546 527 558 561 563 485 543 496 528 493 526 531 532 525 557 528 503 533   ∑ = 10571
 1: 234 231 234 270 273 249 249 275 268 268 237 290 266 258 285 250 273 244 259 251   ∑ =  5164
 2: 255 260 256 245 265 259 245 273 253 241 248 238 209 268 249 258 256 245 229 242   ∑ =  4994
 3: 147 120 137 142 157 136 138 133 134 141 153 129 140 137 141 164 135 140 124 153   ∑ =  2801
 4: 100 126 131 128 112 123 131 131 119 107 103 125 117 123 113 109 149 126 128 124   ∑ =  2425
 5: 111 109 115 105 111 109 118 112 115 104 107 119 102 110 108 120 113 119 106 134   ∑ =  2247
 6: 109 108 103 105 119 109 121 113  98  98 125 105  92 108 104 117 122 116  87  97   ∑ =  2156
 7:  78  88  83  79  85  89  89  92  91  91  96  81  92  87  97  93  99  79  99 104   ∑ =  1792
 8:  82  96  78  80  87  71  69  88  74  84  83  90  74  88  94  78  80  76  92  80   ∑ =  1644
 9:  66  74  81  76  74  75  86  86  73  86  82  72  98  79  80  84  76  97  95  63   ∑ =  1603
10:  77  79  90  97  74  89  78  78  83  71  85  76  78  75  83  68  83 104  82  86   ∑ =  1636
11:  61  66  77  77  87  84  91  80  79  89  70  84  81  74  60  90  66  83  74  85   ∑ =  1558
12:  78  59  64  73  69  75  70  61  73  56  69  75  61  70  74  58  56  71  75  55   ∑ =  1342
13:  71  65  60  67  76  61  57  72  59  70  68  63  68  59  85  55  66  64  48  70   ∑ =  1304
14:  79  84  62  56  67  57  69  55  70  84  64  66  75  68  61  69  67  61  77  70   ∑ =  1361
15:  55  62  74  56  49  73  69  53  56  45  71  65  71  58  69  61  87  66  59  75   ∑ =  1274
16:  65  78  52  63  53  68  60  56  61  60  53  55  69  76  80  48  58  67  64  69   ∑ =  1255
17:  62  78  54  83  55  56  60  62  69  69  62  63  61  57  73  74  71  66  58  59   ∑ =  1292
18:  77  61  67  64  62  62  76  78  81  63  70  76  68  51  60  62  57  67  71  52   ∑ =  1325
19:  66  57  61  67  46  70  52  63  60  61  68  58  70  65  59  68  52  66  57  50   ∑ =  1216

Loading Data...
Training Model...

----- Results -----
Macro F1: 4.578
-----
Micro F1: 5.151
Precision: 5.151
Recall: 5.151

--- Details ---
Training data len: 440640 Testing data len: 48960
Training data class counts: 0: 95585, 1: 46158, 2: 45271, 3: 24355, 4: 21987, 5: 20811, 6: 19056, 7: 16318, 8: 15085, 9: 14381, 10: 14341, 11: 13706, 12: 12278, 13: 11553, 14: 11987, 15: 11891, 16: 11596, 17: 11456, 18: 11814, 19: 11011
Testing  data class counts: 0: 10733, 1: 5108, 2: 5103, 3: 2674, 4: 2417, 5: 2275, 6: 2047, 7: 1812, 8: 1740, 9: 1576, 10: 1585, 11: 1461, 12: 1421, 13: 1251, 14: 1358, 15: 1347, 16: 1328, 17: 1233, 18: 1316, 19: 1175

--- Matrix ---
 0: 535 537 594 560 551 487 567 530 553 517 534 498 593 532 505 538 510 512 546 534   ∑ = 10733
 1: 230 275 246 271 253 242 261 272 224 278 237 257 262 264 250 264 257 251 231 283   ∑ =  5108
 2: 246 274 277 247 260 248 235 270 258 266 238 241 255 269 247 257 259 250 238 268   ∑ =  5103
 3: 138 144 133 166 136 118 137 127 131 157 144 134 124 129 129 108 130 108 131 150   ∑ =  2674
 4: 131 130 118 115 118 140 139 120 106 122 121 129 117 100 124 140 112 112 121 102   ∑ =  2417
 5: 104 101 119 110 114 116 117 125 113 119 111 110 124 116 112 129 119 108  92 116   ∑ =  2275
 6: 102 111 101  96 115  91  91 102 105  96  90  95  98 101 123 106 112  87 113 112   ∑ =  2047
 7:  92  91  89  99  82  85 104  92  77  91  95  76  85  89  99  97  89  97  98  85   ∑ =  1812
 8: 100  76  94  94  90  81  77  89  70  80  87  84  81  97 113  85  98  87  89  68   ∑ =  1740
 9:  96  84  71  80  70  69  73  89  81  89  77  66  71  91  70  87  71  75  85  81   ∑ =  1576
10:  73  68  73  70  77  78  93  85  77  83  90  77  82  91  65  86  96  76  80  65   ∑ =  1585
11:  66  81  64  69  83  64  66  74  63  76  66  71  80  85  87  75  78  81  63  69   ∑ =  1461
12:  64  72  81  73  62  81  89  69  82  64  76  63  61  79  57  73  63  80  65  67   ∑ =  1421
13:  68  57  59  56  48  55  66  60  68  70  63  56  61  68  65  58  63  70  71  69   ∑ =  1251
14:  80  53  69  51  60  63  61  73  69  69  83  89  72  78  70  78  53  61  58  68   ∑ =  1358
15:  68  66  57  64  72  61  63  83  66  64  60  74  59  65  71  74  65  78  74  63   ∑ =  1347
16:  54  67  63  70  74  65  67  61  76  70  59  71  68  73  65  66  72  55  56  76   ∑ =  1328
17:  63  68  65  57  77  66  57  69  71  55  53  61  68  44  56  57  64  65  58  59   ∑ =  1233
18:  53  66  62  75  72  72  65  58  67  56  84  78  69  57  74  66  66  53  59  64   ∑ =  1316
19:  59  53  57  52  67  68  58  52  63  55  60  61  69  51  53  58  50  61  65  63   ∑ =  1175


----- Results for all folds -----
Macro F1: 4.491
-----
Micro F1: 5.013
Precision: 5.013
Recall: 5.013

--- Matrix ---
 0: 5226 5258 5357 5411 5428 5171 5410 5310 5193 5297 5276 5310 5347 5429 5292 5286 5351 5199 5385 5382   ∑ = 106318
 1: 2508 2479 2448 2605 2540 2537 2505 2590 2558 2605 2586 2637 2606 2635 2554 2652 2626 2460 2541 2594   ∑ =  51266
 2: 2510 2620 2547 2509 2615 2501 2506 2552 2509 2487 2470 2561 2472 2521 2473 2402 2566 2570 2491 2492   ∑ =  50374
 3: 1369 1376 1383 1387 1385 1280 1381 1361 1291 1327 1340 1366 1337 1349 1335 1307 1347 1354 1375 1379   ∑ =  27029
 4: 1201 1197 1194 1262 1235 1281 1225 1248 1221 1222 1223 1214 1158 1170 1252 1180 1228 1255 1204 1234   ∑ =  24404
 5: 1019 1061 1198 1135 1157 1198 1246 1155 1197 1201 1160 1089 1193 1153 1134 1185 1163 1163 1141 1138   ∑ =  23086
 6: 1030 1080 1026 1110 1056 1022 1032 1038 1056 1015 1025 1031 1082 1104 1115 1063 1080 1040 1042 1056   ∑ =  21103
 7:  891  923  937  900  836  946  871  910  927  856  917  830  916  879  938  879  942  966  922  944   ∑ =  18130
 8:  890  839  858  845  823  834  789  858  857  828  845  850  827  840  869  823  842  830  829  849   ∑ =  16825
 9:  809  775  795  785  749  771  746  816  798  847  795  738  806  843  795  832  806  855  820  776   ∑ =  15957
10:  797  773  753  821  784  833  833  801  795  767  826  768  807  808  797  764  761  821  808  809   ∑ =  15926
11:  793  757  771  752  765  741  752  722  762  777  741  762  770  785  724  783  725  774  728  783   ∑ =  15167
12:  675  636  685  713  703  690  697  661  673  662  716  696  729  707  707  694  698  655  667  635   ∑ =  13699
13:  623  660  636  600  614  655  645  644  661  663  643  605  657  644  694  629  620  623  640  648   ∑ =  12804
14:  736  675  651  621  629  643  669  662  685  692  686  674  694  637  683  701  631  648  667  661   ∑ =  13345
15:  629  654  646  639  669  675  667  669  657  686  662  684  654  658  675  653  677  689  641  654   ∑ =  13238
16:  618  676  646  631  636  639  626  648  624  648  633  618  612  699  697  635  665  662  661  650   ∑ =  12924
17:  637  663  645  614  642  639  666  656  646  616  617  650  644  630  631  613  632  589  628  631   ∑ =  12689
18:  642  643  630  662  658  685  629  692  654  665  678  708  681  629  650  682  610  608  672  652   ∑ =  13130
19:  617  608  580  576  617  630  613  587  642  596  617  603  642  590  616  664  583  593  607  605   ∑ =  12186

